                                      1 ;--------------------------------------------------------
                                      2 ; File Created by SDCC : free open source ANSI-C Compiler
                                      3 ; Version 3.4.0 #8981 (Apr  5 2014) (Mac OS X i386)
                                      4 ; This file was generated Sun Jul  5 09:25:28 2015
                                      5 ;--------------------------------------------------------
                                      6 	.module gattservapp
                                      7 	.optsdcc -mmcs51 --model-large
                                      8 	
                                      9 ;--------------------------------------------------------
                                     10 ; Public variables in this module
                                     11 ;--------------------------------------------------------
                                     12 	.globl _osal_set_event
                                     13 	.globl _osal_start_timerEx
                                     14 	.globl _MusicCtl
                                     15 	.globl _FlashLed
                                     16 	.globl _ServNL
                                     17 	.globl _ServNH
                                     18 	.globl _BleFeedback
                                     19 	.globl _BleOpr
                                     20 	.globl _GATTServApp_RegisterService_PARM_3
                                     21 	.globl _GATTServApp_RegisterService_PARM_2
                                     22 	.globl _GATTServApp_Init
                                     23 	.globl _GATTServApp_ProcessEvent
                                     24 	.globl _GATTServApp_AddService
                                     25 	.globl _GATTServApp_RegisterService
                                     26 ;--------------------------------------------------------
                                     27 ; special function registers
                                     28 ;--------------------------------------------------------
                                     29 	.area RSEG    (ABS,DATA)
      000000                         30 	.org 0x0000
                           0000AA    31 _BleOpr	=	0x00aa
                           00008E    32 _BleFeedback	=	0x008e
                           0000B0    33 _ServNH	=	0x00b0
                           0000B7    34 _ServNL	=	0x00b7
                           0000C0    35 _FlashLed	=	0x00c0
                           0000C2    36 _MusicCtl	=	0x00c2
                                     37 ;--------------------------------------------------------
                                     38 ; special function bits
                                     39 ;--------------------------------------------------------
                                     40 	.area RSEG    (ABS,DATA)
      000000                         41 	.org 0x0000
                                     42 ;--------------------------------------------------------
                                     43 ; overlayable register banks
                                     44 ;--------------------------------------------------------
                                     45 	.area REG_BANK_0	(REL,OVR,DATA)
      000000                         46 	.ds 8
                                     47 ;--------------------------------------------------------
                                     48 ; internal ram data
                                     49 ;--------------------------------------------------------
                                     50 	.area DSEG    (DATA)
      000000                         51 _performPeriodicTask_sloc0_1_0:
      000000                         52 	.ds 2
      000002                         53 _performPeriodicTask_sloc1_1_0:
      000002                         54 	.ds 2
      000004                         55 _performPeriodicTask_sloc2_1_0:
      000004                         56 	.ds 2
                                     57 ;--------------------------------------------------------
                                     58 ; overlayable items in internal ram 
                                     59 ;--------------------------------------------------------
                                     60 ;--------------------------------------------------------
                                     61 ; indirectly addressable internal ram data
                                     62 ;--------------------------------------------------------
                                     63 	.area ISEG    (DATA)
                                     64 ;--------------------------------------------------------
                                     65 ; absolute internal ram data
                                     66 ;--------------------------------------------------------
                                     67 	.area IABS    (ABS,DATA)
                                     68 	.area IABS    (ABS,DATA)
                                     69 ;--------------------------------------------------------
                                     70 ; bit data
                                     71 ;--------------------------------------------------------
                                     72 	.area BSEG    (BIT)
                                     73 ;--------------------------------------------------------
                                     74 ; paged external ram data
                                     75 ;--------------------------------------------------------
                                     76 	.area PSEG    (PAG,XDATA)
                                     77 ;--------------------------------------------------------
                                     78 ; external ram data
                                     79 ;--------------------------------------------------------
                                     80 	.area XSEG    (XDATA)
                           000000    81 _ServicesTable	=	0x0000
      000000                         82 _ServiceN:
      000000                         83 	.ds 2
                           000065    84 _connHandle	=	0x0065
                           000067    85 _uuidAddr	=	0x0067
                           000071    86 _pLen	=	0x0071
                           000072    87 _offset	=	0x0072
                           000074    88 _pValue	=	0x0074
      000002                         89 _TaskID:
      000002                         90 	.ds 1
      000003                         91 _GATTServApp_Init_taskId_1_218:
      000003                         92 	.ds 1
      000004                         93 _performPeriodicTask_ptr_1_225:
      000004                         94 	.ds 2
      000006                         95 _performPeriodicTask_pAttr_1_225:
      000006                         96 	.ds 3
      000009                         97 _performPeriodicTask_i_1_225:
      000009                         98 	.ds 1
      00000A                         99 _performPeriodicTask_j_1_225:
      00000A                        100 	.ds 1
      00000B                        101 _performPeriodicTask_found_1_225:
      00000B                        102 	.ds 1
      00000C                        103 _GATTServApp_RegisterService_PARM_2:
      00000C                        104 	.ds 2
      00000E                        105 _GATTServApp_RegisterService_PARM_3:
      00000E                        106 	.ds 3
      000011                        107 _GATTServApp_RegisterService_pAttrs_1_237:
      000011                        108 	.ds 3
      000014                        109 _GATTServApp_RegisterService_idx_1_238:
      000014                        110 	.ds 2
                                    111 ;--------------------------------------------------------
                                    112 ; absolute external ram data
                                    113 ;--------------------------------------------------------
                                    114 	.area XABS    (ABS,XDATA)
                                    115 ;--------------------------------------------------------
                                    116 ; external initialized ram data
                                    117 ;--------------------------------------------------------
                                    118 	.area HOME    (CODE)
                                    119 	.area GSINIT0 (CODE)
                                    120 	.area GSINIT1 (CODE)
                                    121 	.area GSINIT2 (CODE)
                                    122 	.area GSINIT3 (CODE)
                                    123 	.area GSINIT4 (CODE)
                                    124 	.area GSINIT5 (CODE)
                                    125 	.area GSINIT  (CODE)
                                    126 	.area GSFINAL (CODE)
                                    127 	.area CSEG    (CODE)
                                    128 ;--------------------------------------------------------
                                    129 ; global & static initialisations
                                    130 ;--------------------------------------------------------
                                    131 	.area HOME    (CODE)
                                    132 	.area GSINIT  (CODE)
                                    133 	.area GSFINAL (CODE)
                                    134 	.area GSINIT  (CODE)
                                    135 ;	../fake_ble_stack/ble/include/gattservapp.c:32: static int ServiceN=0;
      000000 90r00r00         [24]  136 	mov	dptr,#_ServiceN
      000003 74 00            [12]  137 	mov	a,#0x00
      000005 F0               [24]  138 	movx	@dptr,a
      000006 A3               [24]  139 	inc	dptr
      000007 F0               [24]  140 	movx	@dptr,a
                                    141 ;--------------------------------------------------------
                                    142 ; Home
                                    143 ;--------------------------------------------------------
                                    144 	.area HOME    (CODE)
                                    145 	.area HOME    (CODE)
                                    146 ;--------------------------------------------------------
                                    147 ; code
                                    148 ;--------------------------------------------------------
                                    149 	.area CSEG    (CODE)
                                    150 ;------------------------------------------------------------
                                    151 ;Allocation info for local variables in function 'GATTServApp_Init'
                                    152 ;------------------------------------------------------------
                                    153 ;taskId                    Allocated with name '_GATTServApp_Init_taskId_1_218'
                                    154 ;------------------------------------------------------------
                                    155 ;	../fake_ble_stack/ble/include/gattservapp.c:78: void GATTServApp_Init( uint8 taskId ){
                                    156 ;	-----------------------------------------
                                    157 ;	 function GATTServApp_Init
                                    158 ;	-----------------------------------------
      000000                        159 _GATTServApp_Init:
                           000007   160 	ar7 = 0x07
                           000006   161 	ar6 = 0x06
                           000005   162 	ar5 = 0x05
                           000004   163 	ar4 = 0x04
                           000003   164 	ar3 = 0x03
                           000002   165 	ar2 = 0x02
                           000001   166 	ar1 = 0x01
                           000000   167 	ar0 = 0x00
      000000 E5 82            [12]  168 	mov	a,dpl
      000002 90r00r03         [24]  169 	mov	dptr,#_GATTServApp_Init_taskId_1_218
      000005 F0               [24]  170 	movx	@dptr,a
                                    171 ;	../fake_ble_stack/ble/include/gattservapp.c:81: TaskID=taskId;
      000006 E0               [24]  172 	movx	a,@dptr
      000007 FF               [12]  173 	mov	r7,a
      000008 90r00r02         [24]  174 	mov	dptr,#_TaskID
      00000B EF               [12]  175 	mov	a,r7
      00000C F0               [24]  176 	movx	@dptr,a
                                    177 ;	../fake_ble_stack/ble/include/gattservapp.c:85: ServiceN=0;
      00000D 90r00r00         [24]  178 	mov	dptr,#_ServiceN
      000010 74 00            [12]  179 	mov	a,#0x00
      000012 F0               [24]  180 	movx	@dptr,a
      000013 A3               [24]  181 	inc	dptr
      000014 F0               [24]  182 	movx	@dptr,a
                                    183 ;	../fake_ble_stack/ble/include/gattservapp.c:88: osal_set_event( TaskID, periodic_event );
      000015 90r00r00         [24]  184 	mov	dptr,#_osal_set_event_PARM_2
      000018 04               [12]  185 	inc	a
      000019 F0               [24]  186 	movx	@dptr,a
      00001A 74 00            [12]  187 	mov	a,#0x00
      00001C A3               [24]  188 	inc	dptr
      00001D F0               [24]  189 	movx	@dptr,a
      00001E 8F 82            [24]  190 	mov	dpl,r7
      000020 12r00r00         [24]  191 	lcall	_osal_set_event
      000023                        192 00101$:
      000023 22               [24]  193 	ret
                                    194 ;------------------------------------------------------------
                                    195 ;Allocation info for local variables in function 'GATTServApp_ProcessEvent'
                                    196 ;------------------------------------------------------------
                                    197 ;events                    Allocated to stack - _bp -4
                                    198 ;taskId                    Allocated to registers 
                                    199 ;------------------------------------------------------------
                                    200 ;	../fake_ble_stack/ble/include/gattservapp.c:97: uint16 GATTServApp_ProcessEvent( uint8 taskId, uint16 events )__reentrant{
                                    201 ;	-----------------------------------------
                                    202 ;	 function GATTServApp_ProcessEvent
                                    203 ;	-----------------------------------------
      000024                        204 _GATTServApp_ProcessEvent:
      000024 C0*00            [24]  205 	push	_bp
      000026 85 81*00         [24]  206 	mov	_bp,sp
                                    207 ;	../fake_ble_stack/ble/include/gattservapp.c:100: if( events & periodic_event ){
      000029 E5*00            [12]  208 	mov	a,_bp
      00002B 24 FC            [12]  209 	add	a,#0xfc
      00002D F8               [12]  210 	mov	r0,a
      00002E E6               [12]  211 	mov	a,@r0
      00002F 20 E0 03         [24]  212 	jb	acc.0,00110$
      000032 02r00r6E         [24]  213 	ljmp	00104$
      000035                        214 00110$:
                                    215 ;	../fake_ble_stack/ble/include/gattservapp.c:109: __endasm;
      000035 C3               [12]  216 	clr c
                                    217 ;	../fake_ble_stack/ble/include/gattservapp.c:111: osal_start_timerEx( TaskID, periodic_event, PERIODIC_EVT_PERIOD );
      000036 90r00r02         [24]  218 	mov	dptr,#_TaskID
      000039 E0               [24]  219 	movx	a,@dptr
      00003A FF               [12]  220 	mov	r7,a
      00003B 90r00r00         [24]  221 	mov	dptr,#_osal_start_timerEx_PARM_2
      00003E 74 01            [12]  222 	mov	a,#0x01
      000040 F0               [24]  223 	movx	@dptr,a
      000041 74 00            [12]  224 	mov	a,#0x00
      000043 A3               [24]  225 	inc	dptr
      000044 F0               [24]  226 	movx	@dptr,a
      000045 90r00r00         [24]  227 	mov	dptr,#_osal_start_timerEx_PARM_3
      000048 74 64            [12]  228 	mov	a,#0x64
      00004A F0               [24]  229 	movx	@dptr,a
      00004B 74 00            [12]  230 	mov	a,#0x00
      00004D A3               [24]  231 	inc	dptr
      00004E F0               [24]  232 	movx	@dptr,a
      00004F A3               [24]  233 	inc	dptr
      000050 F0               [24]  234 	movx	@dptr,a
      000051 A3               [24]  235 	inc	dptr
      000052 F0               [24]  236 	movx	@dptr,a
      000053 8F 82            [24]  237 	mov	dpl,r7
      000055 12r00r00         [24]  238 	lcall	_osal_start_timerEx
                                    239 ;	../fake_ble_stack/ble/include/gattservapp.c:116: performPeriodicTask();
      000058 12r00r77         [24]  240 	lcall	_performPeriodicTask
                                    241 ;	../fake_ble_stack/ble/include/gattservapp.c:123: return( events ^ periodic_event);
      00005B E5*00            [12]  242 	mov	a,_bp
      00005D 24 FC            [12]  243 	add	a,#0xfc
      00005F F8               [12]  244 	mov	r0,a
      000060 74 01            [12]  245 	mov	a,#0x01
      000062 66               [12]  246 	xrl	a,@r0
      000063 FE               [12]  247 	mov	r6,a
      000064 08               [12]  248 	inc	r0
      000065 86 07            [24]  249 	mov	ar7,@r0
      000067 8E 82            [24]  250 	mov	dpl,r6
      000069 8F 83            [24]  251 	mov	dph,r7
      00006B 02r00r74         [24]  252 	ljmp	00105$
      00006E                        253 00104$:
                                    254 ;	../fake_ble_stack/ble/include/gattservapp.c:128: return 0;
      00006E 75 82 00         [24]  255 	mov	dpl,#0x00
      000071 75 83 00         [24]  256 	mov	dph,#0x00
      000074                        257 00105$:
      000074 D0*00            [24]  258 	pop	_bp
      000076 22               [24]  259 	ret
                                    260 ;------------------------------------------------------------
                                    261 ;Allocation info for local variables in function 'performPeriodicTask'
                                    262 ;------------------------------------------------------------
                                    263 ;sloc0                     Allocated with name '_performPeriodicTask_sloc0_1_0'
                                    264 ;sloc1                     Allocated with name '_performPeriodicTask_sloc1_1_0'
                                    265 ;sloc2                     Allocated with name '_performPeriodicTask_sloc2_1_0'
                                    266 ;TlbPtr                    Allocated with name '_performPeriodicTask_TlbPtr_1_225'
                                    267 ;ptr                       Allocated with name '_performPeriodicTask_ptr_1_225'
                                    268 ;pAttr                     Allocated with name '_performPeriodicTask_pAttr_1_225'
                                    269 ;sIdx                      Allocated with name '_performPeriodicTask_sIdx_1_225'
                                    270 ;i                         Allocated with name '_performPeriodicTask_i_1_225'
                                    271 ;j                         Allocated with name '_performPeriodicTask_j_1_225'
                                    272 ;found                     Allocated with name '_performPeriodicTask_found_1_225'
                                    273 ;------------------------------------------------------------
                                    274 ;	../fake_ble_stack/ble/include/gattservapp.c:135: static void performPeriodicTask( void ){
                                    275 ;	-----------------------------------------
                                    276 ;	 function performPeriodicTask
                                    277 ;	-----------------------------------------
      000077                        278 _performPeriodicTask:
                                    279 ;	../fake_ble_stack/ble/include/gattservapp.c:139: __code uint16* ptr=uuidAddr;
      000077 90 00 67         [24]  280 	mov	dptr,#_uuidAddr
      00007A E0               [24]  281 	movx	a,@dptr
      00007B FC               [12]  282 	mov	r4,a
      00007C A3               [24]  283 	inc	dptr
      00007D E0               [24]  284 	movx	a,@dptr
      00007E FD               [12]  285 	mov	r5,a
      00007F A3               [24]  286 	inc	dptr
      000080 E0               [24]  287 	movx	a,@dptr
      000081 FE               [12]  288 	mov	r6,a
      000082 A3               [24]  289 	inc	dptr
      000083 E0               [24]  290 	movx	a,@dptr
      000084 FF               [12]  291 	mov	r7,a
      000085 90r00r04         [24]  292 	mov	dptr,#_performPeriodicTask_ptr_1_225
      000088 EC               [12]  293 	mov	a,r4
      000089 F0               [24]  294 	movx	@dptr,a
      00008A ED               [12]  295 	mov	a,r5
      00008B A3               [24]  296 	inc	dptr
      00008C F0               [24]  297 	movx	@dptr,a
                                    298 ;	../fake_ble_stack/ble/include/gattservapp.c:143: uint8 i=0;
      00008D 90r00r09         [24]  299 	mov	dptr,#_performPeriodicTask_i_1_225
      000090 74 00            [12]  300 	mov	a,#0x00
      000092 F0               [24]  301 	movx	@dptr,a
                                    302 ;	../fake_ble_stack/ble/include/gattservapp.c:145: bool found=false;
      000093 90r00r0B         [24]  303 	mov	dptr,#_performPeriodicTask_found_1_225
      000096 F0               [24]  304 	movx	@dptr,a
                                    305 ;	../fake_ble_stack/ble/include/gattservapp.c:154: switch(BleFeedback){
      000097 AF 8E            [24]  306 	mov	r7,_BleFeedback
      000099 BF 03 03         [24]  307 	cjne	r7,#0x03,00193$
      00009C 02r00rAE         [24]  308 	ljmp	00101$
      00009F                        309 00193$:
      00009F BF 04 03         [24]  310 	cjne	r7,#0x04,00194$
      0000A2 02r00rB7         [24]  311 	ljmp	00146$
      0000A5                        312 00194$:
      0000A5 BF 05 03         [24]  313 	cjne	r7,#0x05,00195$
      0000A8 02r02r32         [24]  314 	ljmp	00153$
      0000AB                        315 00195$:
      0000AB 02r03rAA         [24]  316 	ljmp	00136$
                                    317 ;	../fake_ble_stack/ble/include/gattservapp.c:157: case 0x03:
      0000AE                        318 00101$:
                                    319 ;	../fake_ble_stack/ble/include/gattservapp.c:160: BleFeedback=0x00;
      0000AE 75 8E 00         [24]  320 	mov	_BleFeedback,#0x00
                                    321 ;	../fake_ble_stack/ble/include/gattservapp.c:161: BleOpr=0x00;
      0000B1 75 AA 00         [24]  322 	mov	_BleOpr,#0x00
                                    323 ;	../fake_ble_stack/ble/include/gattservapp.c:165: break;
      0000B4 02r03rAA         [24]  324 	ljmp	00136$
                                    325 ;	../fake_ble_stack/ble/include/gattservapp.c:168: case 0x04:
      0000B7                        326 00146$:
      0000B7 90r00r04         [24]  327 	mov	dptr,#_performPeriodicTask_ptr_1_225
      0000BA E0               [24]  328 	movx	a,@dptr
      0000BB F5*00            [12]  329 	mov	_performPeriodicTask_sloc0_1_0,a
      0000BD A3               [24]  330 	inc	dptr
      0000BE E0               [24]  331 	movx	a,@dptr
      0000BF F5*01            [12]  332 	mov	(_performPeriodicTask_sloc0_1_0 + 1),a
      0000C1 90r00r09         [24]  333 	mov	dptr,#_performPeriodicTask_i_1_225
      0000C4 E0               [24]  334 	movx	a,@dptr
      0000C5 FD               [12]  335 	mov	r5,a
      0000C6                        336 00129$:
                                    337 ;	../fake_ble_stack/ble/include/gattservapp.c:179: for(;i<ServiceN; i++){
      0000C6 90r00r00         [24]  338 	mov	dptr,#_ServiceN
      0000C9 E0               [24]  339 	movx	a,@dptr
      0000CA FB               [12]  340 	mov	r3,a
      0000CB A3               [24]  341 	inc	dptr
      0000CC E0               [24]  342 	movx	a,@dptr
      0000CD FC               [12]  343 	mov	r4,a
      0000CE 8D 01            [24]  344 	mov	ar1,r5
      0000D0 7A 00            [12]  345 	mov	r2,#0x00
      0000D2 C3               [12]  346 	clr	c
      0000D3 E9               [12]  347 	mov	a,r1
      0000D4 9B               [12]  348 	subb	a,r3
      0000D5 EA               [12]  349 	mov	a,r2
      0000D6 64 80            [12]  350 	xrl	a,#0x80
      0000D8 8C F0            [24]  351 	mov	b,r4
      0000DA 63 F0 80         [24]  352 	xrl	b,#0x80
      0000DD 95 F0            [12]  353 	subb	a,b
      0000DF 40 03            [24]  354 	jc	00196$
      0000E1 02r02r1F         [24]  355 	ljmp	00110$
      0000E4                        356 00196$:
                                    357 ;	../fake_ble_stack/ble/include/gattservapp.c:180: for( j=0;j<SERVAPP_NUM_ATTR_SUPPORTED;j++){
      0000E4 90r00r0A         [24]  358 	mov	dptr,#_performPeriodicTask_j_1_225
      0000E7 74 00            [12]  359 	mov	a,#0x00
      0000E9 F0               [24]  360 	movx	@dptr,a
      0000EA ED               [12]  361 	mov	a,r5
      0000EB 75 F0 06         [24]  362 	mov	b,#0x06
      0000EE A4               [48]  363 	mul	ab
      0000EF FB               [12]  364 	mov	r3,a
      0000F0 AC F0            [24]  365 	mov	r4,b
      0000F2 E0               [24]  366 	movx	a,@dptr
      0000F3 FA               [12]  367 	mov	r2,a
      0000F4                        368 00126$:
                                    369 ;	../fake_ble_stack/ble/include/gattservapp.c:183: pAttr = &((ServicesTable[i].service)[j]);
      0000F4 C0 05            [24]  370 	push	ar5
      0000F6 8B 82            [24]  371 	mov	dpl,r3
      0000F8 74 00            [12]  372 	mov	a,#(_ServicesTable >> 8)
      0000FA 2C               [12]  373 	add	a,r4
      0000FB F5 83            [12]  374 	mov	dph,a
      0000FD E0               [24]  375 	movx	a,@dptr
      0000FE F8               [12]  376 	mov	r0,a
      0000FF A3               [24]  377 	inc	dptr
      000100 E0               [24]  378 	movx	a,@dptr
      000101 F9               [12]  379 	mov	r1,a
      000102 A3               [24]  380 	inc	dptr
      000103 E0               [24]  381 	movx	a,@dptr
      000104 FD               [12]  382 	mov	r5,a
      000105 EA               [12]  383 	mov	a,r2
      000106 75 F0 0A         [24]  384 	mov	b,#0x0A
      000109 A4               [48]  385 	mul	ab
      00010A 28               [12]  386 	add	a,r0
      00010B F8               [12]  387 	mov	r0,a
      00010C E9               [12]  388 	mov	a,r1
      00010D 35 F0            [12]  389 	addc	a,b
      00010F F9               [12]  390 	mov	r1,a
      000110 90r00r06         [24]  391 	mov	dptr,#_performPeriodicTask_pAttr_1_225
      000113 E8               [12]  392 	mov	a,r0
      000114 F0               [24]  393 	movx	@dptr,a
      000115 E9               [12]  394 	mov	a,r1
      000116 A3               [24]  395 	inc	dptr
      000117 F0               [24]  396 	movx	@dptr,a
      000118 ED               [12]  397 	mov	a,r5
      000119 A3               [24]  398 	inc	dptr
      00011A F0               [24]  399 	movx	@dptr,a
                                    400 ;	../fake_ble_stack/ble/include/gattservapp.c:199: if(   *(uint16*)(pAttr->type).uuid == *ptr ){
      00011B 08               [12]  401 	inc	r0
      00011C B8 00 01         [24]  402 	cjne	r0,#0x00,00197$
      00011F 09               [12]  403 	inc	r1
      000120                        404 00197$:
      000120 88 82            [24]  405 	mov	dpl,r0
      000122 89 83            [24]  406 	mov	dph,r1
      000124 8D F0            [24]  407 	mov	b,r5
      000126 12r00r00         [24]  408 	lcall	__gptrget
      000129 F8               [12]  409 	mov	r0,a
      00012A A3               [24]  410 	inc	dptr
      00012B 12r00r00         [24]  411 	lcall	__gptrget
      00012E F9               [12]  412 	mov	r1,a
      00012F A3               [24]  413 	inc	dptr
      000130 12r00r00         [24]  414 	lcall	__gptrget
      000133 FD               [12]  415 	mov	r5,a
      000134 88 82            [24]  416 	mov	dpl,r0
      000136 89 83            [24]  417 	mov	dph,r1
      000138 8D F0            [24]  418 	mov	b,r5
      00013A 12r00r00         [24]  419 	lcall	__gptrget
      00013D F8               [12]  420 	mov	r0,a
      00013E A3               [24]  421 	inc	dptr
      00013F 12r00r00         [24]  422 	lcall	__gptrget
      000142 F9               [12]  423 	mov	r1,a
      000143 85*00 82         [24]  424 	mov	dpl,_performPeriodicTask_sloc0_1_0
      000146 85*01 83         [24]  425 	mov	dph,(_performPeriodicTask_sloc0_1_0 + 1)
      000149 E4               [12]  426 	clr	a
      00014A 93               [24]  427 	movc	a,@a+dptr
      00014B FD               [12]  428 	mov	r5,a
      00014C A3               [24]  429 	inc	dptr
      00014D E4               [12]  430 	clr	a
      00014E 93               [24]  431 	movc	a,@a+dptr
      00014F FF               [12]  432 	mov	r7,a
      000150 E8               [12]  433 	mov	a,r0
      000151 B5 05 06         [24]  434 	cjne	a,ar5,00198$
      000154 E9               [12]  435 	mov	a,r1
      000155 B5 07 02         [24]  436 	cjne	a,ar7,00198$
      000158 80 05            [24]  437 	sjmp	00199$
      00015A                        438 00198$:
      00015A D0 05            [24]  439 	pop	ar5
      00015C 02r01rFC         [24]  440 	ljmp	00104$
      00015F                        441 00199$:
      00015F D0 05            [24]  442 	pop	ar5
                                    443 ;	../fake_ble_stack/ble/include/gattservapp.c:210: found=true;	
      000161 C0 05            [24]  444 	push	ar5
      000163 90r00r0B         [24]  445 	mov	dptr,#_performPeriodicTask_found_1_225
      000166 74 01            [12]  446 	mov	a,#0x01
      000168 F0               [24]  447 	movx	@dptr,a
                                    448 ;	../fake_ble_stack/ble/include/gattservapp.c:211: ServicesTable[i].CBs->pfnReadAttrCB(connHandle,pAttr,pValue,&pLen,offset,0x34);
      000169 8B 06            [24]  449 	mov	ar6,r3
      00016B 74 00            [12]  450 	mov	a,#(_ServicesTable >> 8)
      00016D 2C               [12]  451 	add	a,r4
      00016E FF               [12]  452 	mov	r7,a
      00016F 8E 82            [24]  453 	mov	dpl,r6
      000171 8F 83            [24]  454 	mov	dph,r7
      000173 A3               [24]  455 	inc	dptr
      000174 A3               [24]  456 	inc	dptr
      000175 A3               [24]  457 	inc	dptr
      000176 E0               [24]  458 	movx	a,@dptr
      000177 F9               [12]  459 	mov	r1,a
      000178 A3               [24]  460 	inc	dptr
      000179 E0               [24]  461 	movx	a,@dptr
      00017A FE               [12]  462 	mov	r6,a
      00017B A3               [24]  463 	inc	dptr
      00017C E0               [24]  464 	movx	a,@dptr
      00017D FF               [12]  465 	mov	r7,a
      00017E 89 82            [24]  466 	mov	dpl,r1
      000180 8E 83            [24]  467 	mov	dph,r6
      000182 8F F0            [24]  468 	mov	b,r7
      000184 12r00r00         [24]  469 	lcall	__gptrget
      000187 F9               [12]  470 	mov	r1,a
      000188 A3               [24]  471 	inc	dptr
      000189 12r00r00         [24]  472 	lcall	__gptrget
      00018C FE               [12]  473 	mov	r6,a
      00018D 90 00 72         [24]  474 	mov	dptr,#_offset
      000190 E0               [24]  475 	movx	a,@dptr
      000191 F5*02            [12]  476 	mov	_performPeriodicTask_sloc1_1_0,a
      000193 A3               [24]  477 	inc	dptr
      000194 E0               [24]  478 	movx	a,@dptr
      000195 F5*03            [12]  479 	mov	(_performPeriodicTask_sloc1_1_0 + 1),a
      000197 90 00 65         [24]  480 	mov	dptr,#_connHandle
      00019A E0               [24]  481 	movx	a,@dptr
      00019B FD               [12]  482 	mov	r5,a
      00019C A3               [24]  483 	inc	dptr
      00019D E0               [24]  484 	movx	a,@dptr
      00019E FF               [12]  485 	mov	r7,a
      00019F C0 06            [24]  486 	push	ar6
      0001A1 C0 05            [24]  487 	push	ar5
      0001A3 C0 04            [24]  488 	push	ar4
      0001A5 C0 03            [24]  489 	push	ar3
      0001A7 C0 02            [24]  490 	push	ar2
      0001A9 C0 01            [24]  491 	push	ar1
      0001AB 74 34            [12]  492 	mov	a,#0x34
      0001AD C0 E0            [24]  493 	push	acc
      0001AF C0*02            [24]  494 	push	_performPeriodicTask_sloc1_1_0
      0001B1 C0*03            [24]  495 	push	(_performPeriodicTask_sloc1_1_0 + 1)
      0001B3 74 71            [12]  496 	mov	a,#_pLen
      0001B5 C0 E0            [24]  497 	push	acc
      0001B7 74 00            [12]  498 	mov	a,#(_pLen >> 8)
      0001B9 C0 E0            [24]  499 	push	acc
      0001BB 74 00            [12]  500 	mov	a,#0x00
      0001BD C0 E0            [24]  501 	push	acc
      0001BF 74 74            [12]  502 	mov	a,#_pValue
      0001C1 C0 E0            [24]  503 	push	acc
      0001C3 74 00            [12]  504 	mov	a,#(_pValue >> 8)
      0001C5 C0 E0            [24]  505 	push	acc
      0001C7 74 00            [12]  506 	mov	a,#0x00
      0001C9 C0 E0            [24]  507 	push	acc
      0001CB 90r00r06         [24]  508 	mov	dptr,#_performPeriodicTask_pAttr_1_225
      0001CE E0               [24]  509 	movx	a,@dptr
      0001CF C0 E0            [24]  510 	push	acc
      0001D1 A3               [24]  511 	inc	dptr
      0001D2 E0               [24]  512 	movx	a,@dptr
      0001D3 C0 E0            [24]  513 	push	acc
      0001D5 A3               [24]  514 	inc	dptr
      0001D6 E0               [24]  515 	movx	a,@dptr
      0001D7 C0 E0            [24]  516 	push	acc
      0001D9 12r01rDF         [24]  517 	lcall	00200$
      0001DC 02r01rE8         [24]  518 	ljmp	00201$
      0001DF                        519 00200$:
      0001DF C0 01            [24]  520 	push	ar1
      0001E1 C0 06            [24]  521 	push	ar6
      0001E3 8D 82            [24]  522 	mov	dpl,r5
      0001E5 8F 83            [24]  523 	mov	dph,r7
      0001E7 22               [24]  524 	ret
      0001E8                        525 00201$:
      0001E8 E5 81            [12]  526 	mov	a,sp
      0001EA 24 F4            [12]  527 	add	a,#0xf4
      0001EC F5 81            [12]  528 	mov	sp,a
      0001EE D0 01            [24]  529 	pop	ar1
      0001F0 D0 02            [24]  530 	pop	ar2
      0001F2 D0 03            [24]  531 	pop	ar3
      0001F4 D0 04            [24]  532 	pop	ar4
      0001F6 D0 05            [24]  533 	pop	ar5
      0001F8 D0 06            [24]  534 	pop	ar6
                                    535 ;	../fake_ble_stack/ble/include/gattservapp.c:293: }
      0001FA D0 05            [24]  536 	pop	ar5
                                    537 ;	../fake_ble_stack/ble/include/gattservapp.c:211: ServicesTable[i].CBs->pfnReadAttrCB(connHandle,pAttr,pValue,&pLen,offset,0x34);
      0001FC                        538 00104$:
                                    539 ;	../fake_ble_stack/ble/include/gattservapp.c:214: if(found==true)
      0001FC 90r00r0B         [24]  540 	mov	dptr,#_performPeriodicTask_found_1_225
      0001FF E0               [24]  541 	movx	a,@dptr
      000200 FF               [12]  542 	mov	r7,a
      000201 BF 01 03         [24]  543 	cjne	r7,#0x01,00202$
      000204 02r02r10         [24]  544 	ljmp	00107$
      000207                        545 00202$:
                                    546 ;	../fake_ble_stack/ble/include/gattservapp.c:180: for( j=0;j<SERVAPP_NUM_ATTR_SUPPORTED;j++){
      000207 0A               [12]  547 	inc	r2
      000208 BA 04 00         [24]  548 	cjne	r2,#0x04,00203$
      00020B                        549 00203$:
      00020B 50 03            [24]  550 	jnc	00204$
      00020D 02r00rF4         [24]  551 	ljmp	00126$
      000210                        552 00204$:
      000210                        553 00107$:
                                    554 ;	../fake_ble_stack/ble/include/gattservapp.c:219: if(found==true)
      000210 90r00r0B         [24]  555 	mov	dptr,#_performPeriodicTask_found_1_225
      000213 E0               [24]  556 	movx	a,@dptr
      000214 FF               [12]  557 	mov	r7,a
      000215 BF 01 03         [24]  558 	cjne	r7,#0x01,00205$
      000218 02r02r1F         [24]  559 	ljmp	00110$
      00021B                        560 00205$:
                                    561 ;	../fake_ble_stack/ble/include/gattservapp.c:179: for(;i<ServiceN; i++){
      00021B 0D               [12]  562 	inc	r5
      00021C 02r00rC6         [24]  563 	ljmp	00129$
      00021F                        564 00110$:
                                    565 ;	../fake_ble_stack/ble/include/gattservapp.c:226: if(found==true){
      00021F 90r00r0B         [24]  566 	mov	dptr,#_performPeriodicTask_found_1_225
      000222 E0               [24]  567 	movx	a,@dptr
      000223 FF               [12]  568 	mov	r7,a
      000224 BF 01 02         [24]  569 	cjne	r7,#0x01,00206$
      000227 80 03            [24]  570 	sjmp	00207$
      000229                        571 00206$:
      000229 02r03rAA         [24]  572 	ljmp	00136$
      00022C                        573 00207$:
                                    574 ;	../fake_ble_stack/ble/include/gattservapp.c:227: BleOpr=0x04;
      00022C 75 AA 04         [24]  575 	mov	_BleOpr,#0x04
                                    576 ;	../fake_ble_stack/ble/include/gattservapp.c:240: break;
      00022F 02r03rAA         [24]  577 	ljmp	00136$
                                    578 ;	../fake_ble_stack/ble/include/gattservapp.c:243: case 5:
      000232                        579 00153$:
      000232 90r00r04         [24]  580 	mov	dptr,#_performPeriodicTask_ptr_1_225
      000235 E0               [24]  581 	movx	a,@dptr
      000236 F5*02            [12]  582 	mov	_performPeriodicTask_sloc1_1_0,a
      000238 A3               [24]  583 	inc	dptr
      000239 E0               [24]  584 	movx	a,@dptr
      00023A F5*03            [12]  585 	mov	(_performPeriodicTask_sloc1_1_0 + 1),a
      00023C 90r00r09         [24]  586 	mov	dptr,#_performPeriodicTask_i_1_225
      00023F E0               [24]  587 	movx	a,@dptr
      000240 FD               [12]  588 	mov	r5,a
      000241                        589 00134$:
                                    590 ;	../fake_ble_stack/ble/include/gattservapp.c:247: for(;i<ServiceN; i++){
      000241 90r00r00         [24]  591 	mov	dptr,#_ServiceN
      000244 E0               [24]  592 	movx	a,@dptr
      000245 FB               [12]  593 	mov	r3,a
      000246 A3               [24]  594 	inc	dptr
      000247 E0               [24]  595 	movx	a,@dptr
      000248 FC               [12]  596 	mov	r4,a
      000249 8D 01            [24]  597 	mov	ar1,r5
      00024B 7A 00            [12]  598 	mov	r2,#0x00
      00024D C3               [12]  599 	clr	c
      00024E E9               [12]  600 	mov	a,r1
      00024F 9B               [12]  601 	subb	a,r3
      000250 EA               [12]  602 	mov	a,r2
      000251 64 80            [12]  603 	xrl	a,#0x80
      000253 8C F0            [24]  604 	mov	b,r4
      000255 63 F0 80         [24]  605 	xrl	b,#0x80
      000258 95 F0            [12]  606 	subb	a,b
      00025A 40 03            [24]  607 	jc	00208$
      00025C 02r03r9A         [24]  608 	ljmp	00121$
      00025F                        609 00208$:
                                    610 ;	../fake_ble_stack/ble/include/gattservapp.c:248: for( j=0;j<SERVAPP_NUM_ATTR_SUPPORTED;j++){
      00025F 90r00r0A         [24]  611 	mov	dptr,#_performPeriodicTask_j_1_225
      000262 74 00            [12]  612 	mov	a,#0x00
      000264 F0               [24]  613 	movx	@dptr,a
      000265 ED               [12]  614 	mov	a,r5
      000266 75 F0 06         [24]  615 	mov	b,#0x06
      000269 A4               [48]  616 	mul	ab
      00026A FB               [12]  617 	mov	r3,a
      00026B AC F0            [24]  618 	mov	r4,b
      00026D E0               [24]  619 	movx	a,@dptr
      00026E FA               [12]  620 	mov	r2,a
      00026F                        621 00131$:
                                    622 ;	../fake_ble_stack/ble/include/gattservapp.c:251: pAttr = &((ServicesTable[i].service)[j]);
      00026F C0 05            [24]  623 	push	ar5
      000271 8B 82            [24]  624 	mov	dpl,r3
      000273 74 00            [12]  625 	mov	a,#(_ServicesTable >> 8)
      000275 2C               [12]  626 	add	a,r4
      000276 F5 83            [12]  627 	mov	dph,a
      000278 E0               [24]  628 	movx	a,@dptr
      000279 F8               [12]  629 	mov	r0,a
      00027A A3               [24]  630 	inc	dptr
      00027B E0               [24]  631 	movx	a,@dptr
      00027C F9               [12]  632 	mov	r1,a
      00027D A3               [24]  633 	inc	dptr
      00027E E0               [24]  634 	movx	a,@dptr
      00027F FD               [12]  635 	mov	r5,a
      000280 EA               [12]  636 	mov	a,r2
      000281 75 F0 0A         [24]  637 	mov	b,#0x0A
      000284 A4               [48]  638 	mul	ab
      000285 28               [12]  639 	add	a,r0
      000286 F8               [12]  640 	mov	r0,a
      000287 E9               [12]  641 	mov	a,r1
      000288 35 F0            [12]  642 	addc	a,b
      00028A F9               [12]  643 	mov	r1,a
      00028B 90r00r06         [24]  644 	mov	dptr,#_performPeriodicTask_pAttr_1_225
      00028E E8               [12]  645 	mov	a,r0
      00028F F0               [24]  646 	movx	@dptr,a
      000290 E9               [12]  647 	mov	a,r1
      000291 A3               [24]  648 	inc	dptr
      000292 F0               [24]  649 	movx	@dptr,a
      000293 ED               [12]  650 	mov	a,r5
      000294 A3               [24]  651 	inc	dptr
      000295 F0               [24]  652 	movx	@dptr,a
                                    653 ;	../fake_ble_stack/ble/include/gattservapp.c:253: if(   *(uint16*)(pAttr->type).uuid == *ptr ){
      000296 08               [12]  654 	inc	r0
      000297 B8 00 01         [24]  655 	cjne	r0,#0x00,00209$
      00029A 09               [12]  656 	inc	r1
      00029B                        657 00209$:
      00029B 88 82            [24]  658 	mov	dpl,r0
      00029D 89 83            [24]  659 	mov	dph,r1
      00029F 8D F0            [24]  660 	mov	b,r5
      0002A1 12r00r00         [24]  661 	lcall	__gptrget
      0002A4 F8               [12]  662 	mov	r0,a
      0002A5 A3               [24]  663 	inc	dptr
      0002A6 12r00r00         [24]  664 	lcall	__gptrget
      0002A9 F9               [12]  665 	mov	r1,a
      0002AA A3               [24]  666 	inc	dptr
      0002AB 12r00r00         [24]  667 	lcall	__gptrget
      0002AE FD               [12]  668 	mov	r5,a
      0002AF 88 82            [24]  669 	mov	dpl,r0
      0002B1 89 83            [24]  670 	mov	dph,r1
      0002B3 8D F0            [24]  671 	mov	b,r5
      0002B5 12r00r00         [24]  672 	lcall	__gptrget
      0002B8 F8               [12]  673 	mov	r0,a
      0002B9 A3               [24]  674 	inc	dptr
      0002BA 12r00r00         [24]  675 	lcall	__gptrget
      0002BD F9               [12]  676 	mov	r1,a
      0002BE 85*02 82         [24]  677 	mov	dpl,_performPeriodicTask_sloc1_1_0
      0002C1 85*03 83         [24]  678 	mov	dph,(_performPeriodicTask_sloc1_1_0 + 1)
      0002C4 E4               [12]  679 	clr	a
      0002C5 93               [24]  680 	movc	a,@a+dptr
      0002C6 FD               [12]  681 	mov	r5,a
      0002C7 A3               [24]  682 	inc	dptr
      0002C8 E4               [12]  683 	clr	a
      0002C9 93               [24]  684 	movc	a,@a+dptr
      0002CA FF               [12]  685 	mov	r7,a
      0002CB E8               [12]  686 	mov	a,r0
      0002CC B5 05 06         [24]  687 	cjne	a,ar5,00210$
      0002CF E9               [12]  688 	mov	a,r1
      0002D0 B5 07 02         [24]  689 	cjne	a,ar7,00210$
      0002D3 80 05            [24]  690 	sjmp	00211$
      0002D5                        691 00210$:
      0002D5 D0 05            [24]  692 	pop	ar5
      0002D7 02r03r77         [24]  693 	ljmp	00115$
      0002DA                        694 00211$:
      0002DA D0 05            [24]  695 	pop	ar5
                                    696 ;	../fake_ble_stack/ble/include/gattservapp.c:256: found=true;	
      0002DC C0 05            [24]  697 	push	ar5
      0002DE 90r00r0B         [24]  698 	mov	dptr,#_performPeriodicTask_found_1_225
      0002E1 74 01            [12]  699 	mov	a,#0x01
      0002E3 F0               [24]  700 	movx	@dptr,a
                                    701 ;	../fake_ble_stack/ble/include/gattservapp.c:259: ServicesTable[i].CBs->pfnWriteAttrCB(connHandle,pAttr,pValue,pLen,offset);
      0002E4 8B 06            [24]  702 	mov	ar6,r3
      0002E6 74 00            [12]  703 	mov	a,#(_ServicesTable >> 8)
      0002E8 2C               [12]  704 	add	a,r4
      0002E9 FF               [12]  705 	mov	r7,a
      0002EA 8E 82            [24]  706 	mov	dpl,r6
      0002EC 8F 83            [24]  707 	mov	dph,r7
      0002EE A3               [24]  708 	inc	dptr
      0002EF A3               [24]  709 	inc	dptr
      0002F0 A3               [24]  710 	inc	dptr
      0002F1 E0               [24]  711 	movx	a,@dptr
      0002F2 F9               [12]  712 	mov	r1,a
      0002F3 A3               [24]  713 	inc	dptr
      0002F4 E0               [24]  714 	movx	a,@dptr
      0002F5 FE               [12]  715 	mov	r6,a
      0002F6 A3               [24]  716 	inc	dptr
      0002F7 E0               [24]  717 	movx	a,@dptr
      0002F8 FF               [12]  718 	mov	r7,a
      0002F9 74 02            [12]  719 	mov	a,#0x02
      0002FB 29               [12]  720 	add	a,r1
      0002FC F9               [12]  721 	mov	r1,a
      0002FD 74 00            [12]  722 	mov	a,#0x00
      0002FF 3E               [12]  723 	addc	a,r6
      000300 FE               [12]  724 	mov	r6,a
      000301 89 82            [24]  725 	mov	dpl,r1
      000303 8E 83            [24]  726 	mov	dph,r6
      000305 8F F0            [24]  727 	mov	b,r7
      000307 12r00r00         [24]  728 	lcall	__gptrget
      00030A F9               [12]  729 	mov	r1,a
      00030B A3               [24]  730 	inc	dptr
      00030C 12r00r00         [24]  731 	lcall	__gptrget
      00030F FE               [12]  732 	mov	r6,a
      000310 90 00 72         [24]  733 	mov	dptr,#_offset
      000313 E0               [24]  734 	movx	a,@dptr
      000314 F5*04            [12]  735 	mov	_performPeriodicTask_sloc2_1_0,a
      000316 A3               [24]  736 	inc	dptr
      000317 E0               [24]  737 	movx	a,@dptr
      000318 F5*05            [12]  738 	mov	(_performPeriodicTask_sloc2_1_0 + 1),a
      00031A 90 00 71         [24]  739 	mov	dptr,#_pLen
      00031D E0               [24]  740 	movx	a,@dptr
      00031E F5*00            [12]  741 	mov	_performPeriodicTask_sloc0_1_0,a
      000320 90 00 65         [24]  742 	mov	dptr,#_connHandle
      000323 E0               [24]  743 	movx	a,@dptr
      000324 FD               [12]  744 	mov	r5,a
      000325 A3               [24]  745 	inc	dptr
      000326 E0               [24]  746 	movx	a,@dptr
      000327 FF               [12]  747 	mov	r7,a
      000328 C0 06            [24]  748 	push	ar6
      00032A C0 05            [24]  749 	push	ar5
      00032C C0 04            [24]  750 	push	ar4
      00032E C0 03            [24]  751 	push	ar3
      000330 C0 02            [24]  752 	push	ar2
      000332 C0 01            [24]  753 	push	ar1
      000334 C0*04            [24]  754 	push	_performPeriodicTask_sloc2_1_0
      000336 C0*05            [24]  755 	push	(_performPeriodicTask_sloc2_1_0 + 1)
      000338 C0*00            [24]  756 	push	_performPeriodicTask_sloc0_1_0
      00033A 74 74            [12]  757 	mov	a,#_pValue
      00033C C0 E0            [24]  758 	push	acc
      00033E 74 00            [12]  759 	mov	a,#(_pValue >> 8)
      000340 C0 E0            [24]  760 	push	acc
      000342 74 00            [12]  761 	mov	a,#0x00
      000344 C0 E0            [24]  762 	push	acc
      000346 90r00r06         [24]  763 	mov	dptr,#_performPeriodicTask_pAttr_1_225
      000349 E0               [24]  764 	movx	a,@dptr
      00034A C0 E0            [24]  765 	push	acc
      00034C A3               [24]  766 	inc	dptr
      00034D E0               [24]  767 	movx	a,@dptr
      00034E C0 E0            [24]  768 	push	acc
      000350 A3               [24]  769 	inc	dptr
      000351 E0               [24]  770 	movx	a,@dptr
      000352 C0 E0            [24]  771 	push	acc
      000354 12r03r5A         [24]  772 	lcall	00212$
      000357 02r03r63         [24]  773 	ljmp	00213$
      00035A                        774 00212$:
      00035A C0 01            [24]  775 	push	ar1
      00035C C0 06            [24]  776 	push	ar6
      00035E 8D 82            [24]  777 	mov	dpl,r5
      000360 8F 83            [24]  778 	mov	dph,r7
      000362 22               [24]  779 	ret
      000363                        780 00213$:
      000363 E5 81            [12]  781 	mov	a,sp
      000365 24 F7            [12]  782 	add	a,#0xf7
      000367 F5 81            [12]  783 	mov	sp,a
      000369 D0 01            [24]  784 	pop	ar1
      00036B D0 02            [24]  785 	pop	ar2
      00036D D0 03            [24]  786 	pop	ar3
      00036F D0 04            [24]  787 	pop	ar4
      000371 D0 05            [24]  788 	pop	ar5
      000373 D0 06            [24]  789 	pop	ar6
                                    790 ;	../fake_ble_stack/ble/include/gattservapp.c:293: }
      000375 D0 05            [24]  791 	pop	ar5
                                    792 ;	../fake_ble_stack/ble/include/gattservapp.c:259: ServicesTable[i].CBs->pfnWriteAttrCB(connHandle,pAttr,pValue,pLen,offset);
      000377                        793 00115$:
                                    794 ;	../fake_ble_stack/ble/include/gattservapp.c:263: if(found==true)
      000377 90r00r0B         [24]  795 	mov	dptr,#_performPeriodicTask_found_1_225
      00037A E0               [24]  796 	movx	a,@dptr
      00037B FF               [12]  797 	mov	r7,a
      00037C BF 01 03         [24]  798 	cjne	r7,#0x01,00214$
      00037F 02r03r8B         [24]  799 	ljmp	00118$
      000382                        800 00214$:
                                    801 ;	../fake_ble_stack/ble/include/gattservapp.c:248: for( j=0;j<SERVAPP_NUM_ATTR_SUPPORTED;j++){
      000382 0A               [12]  802 	inc	r2
      000383 BA 04 00         [24]  803 	cjne	r2,#0x04,00215$
      000386                        804 00215$:
      000386 50 03            [24]  805 	jnc	00216$
      000388 02r02r6F         [24]  806 	ljmp	00131$
      00038B                        807 00216$:
      00038B                        808 00118$:
                                    809 ;	../fake_ble_stack/ble/include/gattservapp.c:268: if(found==true)
      00038B 90r00r0B         [24]  810 	mov	dptr,#_performPeriodicTask_found_1_225
      00038E E0               [24]  811 	movx	a,@dptr
      00038F FF               [12]  812 	mov	r7,a
      000390 BF 01 03         [24]  813 	cjne	r7,#0x01,00217$
      000393 02r03r9A         [24]  814 	ljmp	00121$
      000396                        815 00217$:
                                    816 ;	../fake_ble_stack/ble/include/gattservapp.c:247: for(;i<ServiceN; i++){
      000396 0D               [12]  817 	inc	r5
      000397 02r02r41         [24]  818 	ljmp	00134$
      00039A                        819 00121$:
                                    820 ;	../fake_ble_stack/ble/include/gattservapp.c:275: if(found==true){
      00039A 90r00r0B         [24]  821 	mov	dptr,#_performPeriodicTask_found_1_225
      00039D E0               [24]  822 	movx	a,@dptr
      00039E FF               [12]  823 	mov	r7,a
      00039F BF 01 02         [24]  824 	cjne	r7,#0x01,00218$
      0003A2 80 03            [24]  825 	sjmp	00219$
      0003A4                        826 00218$:
      0003A4 02r03rAA         [24]  827 	ljmp	00136$
      0003A7                        828 00219$:
                                    829 ;	../fake_ble_stack/ble/include/gattservapp.c:276: BleOpr=0x05;
      0003A7 75 AA 05         [24]  830 	mov	_BleOpr,#0x05
                                    831 ;	../fake_ble_stack/ble/include/gattservapp.c:293: }
      0003AA                        832 00136$:
      0003AA 22               [24]  833 	ret
                                    834 ;------------------------------------------------------------
                                    835 ;Allocation info for local variables in function 'GATTServApp_AddService'
                                    836 ;------------------------------------------------------------
                                    837 ;services                  Allocated with name '_GATTServApp_AddService_services_1_235'
                                    838 ;------------------------------------------------------------
                                    839 ;	../fake_ble_stack/ble/include/gattservapp.c:310: bStatus_t GATTServApp_AddService( uint32 services ){
                                    840 ;	-----------------------------------------
                                    841 ;	 function GATTServApp_AddService
                                    842 ;	-----------------------------------------
      0003AB                        843 _GATTServApp_AddService:
                                    844 ;	../fake_ble_stack/ble/include/gattservapp.c:314: }
      0003AB                        845 00101$:
      0003AB 22               [24]  846 	ret
                                    847 ;------------------------------------------------------------
                                    848 ;Allocation info for local variables in function 'GATTServApp_RegisterService'
                                    849 ;------------------------------------------------------------
                                    850 ;numAttrs                  Allocated with name '_GATTServApp_RegisterService_PARM_2'
                                    851 ;pServiceCBs               Allocated with name '_GATTServApp_RegisterService_PARM_3'
                                    852 ;pAttrs                    Allocated with name '_GATTServApp_RegisterService_pAttrs_1_237'
                                    853 ;idx                       Allocated with name '_GATTServApp_RegisterService_idx_1_238'
                                    854 ;------------------------------------------------------------
                                    855 ;	../fake_ble_stack/ble/include/gattservapp.c:321: bStatus_t GATTServApp_RegisterService( gattAttribute_t *pAttrs, uint16 numAttrs,CONST gattServiceCBs_t *pServiceCBs ){
                                    856 ;	-----------------------------------------
                                    857 ;	 function GATTServApp_RegisterService
                                    858 ;	-----------------------------------------
      0003AC                        859 _GATTServApp_RegisterService:
      0003AC AF F0            [24]  860 	mov	r7,b
      0003AE AE 83            [24]  861 	mov	r6,dph
      0003B0 E5 82            [12]  862 	mov	a,dpl
      0003B2 90r00r11         [24]  863 	mov	dptr,#_GATTServApp_RegisterService_pAttrs_1_237
      0003B5 F0               [24]  864 	movx	@dptr,a
      0003B6 EE               [12]  865 	mov	a,r6
      0003B7 A3               [24]  866 	inc	dptr
      0003B8 F0               [24]  867 	movx	@dptr,a
      0003B9 EF               [12]  868 	mov	a,r7
      0003BA A3               [24]  869 	inc	dptr
      0003BB F0               [24]  870 	movx	@dptr,a
                                    871 ;	../fake_ble_stack/ble/include/gattservapp.c:323: int idx=ServiceN;
      0003BC 90r00r00         [24]  872 	mov	dptr,#_ServiceN
      0003BF E0               [24]  873 	movx	a,@dptr
      0003C0 FE               [12]  874 	mov	r6,a
      0003C1 A3               [24]  875 	inc	dptr
      0003C2 E0               [24]  876 	movx	a,@dptr
      0003C3 FF               [12]  877 	mov	r7,a
      0003C4 90r00r14         [24]  878 	mov	dptr,#_GATTServApp_RegisterService_idx_1_238
      0003C7 EE               [12]  879 	mov	a,r6
      0003C8 F0               [24]  880 	movx	@dptr,a
      0003C9 EF               [12]  881 	mov	a,r7
      0003CA A3               [24]  882 	inc	dptr
      0003CB F0               [24]  883 	movx	@dptr,a
                                    884 ;	../fake_ble_stack/ble/include/gattservapp.c:325: if(ServiceN == maxServiceN )
      0003CC BE 0A 05         [24]  885 	cjne	r6,#0x0A,00108$
      0003CF BF 00 02         [24]  886 	cjne	r7,#0x00,00108$
      0003D2 80 03            [24]  887 	sjmp	00109$
      0003D4                        888 00108$:
      0003D4 02r03rDD         [24]  889 	ljmp	00102$
      0003D7                        890 00109$:
                                    891 ;	../fake_ble_stack/ble/include/gattservapp.c:326: return false;
      0003D7 75 82 00         [24]  892 	mov	dpl,#0x00
      0003DA 02r04r58         [24]  893 	ljmp	00103$
      0003DD                        894 00102$:
                                    895 ;	../fake_ble_stack/ble/include/gattservapp.c:333: ServicesTable[idx].service=pAttrs;
      0003DD 90r00r14         [24]  896 	mov	dptr,#_GATTServApp_RegisterService_idx_1_238
      0003E0 E0               [24]  897 	movx	a,@dptr
      0003E1 FE               [12]  898 	mov	r6,a
      0003E2 A3               [24]  899 	inc	dptr
      0003E3 E0               [24]  900 	movx	a,@dptr
      0003E4 FF               [12]  901 	mov	r7,a
      0003E5 90r00r00         [24]  902 	mov	dptr,#__mulint_PARM_2
      0003E8 EE               [12]  903 	mov	a,r6
      0003E9 F0               [24]  904 	movx	@dptr,a
      0003EA EF               [12]  905 	mov	a,r7
      0003EB A3               [24]  906 	inc	dptr
      0003EC F0               [24]  907 	movx	@dptr,a
      0003ED 75 82 06         [24]  908 	mov	dpl,#0x06
      0003F0 75 83 00         [24]  909 	mov	dph,#0x00
      0003F3 12r00r00         [24]  910 	lcall	__mulint
      0003F6 AE 82            [24]  911 	mov	r6,dpl
      0003F8 AF 83            [24]  912 	mov	r7,dph
      0003FA 8E 04            [24]  913 	mov	ar4,r6
      0003FC 74 00            [12]  914 	mov	a,#(_ServicesTable >> 8)
      0003FE 2F               [12]  915 	add	a,r7
      0003FF FD               [12]  916 	mov	r5,a
      000400 90r00r11         [24]  917 	mov	dptr,#_GATTServApp_RegisterService_pAttrs_1_237
      000403 E0               [24]  918 	movx	a,@dptr
      000404 F9               [12]  919 	mov	r1,a
      000405 A3               [24]  920 	inc	dptr
      000406 E0               [24]  921 	movx	a,@dptr
      000407 FA               [12]  922 	mov	r2,a
      000408 A3               [24]  923 	inc	dptr
      000409 E0               [24]  924 	movx	a,@dptr
      00040A FB               [12]  925 	mov	r3,a
      00040B 8C 82            [24]  926 	mov	dpl,r4
      00040D 8D 83            [24]  927 	mov	dph,r5
      00040F E9               [12]  928 	mov	a,r1
      000410 F0               [24]  929 	movx	@dptr,a
      000411 EA               [12]  930 	mov	a,r2
      000412 A3               [24]  931 	inc	dptr
      000413 F0               [24]  932 	movx	@dptr,a
      000414 EB               [12]  933 	mov	a,r3
      000415 A3               [24]  934 	inc	dptr
      000416 F0               [24]  935 	movx	@dptr,a
                                    936 ;	../fake_ble_stack/ble/include/gattservapp.c:334: ServicesTable[idx].CBs=pServiceCBs;
      000417 74 00            [12]  937 	mov	a,#(_ServicesTable >> 8)
      000419 2F               [12]  938 	add	a,r7
      00041A FF               [12]  939 	mov	r7,a
      00041B 74 03            [12]  940 	mov	a,#0x03
      00041D 2E               [12]  941 	add	a,r6
      00041E FE               [12]  942 	mov	r6,a
      00041F 74 00            [12]  943 	mov	a,#0x00
      000421 3F               [12]  944 	addc	a,r7
      000422 FF               [12]  945 	mov	r7,a
      000423 90r00r0E         [24]  946 	mov	dptr,#_GATTServApp_RegisterService_PARM_3
      000426 E0               [24]  947 	movx	a,@dptr
      000427 FB               [12]  948 	mov	r3,a
      000428 A3               [24]  949 	inc	dptr
      000429 E0               [24]  950 	movx	a,@dptr
      00042A FC               [12]  951 	mov	r4,a
      00042B A3               [24]  952 	inc	dptr
      00042C E0               [24]  953 	movx	a,@dptr
      00042D FD               [12]  954 	mov	r5,a
      00042E 8E 82            [24]  955 	mov	dpl,r6
      000430 8F 83            [24]  956 	mov	dph,r7
      000432 EB               [12]  957 	mov	a,r3
      000433 F0               [24]  958 	movx	@dptr,a
      000434 EC               [12]  959 	mov	a,r4
      000435 A3               [24]  960 	inc	dptr
      000436 F0               [24]  961 	movx	@dptr,a
      000437 ED               [12]  962 	mov	a,r5
      000438 A3               [24]  963 	inc	dptr
      000439 F0               [24]  964 	movx	@dptr,a
                                    965 ;	../fake_ble_stack/ble/include/gattservapp.c:340: BleOpr=0x03;
      00043A 75 AA 03         [24]  966 	mov	_BleOpr,#0x03
                                    967 ;	../fake_ble_stack/ble/include/gattservapp.c:341: ServNH= (ServiceN>>8);
      00043D 90r00r00         [24]  968 	mov	dptr,#_ServiceN
      000440 E0               [24]  969 	movx	a,@dptr
      000441 FE               [12]  970 	mov	r6,a
      000442 A3               [24]  971 	inc	dptr
      000443 E0               [24]  972 	movx	a,@dptr
      000444 FF               [12]  973 	mov	r7,a
      000445 8F B0            [24]  974 	mov	_ServNH,r7
                                    975 ;	../fake_ble_stack/ble/include/gattservapp.c:342: ServNL=ServiceN;
      000447 8E B7            [24]  976 	mov	_ServNL,r6
                                    977 ;	../fake_ble_stack/ble/include/gattservapp.c:345: ServiceN++;
      000449 90r00r00         [24]  978 	mov	dptr,#_ServiceN
      00044C 74 01            [12]  979 	mov	a,#0x01
      00044E 2E               [12]  980 	add	a,r6
      00044F F0               [24]  981 	movx	@dptr,a
      000450 74 00            [12]  982 	mov	a,#0x00
      000452 3F               [12]  983 	addc	a,r7
      000453 A3               [24]  984 	inc	dptr
      000454 F0               [24]  985 	movx	@dptr,a
                                    986 ;	../fake_ble_stack/ble/include/gattservapp.c:347: return true;
      000455 75 82 01         [24]  987 	mov	dpl,#0x01
      000458                        988 00103$:
      000458 22               [24]  989 	ret
                                    990 	.area CSEG    (CODE)
                                    991 	.area CONST   (CODE)
                                    992 	.area CABS    (ABS,CODE)
