                                      1 ;--------------------------------------------------------
                                      2 ; File Created by SDCC : free open source ANSI-C Compiler
                                      3 ; Version 3.4.0 #8981 (Apr  5 2014) (Mac OS X i386)
                                      4 ; This file was generated Mon Jun 29 17:10:05 2015
                                      5 ;--------------------------------------------------------
                                      6 	.module hal_assert
                                      7 	.optsdcc -mmcs51 --model-large
                                      8 	
                                      9 ;--------------------------------------------------------
                                     10 ; Public variables in this module
                                     11 ;--------------------------------------------------------
                                     12 	.globl _MODE
                                     13 	.globl _RE
                                     14 	.globl _SLAVE
                                     15 	.globl _FE
                                     16 	.globl _ERR
                                     17 	.globl _RX_BYTE
                                     18 	.globl _TX_BYTE
                                     19 	.globl _ACTIVE
                                     20 	.globl _B_7
                                     21 	.globl _B_6
                                     22 	.globl _B_5
                                     23 	.globl _B_4
                                     24 	.globl _B_3
                                     25 	.globl _B_2
                                     26 	.globl _B_1
                                     27 	.globl _B_0
                                     28 	.globl _WDTIF
                                     29 	.globl _P1IF
                                     30 	.globl _UTX1IF
                                     31 	.globl _UTX0IF
                                     32 	.globl _P2IF
                                     33 	.globl _ACC_7
                                     34 	.globl _ACC_6
                                     35 	.globl _ACC_5
                                     36 	.globl _ACC_4
                                     37 	.globl _ACC_3
                                     38 	.globl _ACC_2
                                     39 	.globl _ACC_1
                                     40 	.globl _ACC_0
                                     41 	.globl _OVFIM
                                     42 	.globl _T4CH1IF
                                     43 	.globl _T4CH0IF
                                     44 	.globl _T4OVFIF
                                     45 	.globl _T3CH1IF
                                     46 	.globl _T3CH0IF
                                     47 	.globl _T3OVFIF
                                     48 	.globl _CY
                                     49 	.globl _AC
                                     50 	.globl _F0
                                     51 	.globl _RS1
                                     52 	.globl _RS0
                                     53 	.globl _OV
                                     54 	.globl _F1
                                     55 	.globl _P
                                     56 	.globl _STIF
                                     57 	.globl _P0IF
                                     58 	.globl _T4IF
                                     59 	.globl _T3IF
                                     60 	.globl _T2IF
                                     61 	.globl _T1IF
                                     62 	.globl _DMAIF
                                     63 	.globl _P0IE
                                     64 	.globl _T4IE
                                     65 	.globl _T3IE
                                     66 	.globl _T2IE
                                     67 	.globl _T1IE
                                     68 	.globl _DMAIE
                                     69 	.globl _EA
                                     70 	.globl _STIE
                                     71 	.globl _ENCIE
                                     72 	.globl _URX1IE
                                     73 	.globl _URX0IE
                                     74 	.globl _ADCIE
                                     75 	.globl _RFERRIE
                                     76 	.globl _P2_7
                                     77 	.globl _P2_6
                                     78 	.globl _P2_5
                                     79 	.globl _P2_4
                                     80 	.globl _P2_3
                                     81 	.globl _P2_2
                                     82 	.globl _P2_1
                                     83 	.globl _P2_0
                                     84 	.globl _ENCIF_1
                                     85 	.globl _ENCIF_0
                                     86 	.globl _P1_7
                                     87 	.globl _P1_6
                                     88 	.globl _P1_5
                                     89 	.globl _P1_4
                                     90 	.globl _P1_3
                                     91 	.globl _P1_2
                                     92 	.globl _P1_1
                                     93 	.globl _P1_0
                                     94 	.globl _URX1IF
                                     95 	.globl _ADCIF
                                     96 	.globl _URX0IF
                                     97 	.globl _IT1
                                     98 	.globl _RFERRIF
                                     99 	.globl _IT0
                                    100 	.globl _P0_7
                                    101 	.globl _P0_6
                                    102 	.globl _P0_5
                                    103 	.globl _P0_4
                                    104 	.globl _P0_3
                                    105 	.globl _P0_2
                                    106 	.globl _P0_1
                                    107 	.globl _P0_0
                                    108 	.globl _P2DIR
                                    109 	.globl _P1DIR
                                    110 	.globl _P0DIR
                                    111 	.globl _U1GCR
                                    112 	.globl _U1UCR
                                    113 	.globl _U1BAUD
                                    114 	.globl _U1DBUF
                                    115 	.globl _U1CSR
                                    116 	.globl _P2INP
                                    117 	.globl _P1INP
                                    118 	.globl _P2SEL
                                    119 	.globl _P1SEL
                                    120 	.globl _P0SEL
                                    121 	.globl _APCFG
                                    122 	.globl _PERCFG
                                    123 	.globl _B
                                    124 	.globl _T4CC1
                                    125 	.globl _T4CCTL1
                                    126 	.globl _T4CC0
                                    127 	.globl _T4CCTL0
                                    128 	.globl _T4CTL
                                    129 	.globl _T4CNT
                                    130 	.globl _RFIRQF0
                                    131 	.globl _IRCON2
                                    132 	.globl _T1CCTL2
                                    133 	.globl _T1CCTL1
                                    134 	.globl _T1CCTL0
                                    135 	.globl _T1CTL
                                    136 	.globl _T1CNTH
                                    137 	.globl _T1CNTL
                                    138 	.globl _RFST
                                    139 	.globl _ACC
                                    140 	.globl _T1CC2H
                                    141 	.globl _T1CC2L
                                    142 	.globl _T1CC1H
                                    143 	.globl _T1CC1L
                                    144 	.globl _T1CC0H
                                    145 	.globl _T1CC0L
                                    146 	.globl _RFD
                                    147 	.globl _TIMIF
                                    148 	.globl _DMAREQ
                                    149 	.globl _DMAARM
                                    150 	.globl _DMA0CFGH
                                    151 	.globl _DMA0CFGL
                                    152 	.globl _DMA1CFGH
                                    153 	.globl _DMA1CFGL
                                    154 	.globl _DMAIRQ
                                    155 	.globl _PSW
                                    156 	.globl _T3CC1
                                    157 	.globl _T3CCTL1
                                    158 	.globl _T3CC0
                                    159 	.globl _T3CCTL0
                                    160 	.globl _T3CTL
                                    161 	.globl _T3CNT
                                    162 	.globl _WDCTL
                                    163 	.globl _MEMCTR
                                    164 	.globl _CLKCONCMD
                                    165 	.globl _U0GCR
                                    166 	.globl _U0UCR
                                    167 	.globl _T2MSEL
                                    168 	.globl _U0BAUD
                                    169 	.globl _U0DBUF
                                    170 	.globl _IRCON
                                    171 	.globl _RFERRF
                                    172 	.globl _SLEEPCMD
                                    173 	.globl _RNDH
                                    174 	.globl _RNDL
                                    175 	.globl _ADCH
                                    176 	.globl _ADCL
                                    177 	.globl _IP1
                                    178 	.globl _IEN1
                                    179 	.globl _ADCCON3
                                    180 	.globl _ADCCON2
                                    181 	.globl _ADCCON1
                                    182 	.globl _ENCCS
                                    183 	.globl _ENCDO
                                    184 	.globl _ENCDI
                                    185 	.globl _T1STAT
                                    186 	.globl _PMUX
                                    187 	.globl _STLOAD
                                    188 	.globl _P2IEN
                                    189 	.globl _P0IEN
                                    190 	.globl _IP0
                                    191 	.globl _IEN0
                                    192 	.globl _T2IRQM
                                    193 	.globl _T2MOVF2
                                    194 	.globl _T2MOVF1
                                    195 	.globl _T2MOVF0
                                    196 	.globl _T2M1
                                    197 	.globl _T2M0
                                    198 	.globl _T2IRQF
                                    199 	.globl _P2
                                    200 	.globl _FMAP
                                    201 	.globl _PSBANK
                                    202 	.globl _CLKCONSTA
                                    203 	.globl _SLEEPSTA
                                    204 	.globl _T2EVTCFG
                                    205 	.globl _S1CON
                                    206 	.globl _IEN2
                                    207 	.globl _S0CON
                                    208 	.globl _ST2
                                    209 	.globl _ST1
                                    210 	.globl _ST0
                                    211 	.globl _T2CTRL
                                    212 	.globl __XPAGE
                                    213 	.globl _MPAGE
                                    214 	.globl _DPS
                                    215 	.globl _RFIRQF1
                                    216 	.globl _P1
                                    217 	.globl _P0INP
                                    218 	.globl _P1IEN
                                    219 	.globl _PICTL
                                    220 	.globl _P2IFG
                                    221 	.globl _P1IFG
                                    222 	.globl _P0IFG
                                    223 	.globl _TCON
                                    224 	.globl _PCON
                                    225 	.globl _U0CSR
                                    226 	.globl _DPH1
                                    227 	.globl _DPL1
                                    228 	.globl _DPH0
                                    229 	.globl _DPL0
                                    230 	.globl _SP
                                    231 	.globl _P0
                                    232 	.globl _TXFILTCFG
                                    233 	.globl _RFC_OBS_CTRL2
                                    234 	.globl _RFC_OBS_CTRL1
                                    235 	.globl _RFC_OBS_CTRL0
                                    236 	.globl _CSPT
                                    237 	.globl _CSPZ
                                    238 	.globl _CSPY
                                    239 	.globl _CSPX
                                    240 	.globl _CSPSTAT
                                    241 	.globl _CSPCTRL
                                    242 	.globl _CSPPROG23
                                    243 	.globl _CSPPROG22
                                    244 	.globl _CSPPROG21
                                    245 	.globl _CSPPROG20
                                    246 	.globl _CSPPROG19
                                    247 	.globl _CSPPROG18
                                    248 	.globl _CSPPROG17
                                    249 	.globl _CSPPROG16
                                    250 	.globl _CSPPROG15
                                    251 	.globl _CSPPROG14
                                    252 	.globl _CSPPROG13
                                    253 	.globl _CSPPROG12
                                    254 	.globl _CSPPROG11
                                    255 	.globl _CSPPROG10
                                    256 	.globl _CSPPROG9
                                    257 	.globl _CSPPROG8
                                    258 	.globl _CSPPROG7
                                    259 	.globl _CSPPROG6
                                    260 	.globl _CSPPROG5
                                    261 	.globl _CSPPROG4
                                    262 	.globl _CSPPROG3
                                    263 	.globl _CSPPROG2
                                    264 	.globl _CSPPROG1
                                    265 	.globl _CSPPROG0
                                    266 	.globl _PTEST1
                                    267 	.globl _PTEST0
                                    268 	.globl _ATEST
                                    269 	.globl _DACTEST2
                                    270 	.globl _DACTEST1
                                    271 	.globl _DACTEST0
                                    272 	.globl _MDMTEST1
                                    273 	.globl _MDMTEST0
                                    274 	.globl _ADCTEST2
                                    275 	.globl _ADCTEST1
                                    276 	.globl _ADCTEST0
                                    277 	.globl _AGCCTRL3
                                    278 	.globl _AGCCTRL2
                                    279 	.globl _AGCCTRL1
                                    280 	.globl _AGCCTRL0
                                    281 	.globl _FSCAL3
                                    282 	.globl _FSCAL2
                                    283 	.globl _FSCAL1
                                    284 	.globl _FSCTRL
                                    285 	.globl _RXCTRL
                                    286 	.globl _FREQEST
                                    287 	.globl _MDMCTRL1
                                    288 	.globl _MDMCTRL0
                                    289 	.globl _RFRND
                                    290 	.globl _OPAMPMC
                                    291 	.globl _RFERRM
                                    292 	.globl _RFIRQM1
                                    293 	.globl _RFIRQM0
                                    294 	.globl _TXLAST_PTR
                                    295 	.globl _TXFIRST_PTR
                                    296 	.globl _RXP1_PTR
                                    297 	.globl _RXLAST_PTR
                                    298 	.globl _RXFIRST_PTR
                                    299 	.globl _TXFIFOCNT
                                    300 	.globl _RXFIFOCNT
                                    301 	.globl _RXFIRST
                                    302 	.globl _RSSISTAT
                                    303 	.globl _RSSI
                                    304 	.globl _CCACTRL1
                                    305 	.globl _CCACTRL0
                                    306 	.globl _FSMCTRL
                                    307 	.globl _FIFOPCTRL
                                    308 	.globl _FSMSTAT1
                                    309 	.globl _FSMSTAT0
                                    310 	.globl _TXCTRL
                                    311 	.globl _TXPOWER
                                    312 	.globl _FREQCTRL
                                    313 	.globl _FREQTUNE
                                    314 	.globl _RXMASKCLR
                                    315 	.globl _RXMASKSET
                                    316 	.globl _RXENABLE
                                    317 	.globl _FRMCTRL1
                                    318 	.globl _FRMCTRL0
                                    319 	.globl _SRCEXTEN2
                                    320 	.globl _SRCEXTEN1
                                    321 	.globl _SRCEXTEN0
                                    322 	.globl _SRCSHORTEN2
                                    323 	.globl _SRCSHORTEN1
                                    324 	.globl _SRCSHORTEN0
                                    325 	.globl _SRCMATCH
                                    326 	.globl _FRMFILT1
                                    327 	.globl _FRMFILT0
                                    328 	.globl _IEEE_ADDR
                                    329 	.globl _PANIDL
                                    330 	.globl _PANIDH
                                    331 	.globl _SHORTADDRL
                                    332 	.globl _SHORTADDRH
                                    333 	.globl _USBF5
                                    334 	.globl _USBF4
                                    335 	.globl _USBF3
                                    336 	.globl _USBF2
                                    337 	.globl _USBF1
                                    338 	.globl _USBF0
                                    339 	.globl _USBCNTH
                                    340 	.globl _USBCNTL
                                    341 	.globl _USBCNT0
                                    342 	.globl _USBCSOH
                                    343 	.globl _USBCSOL
                                    344 	.globl _USBMAXO
                                    345 	.globl _USBCSIH
                                    346 	.globl _USBCSIL
                                    347 	.globl _USBCS0
                                    348 	.globl _USBMAXI
                                    349 	.globl _USBCTRL
                                    350 	.globl _USBINDEX
                                    351 	.globl _USBFRMH
                                    352 	.globl _USBFRML
                                    353 	.globl _USBCIE
                                    354 	.globl _USBOIE
                                    355 	.globl _USBIIE
                                    356 	.globl _USBCIF
                                    357 	.globl _USBOIF
                                    358 	.globl _USBIIF
                                    359 	.globl _USBPOW
                                    360 	.globl _USBADDR
                                    361 	.globl _CMPCTL
                                    362 	.globl _OPAMPS
                                    363 	.globl _OPAMPC
                                    364 	.globl _STCV2
                                    365 	.globl _STCV1
                                    366 	.globl _STCV0
                                    367 	.globl _STCS
                                    368 	.globl _STCC
                                    369 	.globl _T1CC4H
                                    370 	.globl _T1CC4L
                                    371 	.globl _T1CC3H
                                    372 	.globl _T1CC3L
                                    373 	.globl _X_T1CC2H
                                    374 	.globl _X_T1CC2L
                                    375 	.globl _X_T1CC1H
                                    376 	.globl _X_T1CC1L
                                    377 	.globl _X_T1CC0H
                                    378 	.globl _X_T1CC0L
                                    379 	.globl _T1CCTL4
                                    380 	.globl _T1CCTL3
                                    381 	.globl _X_T1CCTL2
                                    382 	.globl _X_T1CCTL1
                                    383 	.globl _X_T1CCTL0
                                    384 	.globl _CLD
                                    385 	.globl _IRCTL
                                    386 	.globl _CHIPINFO1
                                    387 	.globl _CHIPINFO0
                                    388 	.globl _FWDATA
                                    389 	.globl _FADDRH
                                    390 	.globl _FADDRL
                                    391 	.globl _FCTL
                                    392 	.globl _IVCTRL
                                    393 	.globl _BATTMON
                                    394 	.globl _SRCRC
                                    395 	.globl _DBGDATA
                                    396 	.globl _TESTREG0
                                    397 	.globl _CHIPID
                                    398 	.globl _CHVER
                                    399 	.globl _OBSSEL5
                                    400 	.globl _OBSSEL4
                                    401 	.globl _OBSSEL3
                                    402 	.globl _OBSSEL2
                                    403 	.globl _OBSSEL1
                                    404 	.globl _OBSSEL0
                                    405 	.globl _I2CIO
                                    406 	.globl _I2CWC
                                    407 	.globl _I2CADDR
                                    408 	.globl _I2CDATA
                                    409 	.globl _I2CSTAT
                                    410 	.globl _I2CCFG
                                    411 	.globl _halAssertHandler
                                    412 	.globl _halAssertHazardLights
                                    413 ;--------------------------------------------------------
                                    414 ; special function registers
                                    415 ;--------------------------------------------------------
                                    416 	.area RSEG    (ABS,DATA)
      000000                        417 	.org 0x0000
                           000080   418 _P0	=	0x0080
                           000081   419 _SP	=	0x0081
                           000082   420 _DPL0	=	0x0082
                           000083   421 _DPH0	=	0x0083
                           000084   422 _DPL1	=	0x0084
                           000085   423 _DPH1	=	0x0085
                           000086   424 _U0CSR	=	0x0086
                           000087   425 _PCON	=	0x0087
                           000088   426 _TCON	=	0x0088
                           000089   427 _P0IFG	=	0x0089
                           00008A   428 _P1IFG	=	0x008a
                           00008B   429 _P2IFG	=	0x008b
                           00008C   430 _PICTL	=	0x008c
                           00008D   431 _P1IEN	=	0x008d
                           00008F   432 _P0INP	=	0x008f
                           000090   433 _P1	=	0x0090
                           000091   434 _RFIRQF1	=	0x0091
                           000092   435 _DPS	=	0x0092
                           000093   436 _MPAGE	=	0x0093
                           000093   437 __XPAGE	=	0x0093
                           000094   438 _T2CTRL	=	0x0094
                           000095   439 _ST0	=	0x0095
                           000096   440 _ST1	=	0x0096
                           000097   441 _ST2	=	0x0097
                           000098   442 _S0CON	=	0x0098
                           00009A   443 _IEN2	=	0x009a
                           00009B   444 _S1CON	=	0x009b
                           00009C   445 _T2EVTCFG	=	0x009c
                           00009D   446 _SLEEPSTA	=	0x009d
                           00009E   447 _CLKCONSTA	=	0x009e
                           00009F   448 _PSBANK	=	0x009f
                           00009F   449 _FMAP	=	0x009f
                           0000A0   450 _P2	=	0x00a0
                           0000A1   451 _T2IRQF	=	0x00a1
                           0000A2   452 _T2M0	=	0x00a2
                           0000A3   453 _T2M1	=	0x00a3
                           0000A4   454 _T2MOVF0	=	0x00a4
                           0000A5   455 _T2MOVF1	=	0x00a5
                           0000A6   456 _T2MOVF2	=	0x00a6
                           0000A7   457 _T2IRQM	=	0x00a7
                           0000A8   458 _IEN0	=	0x00a8
                           0000A9   459 _IP0	=	0x00a9
                           0000AB   460 _P0IEN	=	0x00ab
                           0000AC   461 _P2IEN	=	0x00ac
                           0000AD   462 _STLOAD	=	0x00ad
                           0000AE   463 _PMUX	=	0x00ae
                           0000AF   464 _T1STAT	=	0x00af
                           0000B1   465 _ENCDI	=	0x00b1
                           0000B2   466 _ENCDO	=	0x00b2
                           0000B3   467 _ENCCS	=	0x00b3
                           0000B4   468 _ADCCON1	=	0x00b4
                           0000B5   469 _ADCCON2	=	0x00b5
                           0000B6   470 _ADCCON3	=	0x00b6
                           0000B8   471 _IEN1	=	0x00b8
                           0000B9   472 _IP1	=	0x00b9
                           0000BA   473 _ADCL	=	0x00ba
                           0000BB   474 _ADCH	=	0x00bb
                           0000BC   475 _RNDL	=	0x00bc
                           0000BD   476 _RNDH	=	0x00bd
                           0000BE   477 _SLEEPCMD	=	0x00be
                           0000BF   478 _RFERRF	=	0x00bf
                           0000C0   479 _IRCON	=	0x00c0
                           0000C1   480 _U0DBUF	=	0x00c1
                           0000C2   481 _U0BAUD	=	0x00c2
                           0000C3   482 _T2MSEL	=	0x00c3
                           0000C4   483 _U0UCR	=	0x00c4
                           0000C5   484 _U0GCR	=	0x00c5
                           0000C6   485 _CLKCONCMD	=	0x00c6
                           0000C7   486 _MEMCTR	=	0x00c7
                           0000C9   487 _WDCTL	=	0x00c9
                           0000CA   488 _T3CNT	=	0x00ca
                           0000CB   489 _T3CTL	=	0x00cb
                           0000CC   490 _T3CCTL0	=	0x00cc
                           0000CD   491 _T3CC0	=	0x00cd
                           0000CE   492 _T3CCTL1	=	0x00ce
                           0000CF   493 _T3CC1	=	0x00cf
                           0000D0   494 _PSW	=	0x00d0
                           0000D1   495 _DMAIRQ	=	0x00d1
                           0000D2   496 _DMA1CFGL	=	0x00d2
                           0000D3   497 _DMA1CFGH	=	0x00d3
                           0000D4   498 _DMA0CFGL	=	0x00d4
                           0000D5   499 _DMA0CFGH	=	0x00d5
                           0000D6   500 _DMAARM	=	0x00d6
                           0000D7   501 _DMAREQ	=	0x00d7
                           0000D8   502 _TIMIF	=	0x00d8
                           0000D9   503 _RFD	=	0x00d9
                           0000DA   504 _T1CC0L	=	0x00da
                           0000DB   505 _T1CC0H	=	0x00db
                           0000DC   506 _T1CC1L	=	0x00dc
                           0000DD   507 _T1CC1H	=	0x00dd
                           0000DE   508 _T1CC2L	=	0x00de
                           0000DF   509 _T1CC2H	=	0x00df
                           0000E0   510 _ACC	=	0x00e0
                           0000E1   511 _RFST	=	0x00e1
                           0000E2   512 _T1CNTL	=	0x00e2
                           0000E3   513 _T1CNTH	=	0x00e3
                           0000E4   514 _T1CTL	=	0x00e4
                           0000E5   515 _T1CCTL0	=	0x00e5
                           0000E6   516 _T1CCTL1	=	0x00e6
                           0000E7   517 _T1CCTL2	=	0x00e7
                           0000E8   518 _IRCON2	=	0x00e8
                           0000E9   519 _RFIRQF0	=	0x00e9
                           0000EA   520 _T4CNT	=	0x00ea
                           0000EB   521 _T4CTL	=	0x00eb
                           0000EC   522 _T4CCTL0	=	0x00ec
                           0000ED   523 _T4CC0	=	0x00ed
                           0000EE   524 _T4CCTL1	=	0x00ee
                           0000EF   525 _T4CC1	=	0x00ef
                           0000F0   526 _B	=	0x00f0
                           0000F1   527 _PERCFG	=	0x00f1
                           0000F2   528 _APCFG	=	0x00f2
                           0000F3   529 _P0SEL	=	0x00f3
                           0000F4   530 _P1SEL	=	0x00f4
                           0000F5   531 _P2SEL	=	0x00f5
                           0000F6   532 _P1INP	=	0x00f6
                           0000F7   533 _P2INP	=	0x00f7
                           0000F8   534 _U1CSR	=	0x00f8
                           0000F9   535 _U1DBUF	=	0x00f9
                           0000FA   536 _U1BAUD	=	0x00fa
                           0000FB   537 _U1UCR	=	0x00fb
                           0000FC   538 _U1GCR	=	0x00fc
                           0000FD   539 _P0DIR	=	0x00fd
                           0000FE   540 _P1DIR	=	0x00fe
                           0000FF   541 _P2DIR	=	0x00ff
                                    542 ;--------------------------------------------------------
                                    543 ; special function bits
                                    544 ;--------------------------------------------------------
                                    545 	.area RSEG    (ABS,DATA)
      000000                        546 	.org 0x0000
                           000080   547 _P0_0	=	0x0080
                           000081   548 _P0_1	=	0x0081
                           000082   549 _P0_2	=	0x0082
                           000083   550 _P0_3	=	0x0083
                           000084   551 _P0_4	=	0x0084
                           000085   552 _P0_5	=	0x0085
                           000086   553 _P0_6	=	0x0086
                           000087   554 _P0_7	=	0x0087
                           000088   555 _IT0	=	0x0088
                           000089   556 _RFERRIF	=	0x0089
                           00008A   557 _IT1	=	0x008a
                           00008B   558 _URX0IF	=	0x008b
                           00008D   559 _ADCIF	=	0x008d
                           00008F   560 _URX1IF	=	0x008f
                           000090   561 _P1_0	=	0x0090
                           000091   562 _P1_1	=	0x0091
                           000092   563 _P1_2	=	0x0092
                           000093   564 _P1_3	=	0x0093
                           000094   565 _P1_4	=	0x0094
                           000095   566 _P1_5	=	0x0095
                           000096   567 _P1_6	=	0x0096
                           000097   568 _P1_7	=	0x0097
                           000098   569 _ENCIF_0	=	0x0098
                           000099   570 _ENCIF_1	=	0x0099
                           0000A0   571 _P2_0	=	0x00a0
                           0000A1   572 _P2_1	=	0x00a1
                           0000A2   573 _P2_2	=	0x00a2
                           0000A3   574 _P2_3	=	0x00a3
                           0000A4   575 _P2_4	=	0x00a4
                           0000A5   576 _P2_5	=	0x00a5
                           0000A6   577 _P2_6	=	0x00a6
                           0000A7   578 _P2_7	=	0x00a7
                           0000A8   579 _RFERRIE	=	0x00a8
                           0000A9   580 _ADCIE	=	0x00a9
                           0000AA   581 _URX0IE	=	0x00aa
                           0000AB   582 _URX1IE	=	0x00ab
                           0000AC   583 _ENCIE	=	0x00ac
                           0000AD   584 _STIE	=	0x00ad
                           0000AF   585 _EA	=	0x00af
                           0000B8   586 _DMAIE	=	0x00b8
                           0000B9   587 _T1IE	=	0x00b9
                           0000BA   588 _T2IE	=	0x00ba
                           0000BB   589 _T3IE	=	0x00bb
                           0000BC   590 _T4IE	=	0x00bc
                           0000BD   591 _P0IE	=	0x00bd
                           0000C0   592 _DMAIF	=	0x00c0
                           0000C1   593 _T1IF	=	0x00c1
                           0000C2   594 _T2IF	=	0x00c2
                           0000C3   595 _T3IF	=	0x00c3
                           0000C4   596 _T4IF	=	0x00c4
                           0000C5   597 _P0IF	=	0x00c5
                           0000C7   598 _STIF	=	0x00c7
                           0000D0   599 _P	=	0x00d0
                           0000D1   600 _F1	=	0x00d1
                           0000D2   601 _OV	=	0x00d2
                           0000D3   602 _RS0	=	0x00d3
                           0000D4   603 _RS1	=	0x00d4
                           0000D5   604 _F0	=	0x00d5
                           0000D6   605 _AC	=	0x00d6
                           0000D7   606 _CY	=	0x00d7
                           0000D8   607 _T3OVFIF	=	0x00d8
                           0000D9   608 _T3CH0IF	=	0x00d9
                           0000DA   609 _T3CH1IF	=	0x00da
                           0000DB   610 _T4OVFIF	=	0x00db
                           0000DC   611 _T4CH0IF	=	0x00dc
                           0000DD   612 _T4CH1IF	=	0x00dd
                           0000DE   613 _OVFIM	=	0x00de
                           0000E0   614 _ACC_0	=	0x00e0
                           0000E1   615 _ACC_1	=	0x00e1
                           0000E2   616 _ACC_2	=	0x00e2
                           0000E3   617 _ACC_3	=	0x00e3
                           0000E4   618 _ACC_4	=	0x00e4
                           0000E5   619 _ACC_5	=	0x00e5
                           0000E6   620 _ACC_6	=	0x00e6
                           0000E7   621 _ACC_7	=	0x00e7
                           0000E8   622 _P2IF	=	0x00e8
                           0000E9   623 _UTX0IF	=	0x00e9
                           0000EA   624 _UTX1IF	=	0x00ea
                           0000EB   625 _P1IF	=	0x00eb
                           0000EC   626 _WDTIF	=	0x00ec
                           0000F0   627 _B_0	=	0x00f0
                           0000F1   628 _B_1	=	0x00f1
                           0000F2   629 _B_2	=	0x00f2
                           0000F3   630 _B_3	=	0x00f3
                           0000F4   631 _B_4	=	0x00f4
                           0000F5   632 _B_5	=	0x00f5
                           0000F6   633 _B_6	=	0x00f6
                           0000F7   634 _B_7	=	0x00f7
                           0000F8   635 _ACTIVE	=	0x00f8
                           0000F9   636 _TX_BYTE	=	0x00f9
                           0000FA   637 _RX_BYTE	=	0x00fa
                           0000FB   638 _ERR	=	0x00fb
                           0000FC   639 _FE	=	0x00fc
                           0000FD   640 _SLAVE	=	0x00fd
                           0000FE   641 _RE	=	0x00fe
                           0000FF   642 _MODE	=	0x00ff
                                    643 ;--------------------------------------------------------
                                    644 ; overlayable register banks
                                    645 ;--------------------------------------------------------
                                    646 	.area REG_BANK_0	(REL,OVR,DATA)
      000000                        647 	.ds 8
                                    648 ;--------------------------------------------------------
                                    649 ; internal ram data
                                    650 ;--------------------------------------------------------
                                    651 	.area DSEG    (DATA)
                                    652 ;--------------------------------------------------------
                                    653 ; overlayable items in internal ram 
                                    654 ;--------------------------------------------------------
                                    655 ;--------------------------------------------------------
                                    656 ; indirectly addressable internal ram data
                                    657 ;--------------------------------------------------------
                                    658 	.area ISEG    (DATA)
                                    659 ;--------------------------------------------------------
                                    660 ; absolute internal ram data
                                    661 ;--------------------------------------------------------
                                    662 	.area IABS    (ABS,DATA)
                                    663 	.area IABS    (ABS,DATA)
                                    664 ;--------------------------------------------------------
                                    665 ; bit data
                                    666 ;--------------------------------------------------------
                                    667 	.area BSEG    (BIT)
                                    668 ;--------------------------------------------------------
                                    669 ; paged external ram data
                                    670 ;--------------------------------------------------------
                                    671 	.area PSEG    (PAG,XDATA)
                                    672 ;--------------------------------------------------------
                                    673 ; external ram data
                                    674 ;--------------------------------------------------------
                                    675 	.area XSEG    (XDATA)
                           006230   676 _I2CCFG	=	0x6230
                           006231   677 _I2CSTAT	=	0x6231
                           006232   678 _I2CDATA	=	0x6232
                           006233   679 _I2CADDR	=	0x6233
                           006234   680 _I2CWC	=	0x6234
                           006235   681 _I2CIO	=	0x6235
                           006243   682 _OBSSEL0	=	0x6243
                           006244   683 _OBSSEL1	=	0x6244
                           006245   684 _OBSSEL2	=	0x6245
                           006246   685 _OBSSEL3	=	0x6246
                           006247   686 _OBSSEL4	=	0x6247
                           006248   687 _OBSSEL5	=	0x6248
                           006249   688 _CHVER	=	0x6249
                           00624A   689 _CHIPID	=	0x624a
                           00624B   690 _TESTREG0	=	0x624b
                           006260   691 _DBGDATA	=	0x6260
                           006262   692 _SRCRC	=	0x6262
                           006264   693 _BATTMON	=	0x6264
                           006265   694 _IVCTRL	=	0x6265
                           006270   695 _FCTL	=	0x6270
                           006271   696 _FADDRL	=	0x6271
                           006272   697 _FADDRH	=	0x6272
                           006273   698 _FWDATA	=	0x6273
                           006276   699 _CHIPINFO0	=	0x6276
                           006277   700 _CHIPINFO1	=	0x6277
                           006281   701 _IRCTL	=	0x6281
                           006290   702 _CLD	=	0x6290
                           0062A0   703 _X_T1CCTL0	=	0x62a0
                           0062A1   704 _X_T1CCTL1	=	0x62a1
                           0062A2   705 _X_T1CCTL2	=	0x62a2
                           0062A3   706 _T1CCTL3	=	0x62a3
                           0062A4   707 _T1CCTL4	=	0x62a4
                           0062A6   708 _X_T1CC0L	=	0x62a6
                           0062A7   709 _X_T1CC0H	=	0x62a7
                           0062A8   710 _X_T1CC1L	=	0x62a8
                           0062A9   711 _X_T1CC1H	=	0x62a9
                           0062AA   712 _X_T1CC2L	=	0x62aa
                           0062AB   713 _X_T1CC2H	=	0x62ab
                           0062AC   714 _T1CC3L	=	0x62ac
                           0062AD   715 _T1CC3H	=	0x62ad
                           0062AE   716 _T1CC4L	=	0x62ae
                           0062AF   717 _T1CC4H	=	0x62af
                           0062B0   718 _STCC	=	0x62b0
                           0062B1   719 _STCS	=	0x62b1
                           0062B2   720 _STCV0	=	0x62b2
                           0062B3   721 _STCV1	=	0x62b3
                           0062B4   722 _STCV2	=	0x62b4
                           0062C0   723 _OPAMPC	=	0x62c0
                           0062C1   724 _OPAMPS	=	0x62c1
                           0062D0   725 _CMPCTL	=	0x62d0
                           006200   726 _USBADDR	=	0x6200
                           006201   727 _USBPOW	=	0x6201
                           006202   728 _USBIIF	=	0x6202
                           006204   729 _USBOIF	=	0x6204
                           006206   730 _USBCIF	=	0x6206
                           006207   731 _USBIIE	=	0x6207
                           006209   732 _USBOIE	=	0x6209
                           00620B   733 _USBCIE	=	0x620b
                           00620C   734 _USBFRML	=	0x620c
                           00620D   735 _USBFRMH	=	0x620d
                           00620E   736 _USBINDEX	=	0x620e
                           00620F   737 _USBCTRL	=	0x620f
                           006210   738 _USBMAXI	=	0x6210
                           006211   739 _USBCS0	=	0x6211
                           006211   740 _USBCSIL	=	0x6211
                           006212   741 _USBCSIH	=	0x6212
                           006213   742 _USBMAXO	=	0x6213
                           006214   743 _USBCSOL	=	0x6214
                           006215   744 _USBCSOH	=	0x6215
                           006216   745 _USBCNT0	=	0x6216
                           006216   746 _USBCNTL	=	0x6216
                           006217   747 _USBCNTH	=	0x6217
                           006220   748 _USBF0	=	0x6220
                           006222   749 _USBF1	=	0x6222
                           006224   750 _USBF2	=	0x6224
                           006226   751 _USBF3	=	0x6226
                           006228   752 _USBF4	=	0x6228
                           00622A   753 _USBF5	=	0x622a
                           006174   754 _SHORTADDRH	=	0x6174
                           006175   755 _SHORTADDRL	=	0x6175
                           006172   756 _PANIDH	=	0x6172
                           006173   757 _PANIDL	=	0x6173
                           00616A   758 _IEEE_ADDR	=	0x616a
                           006180   759 _FRMFILT0	=	0x6180
                           006181   760 _FRMFILT1	=	0x6181
                           006182   761 _SRCMATCH	=	0x6182
                           006183   762 _SRCSHORTEN0	=	0x6183
                           006184   763 _SRCSHORTEN1	=	0x6184
                           006185   764 _SRCSHORTEN2	=	0x6185
                           006186   765 _SRCEXTEN0	=	0x6186
                           006187   766 _SRCEXTEN1	=	0x6187
                           006188   767 _SRCEXTEN2	=	0x6188
                           006189   768 _FRMCTRL0	=	0x6189
                           00618A   769 _FRMCTRL1	=	0x618a
                           00618B   770 _RXENABLE	=	0x618b
                           00618C   771 _RXMASKSET	=	0x618c
                           00618D   772 _RXMASKCLR	=	0x618d
                           00618E   773 _FREQTUNE	=	0x618e
                           00618F   774 _FREQCTRL	=	0x618f
                           006190   775 _TXPOWER	=	0x6190
                           006191   776 _TXCTRL	=	0x6191
                           006192   777 _FSMSTAT0	=	0x6192
                           006193   778 _FSMSTAT1	=	0x6193
                           006194   779 _FIFOPCTRL	=	0x6194
                           006195   780 _FSMCTRL	=	0x6195
                           006196   781 _CCACTRL0	=	0x6196
                           006197   782 _CCACTRL1	=	0x6197
                           006198   783 _RSSI	=	0x6198
                           006199   784 _RSSISTAT	=	0x6199
                           00619A   785 _RXFIRST	=	0x619a
                           00619B   786 _RXFIFOCNT	=	0x619b
                           00619C   787 _TXFIFOCNT	=	0x619c
                           00619D   788 _RXFIRST_PTR	=	0x619d
                           00619E   789 _RXLAST_PTR	=	0x619e
                           00619F   790 _RXP1_PTR	=	0x619f
                           0061A1   791 _TXFIRST_PTR	=	0x61a1
                           0061A2   792 _TXLAST_PTR	=	0x61a2
                           0061A3   793 _RFIRQM0	=	0x61a3
                           0061A4   794 _RFIRQM1	=	0x61a4
                           0061A5   795 _RFERRM	=	0x61a5
                           0061A6   796 _OPAMPMC	=	0x61a6
                           0061A7   797 _RFRND	=	0x61a7
                           0061A8   798 _MDMCTRL0	=	0x61a8
                           0061A9   799 _MDMCTRL1	=	0x61a9
                           0061AA   800 _FREQEST	=	0x61aa
                           0061AB   801 _RXCTRL	=	0x61ab
                           0061AC   802 _FSCTRL	=	0x61ac
                           0061AE   803 _FSCAL1	=	0x61ae
                           0061AF   804 _FSCAL2	=	0x61af
                           0061B0   805 _FSCAL3	=	0x61b0
                           0061B1   806 _AGCCTRL0	=	0x61b1
                           0061B2   807 _AGCCTRL1	=	0x61b2
                           0061B3   808 _AGCCTRL2	=	0x61b3
                           0061B4   809 _AGCCTRL3	=	0x61b4
                           0061B5   810 _ADCTEST0	=	0x61b5
                           0061B6   811 _ADCTEST1	=	0x61b6
                           0061B7   812 _ADCTEST2	=	0x61b7
                           0061B8   813 _MDMTEST0	=	0x61b8
                           0061B9   814 _MDMTEST1	=	0x61b9
                           0061BA   815 _DACTEST0	=	0x61ba
                           0061BB   816 _DACTEST1	=	0x61bb
                           0061BC   817 _DACTEST2	=	0x61bc
                           0061BD   818 _ATEST	=	0x61bd
                           0061BE   819 _PTEST0	=	0x61be
                           0061BF   820 _PTEST1	=	0x61bf
                           0061C0   821 _CSPPROG0	=	0x61c0
                           0061C1   822 _CSPPROG1	=	0x61c1
                           0061C2   823 _CSPPROG2	=	0x61c2
                           0061C3   824 _CSPPROG3	=	0x61c3
                           0061C4   825 _CSPPROG4	=	0x61c4
                           0061C5   826 _CSPPROG5	=	0x61c5
                           0061C6   827 _CSPPROG6	=	0x61c6
                           0061C7   828 _CSPPROG7	=	0x61c7
                           0061C8   829 _CSPPROG8	=	0x61c8
                           0061C9   830 _CSPPROG9	=	0x61c9
                           0061CA   831 _CSPPROG10	=	0x61ca
                           0061CB   832 _CSPPROG11	=	0x61cb
                           0061CC   833 _CSPPROG12	=	0x61cc
                           0061CD   834 _CSPPROG13	=	0x61cd
                           0061CE   835 _CSPPROG14	=	0x61ce
                           0061CF   836 _CSPPROG15	=	0x61cf
                           0061D0   837 _CSPPROG16	=	0x61d0
                           0061D1   838 _CSPPROG17	=	0x61d1
                           0061D2   839 _CSPPROG18	=	0x61d2
                           0061D3   840 _CSPPROG19	=	0x61d3
                           0061D4   841 _CSPPROG20	=	0x61d4
                           0061D5   842 _CSPPROG21	=	0x61d5
                           0061D6   843 _CSPPROG22	=	0x61d6
                           0061D7   844 _CSPPROG23	=	0x61d7
                           0061E0   845 _CSPCTRL	=	0x61e0
                           0061E1   846 _CSPSTAT	=	0x61e1
                           0061E2   847 _CSPX	=	0x61e2
                           0061E3   848 _CSPY	=	0x61e3
                           0061E4   849 _CSPZ	=	0x61e4
                           0061E5   850 _CSPT	=	0x61e5
                           0061EB   851 _RFC_OBS_CTRL0	=	0x61eb
                           0061EC   852 _RFC_OBS_CTRL1	=	0x61ec
                           0061ED   853 _RFC_OBS_CTRL2	=	0x61ed
                           0061FA   854 _TXFILTCFG	=	0x61fa
      000000                        855 _halAssertHazardLights_buttonHeld_1_7:
      000000                        856 	.ds 1
      000001                        857 _halAssertHazardLights_debugData_1_7:
      000001                        858 	.ds 4
      000005                        859 _halAssertHazardLights_i_2_9:
      000005                        860 	.ds 2
      000007                        861 _halAssertHazardLights_i_5_18:
      000007                        862 	.ds 4
      00000B                        863 _halAssertHazardLights_escape_4_29:
      00000B                        864 	.ds 1
      00000C                        865 _halAssertHazardLights_i_3_37:
      00000C                        866 	.ds 2
      00000E                        867 _halAssertHazardLights_iBit_3_39:
      00000E                        868 	.ds 1
      00000F                        869 _halAssertHazardLights_iByte_3_39:
      00000F                        870 	.ds 1
      000010                        871 _halAssertHazardLights_i_5_48:
      000010                        872 	.ds 2
                                    873 ;--------------------------------------------------------
                                    874 ; absolute external ram data
                                    875 ;--------------------------------------------------------
                                    876 	.area XABS    (ABS,XDATA)
                                    877 ;--------------------------------------------------------
                                    878 ; external initialized ram data
                                    879 ;--------------------------------------------------------
                                    880 	.area HOME    (CODE)
                                    881 	.area GSINIT0 (CODE)
                                    882 	.area GSINIT1 (CODE)
                                    883 	.area GSINIT2 (CODE)
                                    884 	.area GSINIT3 (CODE)
                                    885 	.area GSINIT4 (CODE)
                                    886 	.area GSINIT5 (CODE)
                                    887 	.area GSINIT  (CODE)
                                    888 	.area GSFINAL (CODE)
                                    889 	.area CSEG    (CODE)
                                    890 ;--------------------------------------------------------
                                    891 ; global & static initialisations
                                    892 ;--------------------------------------------------------
                                    893 	.area HOME    (CODE)
                                    894 	.area GSINIT  (CODE)
                                    895 	.area GSFINAL (CODE)
                                    896 	.area GSINIT  (CODE)
                                    897 ;------------------------------------------------------------
                                    898 ;Allocation info for local variables in function 'halAssertHazardLights'
                                    899 ;------------------------------------------------------------
                                    900 ;buttonHeld                Allocated with name '_halAssertHazardLights_buttonHeld_1_7'
                                    901 ;debugData                 Allocated with name '_halAssertHazardLights_debugData_1_7'
                                    902 ;i                         Allocated with name '_halAssertHazardLights_i_2_9'
                                    903 ;i                         Allocated with name '_halAssertHazardLights_i_5_18'
                                    904 ;escape                    Allocated with name '_halAssertHazardLights_escape_4_29'
                                    905 ;i                         Allocated with name '_halAssertHazardLights_i_3_37'
                                    906 ;iBit                      Allocated with name '_halAssertHazardLights_iBit_3_39'
                                    907 ;iByte                     Allocated with name '_halAssertHazardLights_iByte_3_39'
                                    908 ;i                         Allocated with name '_halAssertHazardLights_i_5_48'
                                    909 ;------------------------------------------------------------
                                    910 ;	../hal/common/hal_assert.c:163: static uint8 escape = 0;
      000000 90r00r0B         [24]  911 	mov	dptr,#_halAssertHazardLights_escape_4_29
      000003 74 00            [12]  912 	mov	a,#0x00
      000005 F0               [24]  913 	movx	@dptr,a
                                    914 ;--------------------------------------------------------
                                    915 ; Home
                                    916 ;--------------------------------------------------------
                                    917 	.area HOME    (CODE)
                                    918 	.area HOME    (CODE)
                                    919 ;--------------------------------------------------------
                                    920 ; code
                                    921 ;--------------------------------------------------------
                                    922 	.area CSEG    (CODE)
                                    923 ;------------------------------------------------------------
                                    924 ;Allocation info for local variables in function 'halAssertHandler'
                                    925 ;------------------------------------------------------------
                                    926 ;	../hal/common/hal_assert.c:75: void halAssertHandler(void)
                                    927 ;	-----------------------------------------
                                    928 ;	 function halAssertHandler
                                    929 ;	-----------------------------------------
      000000                        930 _halAssertHandler:
                           000007   931 	ar7 = 0x07
                           000006   932 	ar6 = 0x06
                           000005   933 	ar5 = 0x05
                           000004   934 	ar4 = 0x04
                           000003   935 	ar3 = 0x03
                           000002   936 	ar2 = 0x02
                           000001   937 	ar1 = 0x01
                           000000   938 	ar0 = 0x00
                                    939 ;	../hal/common/hal_assert.c:81: halAssertHazardLights();
      000000 12r00r04         [24]  940 	lcall	_halAssertHazardLights
      000003                        941 00101$:
      000003 22               [24]  942 	ret
                                    943 ;------------------------------------------------------------
                                    944 ;Allocation info for local variables in function 'halAssertHazardLights'
                                    945 ;------------------------------------------------------------
                                    946 ;buttonHeld                Allocated with name '_halAssertHazardLights_buttonHeld_1_7'
                                    947 ;debugData                 Allocated with name '_halAssertHazardLights_debugData_1_7'
                                    948 ;i                         Allocated with name '_halAssertHazardLights_i_2_9'
                                    949 ;i                         Allocated with name '_halAssertHazardLights_i_5_18'
                                    950 ;escape                    Allocated with name '_halAssertHazardLights_escape_4_29'
                                    951 ;i                         Allocated with name '_halAssertHazardLights_i_3_37'
                                    952 ;iBit                      Allocated with name '_halAssertHazardLights_iBit_3_39'
                                    953 ;iByte                     Allocated with name '_halAssertHazardLights_iByte_3_39'
                                    954 ;i                         Allocated with name '_halAssertHazardLights_i_5_48'
                                    955 ;------------------------------------------------------------
                                    956 ;	../hal/common/hal_assert.c:98: void halAssertHazardLights(void)
                                    957 ;	-----------------------------------------
                                    958 ;	 function halAssertHazardLights
                                    959 ;	-----------------------------------------
      000004                        960 _halAssertHazardLights:
                                    961 ;	../hal/common/hal_assert.c:121: HAL_DISABLE_INTERRUPTS();
      000004 C2 AF            [12]  962 	clr	_EA
                                    963 ;	../hal/common/hal_assert.c:126: HAL_BOARD_INIT();
      000006 AF BE            [24]  964 	mov	r7,_SLEEPCMD
      000008 74 FB            [12]  965 	mov	a,#0xFB
      00000A 5F               [12]  966 	anl	a,r7
      00000B F5 BE            [12]  967 	mov	_SLEEPCMD,a
      00000D                        968 00104$:
      00000D E5 9D            [12]  969 	mov	a,_SLEEPSTA
      00000F 20 E6 03         [24]  970 	jb	acc.6,00325$
      000012 02r00r0D         [24]  971 	ljmp	00104$
      000015                        972 00325$:
      000015 00               [12]  973 	NOP
      000016 90r00r05         [24]  974 	mov	dptr,#_halAssertHazardLights_i_2_9
      000019 74 F8            [12]  975 	mov	a,#0xF8
      00001B F0               [24]  976 	movx	@dptr,a
      00001C 74 01            [12]  977 	mov	a,#0x01
      00001E A3               [24]  978 	inc	dptr
      00001F F0               [24]  979 	movx	@dptr,a
      000020 90r00r05         [24]  980 	mov	dptr,#_halAssertHazardLights_i_2_9
      000023 E0               [24]  981 	movx	a,@dptr
      000024 FE               [12]  982 	mov	r6,a
      000025 A3               [24]  983 	inc	dptr
      000026 E0               [24]  984 	movx	a,@dptr
      000027 FF               [12]  985 	mov	r7,a
      000028                        986 00227$:
      000028 00               [12]  987 	NOP
      000029 1E               [12]  988 	dec	r6
      00002A BE FF 01         [24]  989 	cjne	r6,#0xFF,00326$
      00002D 1F               [12]  990 	dec	r7
      00002E                        991 00326$:
      00002E EE               [12]  992 	mov	a,r6
      00002F 4F               [12]  993 	orl	a,r7
      000030 60 03            [24]  994 	jz	00327$
      000032 02r00r28         [24]  995 	ljmp	00227$
      000035                        996 00327$:
      000035 75 C6 80         [24]  997 	mov	_CLKCONCMD,#0x80
      000038                        998 00108$:
      000038 74 80            [12]  999 	mov	a,#0x80
      00003A B5 9E 02         [24] 1000 	cjne	a,_CLKCONSTA,00328$
      00003D 80 03            [24] 1001 	sjmp	00329$
      00003F                       1002 00328$:
      00003F 02r00r38         [24] 1003 	ljmp	00108$
      000042                       1004 00329$:
      000042 43 BE 04         [24] 1005 	orl	_SLEEPCMD,#0x04
      000045 90 62 70         [24] 1006 	mov	dptr,#_FCTL
      000048 74 08            [12] 1007 	mov	a,#0x08
      00004A F0               [24] 1008 	movx	@dptr,a
      00004B 43 FD 10         [24] 1009 	orl	_P0DIR,#0x10
      00004E 43 FD 20         [24] 1010 	orl	_P0DIR,#0x20
      000051 43 FD 10         [24] 1011 	orl	_P0DIR,#0x10
      000054 43 8F 01         [24] 1012 	orl	_P0INP,#0x01
                                   1013 ;	../hal/common/hal_assert.c:128: HAL_TURN_OFF_LED1();
      000057 D2 84            [12] 1014 	setb	_P0_4
                                   1015 ;	../hal/common/hal_assert.c:129: HAL_TURN_OFF_LED2();
      000059 D2 85            [12] 1016 	setb	_P0_5
                                   1017 ;	../hal/common/hal_assert.c:130: HAL_TURN_OFF_LED3();
      00005B D2 84            [12] 1018 	setb	_P0_4
                                   1019 ;	../hal/common/hal_assert.c:131: HAL_TURN_OFF_LED4();
      00005D D2 84            [12] 1020 	setb	_P0_4
      00005F                       1021 00235$:
                                   1022 ;	../hal/common/hal_assert.c:138: buttonHeld = 0;
      00005F 90r00r00         [24] 1023 	mov	dptr,#_halAssertHazardLights_buttonHeld_1_7
      000062 74 00            [12] 1024 	mov	a,#0x00
      000064 F0               [24] 1025 	movx	@dptr,a
                                   1026 ;	../hal/common/hal_assert.c:145: HAL_LED_BLINK_DELAY();
      000065                       1027 00127$:
      000065 90r00r07         [24] 1028 	mov	dptr,#_halAssertHazardLights_i_5_18
      000068 74 00            [12] 1029 	mov	a,#0x00
      00006A F0               [24] 1030 	movx	@dptr,a
      00006B A3               [24] 1031 	inc	dptr
      00006C F0               [24] 1032 	movx	@dptr,a
      00006D A3               [24] 1033 	inc	dptr
      00006E F0               [24] 1034 	movx	@dptr,a
      00006F A3               [24] 1035 	inc	dptr
      000070 F0               [24] 1036 	movx	@dptr,a
      000071                       1037 00229$:
      000071 90r00r07         [24] 1038 	mov	dptr,#_halAssertHazardLights_i_5_18
      000074 E0               [24] 1039 	movx	a,@dptr
      000075 FC               [12] 1040 	mov	r4,a
      000076 A3               [24] 1041 	inc	dptr
      000077 E0               [24] 1042 	movx	a,@dptr
      000078 FD               [12] 1043 	mov	r5,a
      000079 A3               [24] 1044 	inc	dptr
      00007A E0               [24] 1045 	movx	a,@dptr
      00007B FE               [12] 1046 	mov	r6,a
      00007C A3               [24] 1047 	inc	dptr
      00007D E0               [24] 1048 	movx	a,@dptr
      00007E FF               [12] 1049 	mov	r7,a
      00007F C3               [12] 1050 	clr	c
      000080 ED               [12] 1051 	mov	a,r5
      000081 94 58            [12] 1052 	subb	a,#0x58
      000083 EE               [12] 1053 	mov	a,r6
      000084 94 00            [12] 1054 	subb	a,#0x00
      000086 EF               [12] 1055 	mov	a,r7
      000087 94 00            [12] 1056 	subb	a,#0x00
      000089 40 03            [24] 1057 	jc	00330$
      00008B 02r00rA7         [24] 1058 	ljmp	00128$
      00008E                       1059 00330$:
      00008E 90r00r07         [24] 1060 	mov	dptr,#_halAssertHazardLights_i_5_18
      000091 E0               [24] 1061 	movx	a,@dptr
      000092 24 01            [12] 1062 	add	a,#0x01
      000094 F0               [24] 1063 	movx	@dptr,a
      000095 A3               [24] 1064 	inc	dptr
      000096 E0               [24] 1065 	movx	a,@dptr
      000097 34 00            [12] 1066 	addc	a,#0x00
      000099 F0               [24] 1067 	movx	@dptr,a
      00009A A3               [24] 1068 	inc	dptr
      00009B E0               [24] 1069 	movx	a,@dptr
      00009C 34 00            [12] 1070 	addc	a,#0x00
      00009E F0               [24] 1071 	movx	@dptr,a
      00009F A3               [24] 1072 	inc	dptr
      0000A0 E0               [24] 1073 	movx	a,@dptr
      0000A1 34 00            [12] 1074 	addc	a,#0x00
      0000A3 F0               [24] 1075 	movx	@dptr,a
      0000A4 02r00r71         [24] 1076 	ljmp	00229$
      0000A7                       1077 00128$:
                                   1078 ;	../hal/common/hal_assert.c:149: HAL_TOGGLE_LED1();
      0000A7 20 84 03         [24] 1079 	jb	_P0_4,00331$
      0000AA 02r00rB2         [24] 1080 	ljmp	00131$
      0000AD                       1081 00331$:
      0000AD C2 84            [12] 1082 	clr	_P0_4
      0000AF 02r00rB4         [24] 1083 	ljmp	00134$
      0000B2                       1084 00131$:
      0000B2 D2 84            [12] 1085 	setb	_P0_4
      0000B4                       1086 00134$:
                                   1087 ;	../hal/common/hal_assert.c:151: HAL_TOGGLE_LED2();
      0000B4 20 85 03         [24] 1088 	jb	_P0_5,00332$
      0000B7 02r00rBF         [24] 1089 	ljmp	00137$
      0000BA                       1090 00332$:
      0000BA C2 85            [12] 1091 	clr	_P0_5
      0000BC 02r00rC1         [24] 1092 	ljmp	00140$
      0000BF                       1093 00137$:
      0000BF D2 85            [12] 1094 	setb	_P0_5
      0000C1                       1095 00140$:
                                   1096 ;	../hal/common/hal_assert.c:153: HAL_TOGGLE_LED3();
      0000C1 20 84 03         [24] 1097 	jb	_P0_4,00333$
      0000C4 02r00rCC         [24] 1098 	ljmp	00143$
      0000C7                       1099 00333$:
      0000C7 C2 84            [12] 1100 	clr	_P0_4
      0000C9 02r00rCE         [24] 1101 	ljmp	00146$
      0000CC                       1102 00143$:
      0000CC D2 84            [12] 1103 	setb	_P0_4
      0000CE                       1104 00146$:
                                   1105 ;	../hal/common/hal_assert.c:164: if (escape)
      0000CE 90r00r0B         [24] 1106 	mov	dptr,#_halAssertHazardLights_escape_4_29
      0000D1 E0               [24] 1107 	movx	a,@dptr
      0000D2 FF               [12] 1108 	mov	r7,a
      0000D3 EF               [12] 1109 	mov	a,r7
      0000D4 70 03            [24] 1110 	jnz	00334$
      0000D6 02r00rE2         [24] 1111 	ljmp	00149$
      0000D9                       1112 00334$:
                                   1113 ;	../hal/common/hal_assert.c:166: escape = 0;
      0000D9 90r00r0B         [24] 1114 	mov	dptr,#_halAssertHazardLights_escape_4_29
      0000DC 74 00            [12] 1115 	mov	a,#0x00
      0000DE F0               [24] 1116 	movx	@dptr,a
                                   1117 ;	../hal/common/hal_assert.c:167: return;
      0000DF 02r02r1E         [24] 1118 	ljmp	00237$
      0000E2                       1119 00149$:
                                   1120 ;	../hal/common/hal_assert.c:172: if (HAL_PUSH_BUTTON1())
      0000E2 20 81 03         [24] 1121 	jb	_P0_1,00335$
      0000E5 02r00rF2         [24] 1122 	ljmp	00151$
      0000E8                       1123 00335$:
                                   1124 ;	../hal/common/hal_assert.c:174: buttonHeld++;
      0000E8 90r00r00         [24] 1125 	mov	dptr,#_halAssertHazardLights_buttonHeld_1_7
      0000EB E0               [24] 1126 	movx	a,@dptr
      0000EC 24 01            [12] 1127 	add	a,#0x01
      0000EE F0               [24] 1128 	movx	@dptr,a
      0000EF 02r00rF8         [24] 1129 	ljmp	00154$
      0000F2                       1130 00151$:
                                   1131 ;	../hal/common/hal_assert.c:178: buttonHeld = 0;
      0000F2 90r00r00         [24] 1132 	mov	dptr,#_halAssertHazardLights_buttonHeld_1_7
      0000F5 74 00            [12] 1133 	mov	a,#0x00
      0000F7 F0               [24] 1134 	movx	@dptr,a
      0000F8                       1135 00154$:
                                   1136 ;	../hal/common/hal_assert.c:181: while (buttonHeld != 10);  /* loop until button is held specified number of loops */
      0000F8 90r00r00         [24] 1137 	mov	dptr,#_halAssertHazardLights_buttonHeld_1_7
      0000FB E0               [24] 1138 	movx	a,@dptr
      0000FC FF               [12] 1139 	mov	r7,a
      0000FD BF 0A 02         [24] 1140 	cjne	r7,#0x0A,00336$
      000100 80 03            [24] 1141 	sjmp	00337$
      000102                       1142 00336$:
      000102 02r00r65         [24] 1143 	ljmp	00127$
      000105                       1144 00337$:
                                   1145 ;	../hal/common/hal_assert.c:188: HAL_TURN_OFF_LED1();
      000105 D2 84            [12] 1146 	setb	_P0_4
                                   1147 ;	../hal/common/hal_assert.c:189: HAL_TURN_OFF_LED2();
      000107 D2 85            [12] 1148 	setb	_P0_5
                                   1149 ;	../hal/common/hal_assert.c:190: HAL_TURN_OFF_LED3();
      000109 D2 84            [12] 1150 	setb	_P0_4
                                   1151 ;	../hal/common/hal_assert.c:191: HAL_TURN_OFF_LED4();
      00010B D2 84            [12] 1152 	setb	_P0_4
                                   1153 ;	../hal/common/hal_assert.c:194: HAL_DEBOUNCE(!HAL_PUSH_BUTTON1());
      00010D 90r00r0C         [24] 1154 	mov	dptr,#_halAssertHazardLights_i_3_37
      000110 74 00            [12] 1155 	mov	a,#0x00
      000112 F0               [24] 1156 	movx	@dptr,a
      000113 A3               [24] 1157 	inc	dptr
      000114 F0               [24] 1158 	movx	@dptr,a
      000115                       1159 00231$:
      000115 20 81 03         [24] 1160 	jb	_P0_1,00338$
      000118 02r01r23         [24] 1161 	ljmp	00232$
      00011B                       1162 00338$:
      00011B 90r00r0C         [24] 1163 	mov	dptr,#_halAssertHazardLights_i_3_37
      00011E 74 00            [12] 1164 	mov	a,#0x00
      000120 F0               [24] 1165 	movx	@dptr,a
      000121 A3               [24] 1166 	inc	dptr
      000122 F0               [24] 1167 	movx	@dptr,a
      000123                       1168 00232$:
      000123 90r00r0C         [24] 1169 	mov	dptr,#_halAssertHazardLights_i_3_37
      000126 E0               [24] 1170 	movx	a,@dptr
      000127 24 01            [12] 1171 	add	a,#0x01
      000129 F0               [24] 1172 	movx	@dptr,a
      00012A A3               [24] 1173 	inc	dptr
      00012B E0               [24] 1174 	movx	a,@dptr
      00012C 34 00            [12] 1175 	addc	a,#0x00
      00012E F0               [24] 1176 	movx	@dptr,a
      00012F 90r00r0C         [24] 1177 	mov	dptr,#_halAssertHazardLights_i_3_37
      000132 E0               [24] 1178 	movx	a,@dptr
      000133 FE               [12] 1179 	mov	r6,a
      000134 A3               [24] 1180 	inc	dptr
      000135 E0               [24] 1181 	movx	a,@dptr
      000136 FF               [12] 1182 	mov	r7,a
      000137 C3               [12] 1183 	clr	c
      000138 EE               [12] 1184 	mov	a,r6
      000139 94 F4            [12] 1185 	subb	a,#0xF4
      00013B EF               [12] 1186 	mov	a,r7
      00013C 64 80            [12] 1187 	xrl	a,#0x80
      00013E 94 81            [12] 1188 	subb	a,#0x81
      000140 50 03            [24] 1189 	jnc	00339$
      000142 02r01r15         [24] 1190 	ljmp	00231$
      000145                       1191 00339$:
                                   1192 ;	../hal/common/hal_assert.c:230: iBit  = 0;
      000145 90r00r0E         [24] 1193 	mov	dptr,#_halAssertHazardLights_iBit_3_39
      000148 74 00            [12] 1194 	mov	a,#0x00
      00014A F0               [24] 1195 	movx	@dptr,a
                                   1196 ;	../hal/common/hal_assert.c:231: iByte = 0;
      00014B 90r00r0F         [24] 1197 	mov	dptr,#_halAssertHazardLights_iByte_3_39
      00014E F0               [24] 1198 	movx	@dptr,a
                                   1199 ;	../hal/common/hal_assert.c:236: while (iByte < DEBUG_DATA_SIZE)
      00014F E0               [24] 1200 	movx	a,@dptr
      000150 FF               [12] 1201 	mov	r7,a
      000151                       1202 00218$:
      000151 BF 04 00         [24] 1203 	cjne	r7,#0x04,00340$
      000154                       1204 00340$:
      000154 40 03            [24] 1205 	jc	00341$
      000156 02r02r19         [24] 1206 	ljmp	00221$
      000159                       1207 00341$:
                                   1208 ;	../hal/common/hal_assert.c:239: while(!HAL_PUSH_BUTTON1());
      000159                       1209 00171$:
      000159 20 81 03         [24] 1210 	jb	_P0_1,00342$
      00015C 02r01r59         [24] 1211 	ljmp	00171$
      00015F                       1212 00342$:
                                   1213 ;	../hal/common/hal_assert.c:242: HAL_TURN_ON_LED1();
      00015F C2 84            [12] 1214 	clr	_P0_4
                                   1215 ;	../hal/common/hal_assert.c:243: HAL_TURN_ON_LED2();
      000161 C2 85            [12] 1216 	clr	_P0_5
                                   1217 ;	../hal/common/hal_assert.c:244: HAL_TURN_ON_LED3();
      000163 C2 84            [12] 1218 	clr	_P0_4
                                   1219 ;	../hal/common/hal_assert.c:245: if (iBit == 0)
      000165 90r00r0E         [24] 1220 	mov	dptr,#_halAssertHazardLights_iBit_3_39
      000168 E0               [24] 1221 	movx	a,@dptr
      000169 FE               [12] 1222 	mov	r6,a
      00016A EE               [12] 1223 	mov	a,r6
      00016B 60 03            [24] 1224 	jz	00343$
      00016D 02r01r75         [24] 1225 	ljmp	00186$
      000170                       1226 00343$:
                                   1227 ;	../hal/common/hal_assert.c:247: HAL_TURN_ON_LED4();
      000170 C2 84            [12] 1228 	clr	_P0_4
      000172 02r01r77         [24] 1229 	ljmp	00191$
                                   1230 ;	../hal/common/hal_assert.c:251: HAL_TURN_OFF_LED4();
      000175                       1231 00186$:
      000175 D2 84            [12] 1232 	setb	_P0_4
      000177                       1233 00191$:
                                   1234 ;	../hal/common/hal_assert.c:255: HAL_DEBOUNCE(!HAL_PUSH_BUTTON1());
      000177 90r00r10         [24] 1235 	mov	dptr,#_halAssertHazardLights_i_5_48
      00017A 74 00            [12] 1236 	mov	a,#0x00
      00017C F0               [24] 1237 	movx	@dptr,a
      00017D A3               [24] 1238 	inc	dptr
      00017E F0               [24] 1239 	movx	@dptr,a
      00017F                       1240 00233$:
      00017F 20 81 03         [24] 1241 	jb	_P0_1,00344$
      000182 02r01r8D         [24] 1242 	ljmp	00234$
      000185                       1243 00344$:
      000185 90r00r10         [24] 1244 	mov	dptr,#_halAssertHazardLights_i_5_48
      000188 74 00            [12] 1245 	mov	a,#0x00
      00018A F0               [24] 1246 	movx	@dptr,a
      00018B A3               [24] 1247 	inc	dptr
      00018C F0               [24] 1248 	movx	@dptr,a
      00018D                       1249 00234$:
      00018D 90r00r10         [24] 1250 	mov	dptr,#_halAssertHazardLights_i_5_48
      000190 E0               [24] 1251 	movx	a,@dptr
      000191 24 01            [12] 1252 	add	a,#0x01
      000193 F0               [24] 1253 	movx	@dptr,a
      000194 A3               [24] 1254 	inc	dptr
      000195 E0               [24] 1255 	movx	a,@dptr
      000196 34 00            [12] 1256 	addc	a,#0x00
      000198 F0               [24] 1257 	movx	@dptr,a
      000199 90r00r10         [24] 1258 	mov	dptr,#_halAssertHazardLights_i_5_48
      00019C E0               [24] 1259 	movx	a,@dptr
      00019D FD               [12] 1260 	mov	r5,a
      00019E A3               [24] 1261 	inc	dptr
      00019F E0               [24] 1262 	movx	a,@dptr
      0001A0 FE               [12] 1263 	mov	r6,a
      0001A1 C3               [12] 1264 	clr	c
      0001A2 ED               [12] 1265 	mov	a,r5
      0001A3 94 F4            [12] 1266 	subb	a,#0xF4
      0001A5 EE               [12] 1267 	mov	a,r6
      0001A6 64 80            [12] 1268 	xrl	a,#0x80
      0001A8 94 81            [12] 1269 	subb	a,#0x81
      0001AA 50 03            [24] 1270 	jnc	00345$
      0001AC 02r01r7F         [24] 1271 	ljmp	00233$
      0001AF                       1272 00345$:
                                   1273 ;	../hal/common/hal_assert.c:258: HAL_TURN_OFF_LED1();
      0001AF D2 84            [12] 1274 	setb	_P0_4
                                   1275 ;	../hal/common/hal_assert.c:259: HAL_TURN_OFF_LED2();
      0001B1 D2 85            [12] 1276 	setb	_P0_5
                                   1277 ;	../hal/common/hal_assert.c:260: HAL_TURN_OFF_LED3();
      0001B3 D2 84            [12] 1278 	setb	_P0_4
                                   1279 ;	../hal/common/hal_assert.c:261: HAL_TURN_OFF_LED4();
      0001B5 D2 84            [12] 1280 	setb	_P0_4
                                   1281 ;	../hal/common/hal_assert.c:264: if (debugData[iByte] & (1 << (7 - iBit)))
      0001B7 EF               [12] 1282 	mov	a,r7
      0001B8 24r01            [12] 1283 	add	a,#_halAssertHazardLights_debugData_1_7
      0001BA F5 82            [12] 1284 	mov	dpl,a
      0001BC 74 00            [12] 1285 	mov	a,#0x00
      0001BE 34s00            [12] 1286 	addc	a,#(_halAssertHazardLights_debugData_1_7 >> 8)
      0001C0 F5 83            [12] 1287 	mov	dph,a
      0001C2 E0               [24] 1288 	movx	a,@dptr
      0001C3 FE               [12] 1289 	mov	r6,a
      0001C4 90r00r0E         [24] 1290 	mov	dptr,#_halAssertHazardLights_iBit_3_39
      0001C7 E0               [24] 1291 	movx	a,@dptr
      0001C8 FD               [12] 1292 	mov	r5,a
      0001C9 7C 00            [12] 1293 	mov	r4,#0x00
      0001CB 74 07            [12] 1294 	mov	a,#0x07
      0001CD C3               [12] 1295 	clr	c
      0001CE 9D               [12] 1296 	subb	a,r5
      0001CF FD               [12] 1297 	mov	r5,a
      0001D0 74 00            [12] 1298 	mov	a,#0x00
      0001D2 9C               [12] 1299 	subb	a,r4
      0001D3 FC               [12] 1300 	mov	r4,a
      0001D4 8D F0            [24] 1301 	mov	b,r5
      0001D6 05 F0            [12] 1302 	inc	b
      0001D8 7D 01            [12] 1303 	mov	r5,#0x01
      0001DA 7C 00            [12] 1304 	mov	r4,#0x00
      0001DC 80 07            [24] 1305 	sjmp	00347$
      0001DE                       1306 00346$:
      0001DE ED               [12] 1307 	mov	a,r5
      0001DF 25 E0            [12] 1308 	add	a,acc
      0001E1 FD               [12] 1309 	mov	r5,a
      0001E2 EC               [12] 1310 	mov	a,r4
      0001E3 33               [12] 1311 	rlc	a
      0001E4 FC               [12] 1312 	mov	r4,a
      0001E5                       1313 00347$:
      0001E5 D5 F0 F6         [24] 1314 	djnz	b,00346$
      0001E8 7B 00            [12] 1315 	mov	r3,#0x00
      0001EA EE               [12] 1316 	mov	a,r6
      0001EB 52 05            [12] 1317 	anl	ar5,a
      0001ED EB               [12] 1318 	mov	a,r3
      0001EE 52 04            [12] 1319 	anl	ar4,a
      0001F0 ED               [12] 1320 	mov	a,r5
      0001F1 4C               [12] 1321 	orl	a,r4
      0001F2 70 03            [24] 1322 	jnz	00348$
      0001F4 02r01rFC         [24] 1323 	ljmp	00210$
      0001F7                       1324 00348$:
                                   1325 ;	../hal/common/hal_assert.c:266: HAL_TURN_ON_LED1();
      0001F7 C2 84            [12] 1326 	clr	_P0_4
      0001F9 02r01rFE         [24] 1327 	ljmp	00215$
                                   1328 ;	../hal/common/hal_assert.c:270: HAL_TURN_OFF_LED1();
      0001FC                       1329 00210$:
      0001FC D2 84            [12] 1330 	setb	_P0_4
      0001FE                       1331 00215$:
                                   1332 ;	../hal/common/hal_assert.c:274: iBit++;
      0001FE 90r00r0E         [24] 1333 	mov	dptr,#_halAssertHazardLights_iBit_3_39
      000201 E0               [24] 1334 	movx	a,@dptr
      000202 24 01            [12] 1335 	add	a,#0x01
      000204 F0               [24] 1336 	movx	@dptr,a
                                   1337 ;	../hal/common/hal_assert.c:275: if (iBit == 8)
      000205 E0               [24] 1338 	movx	a,@dptr
      000206 FE               [12] 1339 	mov	r6,a
      000207 BE 08 02         [24] 1340 	cjne	r6,#0x08,00349$
      00020A 80 03            [24] 1341 	sjmp	00350$
      00020C                       1342 00349$:
      00020C 02r01r51         [24] 1343 	ljmp	00218$
      00020F                       1344 00350$:
                                   1345 ;	../hal/common/hal_assert.c:277: iBit = 0;
      00020F 90r00r0E         [24] 1346 	mov	dptr,#_halAssertHazardLights_iBit_3_39
      000212 74 00            [12] 1347 	mov	a,#0x00
      000214 F0               [24] 1348 	movx	@dptr,a
                                   1349 ;	../hal/common/hal_assert.c:278: iByte++;
      000215 0F               [12] 1350 	inc	r7
      000216 02r01r51         [24] 1351 	ljmp	00218$
                                   1352 ;	../hal/common/hal_assert.c:288: HAL_TURN_OFF_LED1();
      000219                       1353 00221$:
      000219 D2 84            [12] 1354 	setb	_P0_4
      00021B 02r00r5F         [24] 1355 	ljmp	00235$
      00021E                       1356 00237$:
      00021E 22               [24] 1357 	ret
                                   1358 	.area CSEG    (CODE)
                                   1359 	.area CONST   (CODE)
                                   1360 	.area CABS    (ABS,CODE)
