                                      1 ;--------------------------------------------------------
                                      2 ; File Created by SDCC : free open source ANSI-C Compiler
                                      3 ; Version 3.4.0 #8981 (Apr  5 2014) (Mac OS X i386)
                                      4 ; This file was generated Sun Jul  5 09:33:17 2015
                                      5 ;--------------------------------------------------------
                                      6 	.module SimpleBLEPeripheral_Main
                                      7 	.optsdcc -mmcs51 --model-large
                                      8 	
                                      9 ;--------------------------------------------------------
                                     10 ; Public variables in this module
                                     11 ;--------------------------------------------------------
                                     12 	.globl _main
                                     13 	.globl _MODE
                                     14 	.globl _RE
                                     15 	.globl _SLAVE
                                     16 	.globl _FE
                                     17 	.globl _ERR
                                     18 	.globl _RX_BYTE
                                     19 	.globl _TX_BYTE
                                     20 	.globl _ACTIVE
                                     21 	.globl _B_7
                                     22 	.globl _B_6
                                     23 	.globl _B_5
                                     24 	.globl _B_4
                                     25 	.globl _B_3
                                     26 	.globl _B_2
                                     27 	.globl _B_1
                                     28 	.globl _B_0
                                     29 	.globl _WDTIF
                                     30 	.globl _P1IF
                                     31 	.globl _UTX1IF
                                     32 	.globl _UTX0IF
                                     33 	.globl _P2IF
                                     34 	.globl _ACC_7
                                     35 	.globl _ACC_6
                                     36 	.globl _ACC_5
                                     37 	.globl _ACC_4
                                     38 	.globl _ACC_3
                                     39 	.globl _ACC_2
                                     40 	.globl _ACC_1
                                     41 	.globl _ACC_0
                                     42 	.globl _OVFIM
                                     43 	.globl _T4CH1IF
                                     44 	.globl _T4CH0IF
                                     45 	.globl _T4OVFIF
                                     46 	.globl _T3CH1IF
                                     47 	.globl _T3CH0IF
                                     48 	.globl _T3OVFIF
                                     49 	.globl _CY
                                     50 	.globl _AC
                                     51 	.globl _F0
                                     52 	.globl _RS1
                                     53 	.globl _RS0
                                     54 	.globl _OV
                                     55 	.globl _F1
                                     56 	.globl _P
                                     57 	.globl _STIF
                                     58 	.globl _P0IF
                                     59 	.globl _T4IF
                                     60 	.globl _T3IF
                                     61 	.globl _T2IF
                                     62 	.globl _T1IF
                                     63 	.globl _DMAIF
                                     64 	.globl _P0IE
                                     65 	.globl _T4IE
                                     66 	.globl _T3IE
                                     67 	.globl _T2IE
                                     68 	.globl _T1IE
                                     69 	.globl _DMAIE
                                     70 	.globl _EA
                                     71 	.globl _STIE
                                     72 	.globl _ENCIE
                                     73 	.globl _URX1IE
                                     74 	.globl _URX0IE
                                     75 	.globl _ADCIE
                                     76 	.globl _RFERRIE
                                     77 	.globl _P2_7
                                     78 	.globl _P2_6
                                     79 	.globl _P2_5
                                     80 	.globl _P2_4
                                     81 	.globl _P2_3
                                     82 	.globl _P2_2
                                     83 	.globl _P2_1
                                     84 	.globl _P2_0
                                     85 	.globl _ENCIF_1
                                     86 	.globl _ENCIF_0
                                     87 	.globl _P1_7
                                     88 	.globl _P1_6
                                     89 	.globl _P1_5
                                     90 	.globl _P1_4
                                     91 	.globl _P1_3
                                     92 	.globl _P1_2
                                     93 	.globl _P1_1
                                     94 	.globl _P1_0
                                     95 	.globl _URX1IF
                                     96 	.globl _ADCIF
                                     97 	.globl _URX0IF
                                     98 	.globl _IT1
                                     99 	.globl _RFERRIF
                                    100 	.globl _IT0
                                    101 	.globl _P0_7
                                    102 	.globl _P0_6
                                    103 	.globl _P0_5
                                    104 	.globl _P0_4
                                    105 	.globl _P0_3
                                    106 	.globl _P0_2
                                    107 	.globl _P0_1
                                    108 	.globl _P0_0
                                    109 	.globl _P2DIR
                                    110 	.globl _P1DIR
                                    111 	.globl _P0DIR
                                    112 	.globl _U1GCR
                                    113 	.globl _U1UCR
                                    114 	.globl _U1BAUD
                                    115 	.globl _U1DBUF
                                    116 	.globl _U1CSR
                                    117 	.globl _P2INP
                                    118 	.globl _P1INP
                                    119 	.globl _P2SEL
                                    120 	.globl _P1SEL
                                    121 	.globl _P0SEL
                                    122 	.globl _APCFG
                                    123 	.globl _PERCFG
                                    124 	.globl _B
                                    125 	.globl _T4CC1
                                    126 	.globl _T4CCTL1
                                    127 	.globl _T4CC0
                                    128 	.globl _T4CCTL0
                                    129 	.globl _T4CTL
                                    130 	.globl _T4CNT
                                    131 	.globl _RFIRQF0
                                    132 	.globl _IRCON2
                                    133 	.globl _T1CCTL2
                                    134 	.globl _T1CCTL1
                                    135 	.globl _T1CCTL0
                                    136 	.globl _T1CTL
                                    137 	.globl _T1CNTH
                                    138 	.globl _T1CNTL
                                    139 	.globl _RFST
                                    140 	.globl _ACC
                                    141 	.globl _T1CC2H
                                    142 	.globl _T1CC2L
                                    143 	.globl _T1CC1H
                                    144 	.globl _T1CC1L
                                    145 	.globl _T1CC0H
                                    146 	.globl _T1CC0L
                                    147 	.globl _RFD
                                    148 	.globl _TIMIF
                                    149 	.globl _DMAREQ
                                    150 	.globl _DMAARM
                                    151 	.globl _DMA0CFGH
                                    152 	.globl _DMA0CFGL
                                    153 	.globl _DMA1CFGH
                                    154 	.globl _DMA1CFGL
                                    155 	.globl _DMAIRQ
                                    156 	.globl _PSW
                                    157 	.globl _T3CC1
                                    158 	.globl _T3CCTL1
                                    159 	.globl _T3CC0
                                    160 	.globl _T3CCTL0
                                    161 	.globl _T3CTL
                                    162 	.globl _T3CNT
                                    163 	.globl _WDCTL
                                    164 	.globl _MEMCTR
                                    165 	.globl _CLKCONCMD
                                    166 	.globl _U0GCR
                                    167 	.globl _U0UCR
                                    168 	.globl _T2MSEL
                                    169 	.globl _U0BAUD
                                    170 	.globl _U0DBUF
                                    171 	.globl _IRCON
                                    172 	.globl _RFERRF
                                    173 	.globl _SLEEPCMD
                                    174 	.globl _RNDH
                                    175 	.globl _RNDL
                                    176 	.globl _ADCH
                                    177 	.globl _ADCL
                                    178 	.globl _IP1
                                    179 	.globl _IEN1
                                    180 	.globl _ADCCON3
                                    181 	.globl _ADCCON2
                                    182 	.globl _ADCCON1
                                    183 	.globl _ENCCS
                                    184 	.globl _ENCDO
                                    185 	.globl _ENCDI
                                    186 	.globl _T1STAT
                                    187 	.globl _PMUX
                                    188 	.globl _STLOAD
                                    189 	.globl _P2IEN
                                    190 	.globl _P0IEN
                                    191 	.globl _IP0
                                    192 	.globl _IEN0
                                    193 	.globl _T2IRQM
                                    194 	.globl _T2MOVF2
                                    195 	.globl _T2MOVF1
                                    196 	.globl _T2MOVF0
                                    197 	.globl _T2M1
                                    198 	.globl _T2M0
                                    199 	.globl _T2IRQF
                                    200 	.globl _P2
                                    201 	.globl _FMAP
                                    202 	.globl _PSBANK
                                    203 	.globl _CLKCONSTA
                                    204 	.globl _SLEEPSTA
                                    205 	.globl _T2EVTCFG
                                    206 	.globl _S1CON
                                    207 	.globl _IEN2
                                    208 	.globl _S0CON
                                    209 	.globl _ST2
                                    210 	.globl _ST1
                                    211 	.globl _ST0
                                    212 	.globl _T2CTRL
                                    213 	.globl __XPAGE
                                    214 	.globl _MPAGE
                                    215 	.globl _DPS
                                    216 	.globl _RFIRQF1
                                    217 	.globl _P1
                                    218 	.globl _P0INP
                                    219 	.globl _P1IEN
                                    220 	.globl _PICTL
                                    221 	.globl _P2IFG
                                    222 	.globl _P1IFG
                                    223 	.globl _P0IFG
                                    224 	.globl _TCON
                                    225 	.globl _PCON
                                    226 	.globl _U0CSR
                                    227 	.globl _DPH1
                                    228 	.globl _DPL1
                                    229 	.globl _DPH0
                                    230 	.globl _DPL0
                                    231 	.globl _SP
                                    232 	.globl _P0
                                    233 	.globl _TXFILTCFG
                                    234 	.globl _RFC_OBS_CTRL2
                                    235 	.globl _RFC_OBS_CTRL1
                                    236 	.globl _RFC_OBS_CTRL0
                                    237 	.globl _CSPT
                                    238 	.globl _CSPZ
                                    239 	.globl _CSPY
                                    240 	.globl _CSPX
                                    241 	.globl _CSPSTAT
                                    242 	.globl _CSPCTRL
                                    243 	.globl _CSPPROG23
                                    244 	.globl _CSPPROG22
                                    245 	.globl _CSPPROG21
                                    246 	.globl _CSPPROG20
                                    247 	.globl _CSPPROG19
                                    248 	.globl _CSPPROG18
                                    249 	.globl _CSPPROG17
                                    250 	.globl _CSPPROG16
                                    251 	.globl _CSPPROG15
                                    252 	.globl _CSPPROG14
                                    253 	.globl _CSPPROG13
                                    254 	.globl _CSPPROG12
                                    255 	.globl _CSPPROG11
                                    256 	.globl _CSPPROG10
                                    257 	.globl _CSPPROG9
                                    258 	.globl _CSPPROG8
                                    259 	.globl _CSPPROG7
                                    260 	.globl _CSPPROG6
                                    261 	.globl _CSPPROG5
                                    262 	.globl _CSPPROG4
                                    263 	.globl _CSPPROG3
                                    264 	.globl _CSPPROG2
                                    265 	.globl _CSPPROG1
                                    266 	.globl _CSPPROG0
                                    267 	.globl _PTEST1
                                    268 	.globl _PTEST0
                                    269 	.globl _ATEST
                                    270 	.globl _DACTEST2
                                    271 	.globl _DACTEST1
                                    272 	.globl _DACTEST0
                                    273 	.globl _MDMTEST1
                                    274 	.globl _MDMTEST0
                                    275 	.globl _ADCTEST2
                                    276 	.globl _ADCTEST1
                                    277 	.globl _ADCTEST0
                                    278 	.globl _AGCCTRL3
                                    279 	.globl _AGCCTRL2
                                    280 	.globl _AGCCTRL1
                                    281 	.globl _AGCCTRL0
                                    282 	.globl _FSCAL3
                                    283 	.globl _FSCAL2
                                    284 	.globl _FSCAL1
                                    285 	.globl _FSCTRL
                                    286 	.globl _RXCTRL
                                    287 	.globl _FREQEST
                                    288 	.globl _MDMCTRL1
                                    289 	.globl _MDMCTRL0
                                    290 	.globl _RFRND
                                    291 	.globl _OPAMPMC
                                    292 	.globl _RFERRM
                                    293 	.globl _RFIRQM1
                                    294 	.globl _RFIRQM0
                                    295 	.globl _TXLAST_PTR
                                    296 	.globl _TXFIRST_PTR
                                    297 	.globl _RXP1_PTR
                                    298 	.globl _RXLAST_PTR
                                    299 	.globl _RXFIRST_PTR
                                    300 	.globl _TXFIFOCNT
                                    301 	.globl _RXFIFOCNT
                                    302 	.globl _RXFIRST
                                    303 	.globl _RSSISTAT
                                    304 	.globl _RSSI
                                    305 	.globl _CCACTRL1
                                    306 	.globl _CCACTRL0
                                    307 	.globl _FSMCTRL
                                    308 	.globl _FIFOPCTRL
                                    309 	.globl _FSMSTAT1
                                    310 	.globl _FSMSTAT0
                                    311 	.globl _TXCTRL
                                    312 	.globl _TXPOWER
                                    313 	.globl _FREQCTRL
                                    314 	.globl _FREQTUNE
                                    315 	.globl _RXMASKCLR
                                    316 	.globl _RXMASKSET
                                    317 	.globl _RXENABLE
                                    318 	.globl _FRMCTRL1
                                    319 	.globl _FRMCTRL0
                                    320 	.globl _SRCEXTEN2
                                    321 	.globl _SRCEXTEN1
                                    322 	.globl _SRCEXTEN0
                                    323 	.globl _SRCSHORTEN2
                                    324 	.globl _SRCSHORTEN1
                                    325 	.globl _SRCSHORTEN0
                                    326 	.globl _SRCMATCH
                                    327 	.globl _FRMFILT1
                                    328 	.globl _FRMFILT0
                                    329 	.globl _IEEE_ADDR
                                    330 	.globl _PANIDL
                                    331 	.globl _PANIDH
                                    332 	.globl _SHORTADDRL
                                    333 	.globl _SHORTADDRH
                                    334 	.globl _USBF5
                                    335 	.globl _USBF4
                                    336 	.globl _USBF3
                                    337 	.globl _USBF2
                                    338 	.globl _USBF1
                                    339 	.globl _USBF0
                                    340 	.globl _USBCNTH
                                    341 	.globl _USBCNTL
                                    342 	.globl _USBCNT0
                                    343 	.globl _USBCSOH
                                    344 	.globl _USBCSOL
                                    345 	.globl _USBMAXO
                                    346 	.globl _USBCSIH
                                    347 	.globl _USBCSIL
                                    348 	.globl _USBCS0
                                    349 	.globl _USBMAXI
                                    350 	.globl _USBCTRL
                                    351 	.globl _USBINDEX
                                    352 	.globl _USBFRMH
                                    353 	.globl _USBFRML
                                    354 	.globl _USBCIE
                                    355 	.globl _USBOIE
                                    356 	.globl _USBIIE
                                    357 	.globl _USBCIF
                                    358 	.globl _USBOIF
                                    359 	.globl _USBIIF
                                    360 	.globl _USBPOW
                                    361 	.globl _USBADDR
                                    362 	.globl _CMPCTL
                                    363 	.globl _OPAMPS
                                    364 	.globl _OPAMPC
                                    365 	.globl _STCV2
                                    366 	.globl _STCV1
                                    367 	.globl _STCV0
                                    368 	.globl _STCS
                                    369 	.globl _STCC
                                    370 	.globl _T1CC4H
                                    371 	.globl _T1CC4L
                                    372 	.globl _T1CC3H
                                    373 	.globl _T1CC3L
                                    374 	.globl _X_T1CC2H
                                    375 	.globl _X_T1CC2L
                                    376 	.globl _X_T1CC1H
                                    377 	.globl _X_T1CC1L
                                    378 	.globl _X_T1CC0H
                                    379 	.globl _X_T1CC0L
                                    380 	.globl _T1CCTL4
                                    381 	.globl _T1CCTL3
                                    382 	.globl _X_T1CCTL2
                                    383 	.globl _X_T1CCTL1
                                    384 	.globl _X_T1CCTL0
                                    385 	.globl _CLD
                                    386 	.globl _IRCTL
                                    387 	.globl _CHIPINFO1
                                    388 	.globl _CHIPINFO0
                                    389 	.globl _FWDATA
                                    390 	.globl _FADDRH
                                    391 	.globl _FADDRL
                                    392 	.globl _FCTL
                                    393 	.globl _IVCTRL
                                    394 	.globl _BATTMON
                                    395 	.globl _SRCRC
                                    396 	.globl _DBGDATA
                                    397 	.globl _TESTREG0
                                    398 	.globl _CHIPID
                                    399 	.globl _CHVER
                                    400 	.globl _OBSSEL5
                                    401 	.globl _OBSSEL4
                                    402 	.globl _OBSSEL3
                                    403 	.globl _OBSSEL2
                                    404 	.globl _OBSSEL1
                                    405 	.globl _OBSSEL0
                                    406 	.globl _I2CIO
                                    407 	.globl _I2CWC
                                    408 	.globl _I2CADDR
                                    409 	.globl _I2CDATA
                                    410 	.globl _I2CSTAT
                                    411 	.globl _I2CCFG
                                    412 ;--------------------------------------------------------
                                    413 ; special function registers
                                    414 ;--------------------------------------------------------
                                    415 	.area RSEG    (ABS,DATA)
      000000                        416 	.org 0x0000
                           000080   417 _P0	=	0x0080
                           000081   418 _SP	=	0x0081
                           000082   419 _DPL0	=	0x0082
                           000083   420 _DPH0	=	0x0083
                           000084   421 _DPL1	=	0x0084
                           000085   422 _DPH1	=	0x0085
                           000086   423 _U0CSR	=	0x0086
                           000087   424 _PCON	=	0x0087
                           000088   425 _TCON	=	0x0088
                           000089   426 _P0IFG	=	0x0089
                           00008A   427 _P1IFG	=	0x008a
                           00008B   428 _P2IFG	=	0x008b
                           00008C   429 _PICTL	=	0x008c
                           00008D   430 _P1IEN	=	0x008d
                           00008F   431 _P0INP	=	0x008f
                           000090   432 _P1	=	0x0090
                           000091   433 _RFIRQF1	=	0x0091
                           000092   434 _DPS	=	0x0092
                           000093   435 _MPAGE	=	0x0093
                           000093   436 __XPAGE	=	0x0093
                           000094   437 _T2CTRL	=	0x0094
                           000095   438 _ST0	=	0x0095
                           000096   439 _ST1	=	0x0096
                           000097   440 _ST2	=	0x0097
                           000098   441 _S0CON	=	0x0098
                           00009A   442 _IEN2	=	0x009a
                           00009B   443 _S1CON	=	0x009b
                           00009C   444 _T2EVTCFG	=	0x009c
                           00009D   445 _SLEEPSTA	=	0x009d
                           00009E   446 _CLKCONSTA	=	0x009e
                           00009F   447 _PSBANK	=	0x009f
                           00009F   448 _FMAP	=	0x009f
                           0000A0   449 _P2	=	0x00a0
                           0000A1   450 _T2IRQF	=	0x00a1
                           0000A2   451 _T2M0	=	0x00a2
                           0000A3   452 _T2M1	=	0x00a3
                           0000A4   453 _T2MOVF0	=	0x00a4
                           0000A5   454 _T2MOVF1	=	0x00a5
                           0000A6   455 _T2MOVF2	=	0x00a6
                           0000A7   456 _T2IRQM	=	0x00a7
                           0000A8   457 _IEN0	=	0x00a8
                           0000A9   458 _IP0	=	0x00a9
                           0000AB   459 _P0IEN	=	0x00ab
                           0000AC   460 _P2IEN	=	0x00ac
                           0000AD   461 _STLOAD	=	0x00ad
                           0000AE   462 _PMUX	=	0x00ae
                           0000AF   463 _T1STAT	=	0x00af
                           0000B1   464 _ENCDI	=	0x00b1
                           0000B2   465 _ENCDO	=	0x00b2
                           0000B3   466 _ENCCS	=	0x00b3
                           0000B4   467 _ADCCON1	=	0x00b4
                           0000B5   468 _ADCCON2	=	0x00b5
                           0000B6   469 _ADCCON3	=	0x00b6
                           0000B8   470 _IEN1	=	0x00b8
                           0000B9   471 _IP1	=	0x00b9
                           0000BA   472 _ADCL	=	0x00ba
                           0000BB   473 _ADCH	=	0x00bb
                           0000BC   474 _RNDL	=	0x00bc
                           0000BD   475 _RNDH	=	0x00bd
                           0000BE   476 _SLEEPCMD	=	0x00be
                           0000BF   477 _RFERRF	=	0x00bf
                           0000C0   478 _IRCON	=	0x00c0
                           0000C1   479 _U0DBUF	=	0x00c1
                           0000C2   480 _U0BAUD	=	0x00c2
                           0000C3   481 _T2MSEL	=	0x00c3
                           0000C4   482 _U0UCR	=	0x00c4
                           0000C5   483 _U0GCR	=	0x00c5
                           0000C6   484 _CLKCONCMD	=	0x00c6
                           0000C7   485 _MEMCTR	=	0x00c7
                           0000C9   486 _WDCTL	=	0x00c9
                           0000CA   487 _T3CNT	=	0x00ca
                           0000CB   488 _T3CTL	=	0x00cb
                           0000CC   489 _T3CCTL0	=	0x00cc
                           0000CD   490 _T3CC0	=	0x00cd
                           0000CE   491 _T3CCTL1	=	0x00ce
                           0000CF   492 _T3CC1	=	0x00cf
                           0000D0   493 _PSW	=	0x00d0
                           0000D1   494 _DMAIRQ	=	0x00d1
                           0000D2   495 _DMA1CFGL	=	0x00d2
                           0000D3   496 _DMA1CFGH	=	0x00d3
                           0000D4   497 _DMA0CFGL	=	0x00d4
                           0000D5   498 _DMA0CFGH	=	0x00d5
                           0000D6   499 _DMAARM	=	0x00d6
                           0000D7   500 _DMAREQ	=	0x00d7
                           0000D8   501 _TIMIF	=	0x00d8
                           0000D9   502 _RFD	=	0x00d9
                           0000DA   503 _T1CC0L	=	0x00da
                           0000DB   504 _T1CC0H	=	0x00db
                           0000DC   505 _T1CC1L	=	0x00dc
                           0000DD   506 _T1CC1H	=	0x00dd
                           0000DE   507 _T1CC2L	=	0x00de
                           0000DF   508 _T1CC2H	=	0x00df
                           0000E0   509 _ACC	=	0x00e0
                           0000E1   510 _RFST	=	0x00e1
                           0000E2   511 _T1CNTL	=	0x00e2
                           0000E3   512 _T1CNTH	=	0x00e3
                           0000E4   513 _T1CTL	=	0x00e4
                           0000E5   514 _T1CCTL0	=	0x00e5
                           0000E6   515 _T1CCTL1	=	0x00e6
                           0000E7   516 _T1CCTL2	=	0x00e7
                           0000E8   517 _IRCON2	=	0x00e8
                           0000E9   518 _RFIRQF0	=	0x00e9
                           0000EA   519 _T4CNT	=	0x00ea
                           0000EB   520 _T4CTL	=	0x00eb
                           0000EC   521 _T4CCTL0	=	0x00ec
                           0000ED   522 _T4CC0	=	0x00ed
                           0000EE   523 _T4CCTL1	=	0x00ee
                           0000EF   524 _T4CC1	=	0x00ef
                           0000F0   525 _B	=	0x00f0
                           0000F1   526 _PERCFG	=	0x00f1
                           0000F2   527 _APCFG	=	0x00f2
                           0000F3   528 _P0SEL	=	0x00f3
                           0000F4   529 _P1SEL	=	0x00f4
                           0000F5   530 _P2SEL	=	0x00f5
                           0000F6   531 _P1INP	=	0x00f6
                           0000F7   532 _P2INP	=	0x00f7
                           0000F8   533 _U1CSR	=	0x00f8
                           0000F9   534 _U1DBUF	=	0x00f9
                           0000FA   535 _U1BAUD	=	0x00fa
                           0000FB   536 _U1UCR	=	0x00fb
                           0000FC   537 _U1GCR	=	0x00fc
                           0000FD   538 _P0DIR	=	0x00fd
                           0000FE   539 _P1DIR	=	0x00fe
                           0000FF   540 _P2DIR	=	0x00ff
                                    541 ;--------------------------------------------------------
                                    542 ; special function bits
                                    543 ;--------------------------------------------------------
                                    544 	.area RSEG    (ABS,DATA)
      000000                        545 	.org 0x0000
                           000080   546 _P0_0	=	0x0080
                           000081   547 _P0_1	=	0x0081
                           000082   548 _P0_2	=	0x0082
                           000083   549 _P0_3	=	0x0083
                           000084   550 _P0_4	=	0x0084
                           000085   551 _P0_5	=	0x0085
                           000086   552 _P0_6	=	0x0086
                           000087   553 _P0_7	=	0x0087
                           000088   554 _IT0	=	0x0088
                           000089   555 _RFERRIF	=	0x0089
                           00008A   556 _IT1	=	0x008a
                           00008B   557 _URX0IF	=	0x008b
                           00008D   558 _ADCIF	=	0x008d
                           00008F   559 _URX1IF	=	0x008f
                           000090   560 _P1_0	=	0x0090
                           000091   561 _P1_1	=	0x0091
                           000092   562 _P1_2	=	0x0092
                           000093   563 _P1_3	=	0x0093
                           000094   564 _P1_4	=	0x0094
                           000095   565 _P1_5	=	0x0095
                           000096   566 _P1_6	=	0x0096
                           000097   567 _P1_7	=	0x0097
                           000098   568 _ENCIF_0	=	0x0098
                           000099   569 _ENCIF_1	=	0x0099
                           0000A0   570 _P2_0	=	0x00a0
                           0000A1   571 _P2_1	=	0x00a1
                           0000A2   572 _P2_2	=	0x00a2
                           0000A3   573 _P2_3	=	0x00a3
                           0000A4   574 _P2_4	=	0x00a4
                           0000A5   575 _P2_5	=	0x00a5
                           0000A6   576 _P2_6	=	0x00a6
                           0000A7   577 _P2_7	=	0x00a7
                           0000A8   578 _RFERRIE	=	0x00a8
                           0000A9   579 _ADCIE	=	0x00a9
                           0000AA   580 _URX0IE	=	0x00aa
                           0000AB   581 _URX1IE	=	0x00ab
                           0000AC   582 _ENCIE	=	0x00ac
                           0000AD   583 _STIE	=	0x00ad
                           0000AF   584 _EA	=	0x00af
                           0000B8   585 _DMAIE	=	0x00b8
                           0000B9   586 _T1IE	=	0x00b9
                           0000BA   587 _T2IE	=	0x00ba
                           0000BB   588 _T3IE	=	0x00bb
                           0000BC   589 _T4IE	=	0x00bc
                           0000BD   590 _P0IE	=	0x00bd
                           0000C0   591 _DMAIF	=	0x00c0
                           0000C1   592 _T1IF	=	0x00c1
                           0000C2   593 _T2IF	=	0x00c2
                           0000C3   594 _T3IF	=	0x00c3
                           0000C4   595 _T4IF	=	0x00c4
                           0000C5   596 _P0IF	=	0x00c5
                           0000C7   597 _STIF	=	0x00c7
                           0000D0   598 _P	=	0x00d0
                           0000D1   599 _F1	=	0x00d1
                           0000D2   600 _OV	=	0x00d2
                           0000D3   601 _RS0	=	0x00d3
                           0000D4   602 _RS1	=	0x00d4
                           0000D5   603 _F0	=	0x00d5
                           0000D6   604 _AC	=	0x00d6
                           0000D7   605 _CY	=	0x00d7
                           0000D8   606 _T3OVFIF	=	0x00d8
                           0000D9   607 _T3CH0IF	=	0x00d9
                           0000DA   608 _T3CH1IF	=	0x00da
                           0000DB   609 _T4OVFIF	=	0x00db
                           0000DC   610 _T4CH0IF	=	0x00dc
                           0000DD   611 _T4CH1IF	=	0x00dd
                           0000DE   612 _OVFIM	=	0x00de
                           0000E0   613 _ACC_0	=	0x00e0
                           0000E1   614 _ACC_1	=	0x00e1
                           0000E2   615 _ACC_2	=	0x00e2
                           0000E3   616 _ACC_3	=	0x00e3
                           0000E4   617 _ACC_4	=	0x00e4
                           0000E5   618 _ACC_5	=	0x00e5
                           0000E6   619 _ACC_6	=	0x00e6
                           0000E7   620 _ACC_7	=	0x00e7
                           0000E8   621 _P2IF	=	0x00e8
                           0000E9   622 _UTX0IF	=	0x00e9
                           0000EA   623 _UTX1IF	=	0x00ea
                           0000EB   624 _P1IF	=	0x00eb
                           0000EC   625 _WDTIF	=	0x00ec
                           0000F0   626 _B_0	=	0x00f0
                           0000F1   627 _B_1	=	0x00f1
                           0000F2   628 _B_2	=	0x00f2
                           0000F3   629 _B_3	=	0x00f3
                           0000F4   630 _B_4	=	0x00f4
                           0000F5   631 _B_5	=	0x00f5
                           0000F6   632 _B_6	=	0x00f6
                           0000F7   633 _B_7	=	0x00f7
                           0000F8   634 _ACTIVE	=	0x00f8
                           0000F9   635 _TX_BYTE	=	0x00f9
                           0000FA   636 _RX_BYTE	=	0x00fa
                           0000FB   637 _ERR	=	0x00fb
                           0000FC   638 _FE	=	0x00fc
                           0000FD   639 _SLAVE	=	0x00fd
                           0000FE   640 _RE	=	0x00fe
                           0000FF   641 _MODE	=	0x00ff
                                    642 ;--------------------------------------------------------
                                    643 ; overlayable register banks
                                    644 ;--------------------------------------------------------
                                    645 	.area REG_BANK_0	(REL,OVR,DATA)
      000000                        646 	.ds 8
                                    647 ;--------------------------------------------------------
                                    648 ; internal ram data
                                    649 ;--------------------------------------------------------
                                    650 	.area DSEG    (DATA)
                                    651 ;--------------------------------------------------------
                                    652 ; overlayable items in internal ram 
                                    653 ;--------------------------------------------------------
                                    654 ;--------------------------------------------------------
                                    655 ; Stack segment in internal ram 
                                    656 ;--------------------------------------------------------
                                    657 	.area	SSEG
      000000                        658 __start__stack:
      000000                        659 	.ds	1
                                    660 
                                    661 ;--------------------------------------------------------
                                    662 ; indirectly addressable internal ram data
                                    663 ;--------------------------------------------------------
                                    664 	.area ISEG    (DATA)
                                    665 ;--------------------------------------------------------
                                    666 ; absolute internal ram data
                                    667 ;--------------------------------------------------------
                                    668 	.area IABS    (ABS,DATA)
                                    669 	.area IABS    (ABS,DATA)
                                    670 ;--------------------------------------------------------
                                    671 ; bit data
                                    672 ;--------------------------------------------------------
                                    673 	.area BSEG    (BIT)
                                    674 ;--------------------------------------------------------
                                    675 ; paged external ram data
                                    676 ;--------------------------------------------------------
                                    677 	.area PSEG    (PAG,XDATA)
                                    678 ;--------------------------------------------------------
                                    679 ; external ram data
                                    680 ;--------------------------------------------------------
                                    681 	.area XSEG    (XDATA)
                           006230   682 _I2CCFG	=	0x6230
                           006231   683 _I2CSTAT	=	0x6231
                           006232   684 _I2CDATA	=	0x6232
                           006233   685 _I2CADDR	=	0x6233
                           006234   686 _I2CWC	=	0x6234
                           006235   687 _I2CIO	=	0x6235
                           006243   688 _OBSSEL0	=	0x6243
                           006244   689 _OBSSEL1	=	0x6244
                           006245   690 _OBSSEL2	=	0x6245
                           006246   691 _OBSSEL3	=	0x6246
                           006247   692 _OBSSEL4	=	0x6247
                           006248   693 _OBSSEL5	=	0x6248
                           006249   694 _CHVER	=	0x6249
                           00624A   695 _CHIPID	=	0x624a
                           00624B   696 _TESTREG0	=	0x624b
                           006260   697 _DBGDATA	=	0x6260
                           006262   698 _SRCRC	=	0x6262
                           006264   699 _BATTMON	=	0x6264
                           006265   700 _IVCTRL	=	0x6265
                           006270   701 _FCTL	=	0x6270
                           006271   702 _FADDRL	=	0x6271
                           006272   703 _FADDRH	=	0x6272
                           006273   704 _FWDATA	=	0x6273
                           006276   705 _CHIPINFO0	=	0x6276
                           006277   706 _CHIPINFO1	=	0x6277
                           006281   707 _IRCTL	=	0x6281
                           006290   708 _CLD	=	0x6290
                           0062A0   709 _X_T1CCTL0	=	0x62a0
                           0062A1   710 _X_T1CCTL1	=	0x62a1
                           0062A2   711 _X_T1CCTL2	=	0x62a2
                           0062A3   712 _T1CCTL3	=	0x62a3
                           0062A4   713 _T1CCTL4	=	0x62a4
                           0062A6   714 _X_T1CC0L	=	0x62a6
                           0062A7   715 _X_T1CC0H	=	0x62a7
                           0062A8   716 _X_T1CC1L	=	0x62a8
                           0062A9   717 _X_T1CC1H	=	0x62a9
                           0062AA   718 _X_T1CC2L	=	0x62aa
                           0062AB   719 _X_T1CC2H	=	0x62ab
                           0062AC   720 _T1CC3L	=	0x62ac
                           0062AD   721 _T1CC3H	=	0x62ad
                           0062AE   722 _T1CC4L	=	0x62ae
                           0062AF   723 _T1CC4H	=	0x62af
                           0062B0   724 _STCC	=	0x62b0
                           0062B1   725 _STCS	=	0x62b1
                           0062B2   726 _STCV0	=	0x62b2
                           0062B3   727 _STCV1	=	0x62b3
                           0062B4   728 _STCV2	=	0x62b4
                           0062C0   729 _OPAMPC	=	0x62c0
                           0062C1   730 _OPAMPS	=	0x62c1
                           0062D0   731 _CMPCTL	=	0x62d0
                           006200   732 _USBADDR	=	0x6200
                           006201   733 _USBPOW	=	0x6201
                           006202   734 _USBIIF	=	0x6202
                           006204   735 _USBOIF	=	0x6204
                           006206   736 _USBCIF	=	0x6206
                           006207   737 _USBIIE	=	0x6207
                           006209   738 _USBOIE	=	0x6209
                           00620B   739 _USBCIE	=	0x620b
                           00620C   740 _USBFRML	=	0x620c
                           00620D   741 _USBFRMH	=	0x620d
                           00620E   742 _USBINDEX	=	0x620e
                           00620F   743 _USBCTRL	=	0x620f
                           006210   744 _USBMAXI	=	0x6210
                           006211   745 _USBCS0	=	0x6211
                           006211   746 _USBCSIL	=	0x6211
                           006212   747 _USBCSIH	=	0x6212
                           006213   748 _USBMAXO	=	0x6213
                           006214   749 _USBCSOL	=	0x6214
                           006215   750 _USBCSOH	=	0x6215
                           006216   751 _USBCNT0	=	0x6216
                           006216   752 _USBCNTL	=	0x6216
                           006217   753 _USBCNTH	=	0x6217
                           006220   754 _USBF0	=	0x6220
                           006222   755 _USBF1	=	0x6222
                           006224   756 _USBF2	=	0x6224
                           006226   757 _USBF3	=	0x6226
                           006228   758 _USBF4	=	0x6228
                           00622A   759 _USBF5	=	0x622a
                           006174   760 _SHORTADDRH	=	0x6174
                           006175   761 _SHORTADDRL	=	0x6175
                           006172   762 _PANIDH	=	0x6172
                           006173   763 _PANIDL	=	0x6173
                           00616A   764 _IEEE_ADDR	=	0x616a
                           006180   765 _FRMFILT0	=	0x6180
                           006181   766 _FRMFILT1	=	0x6181
                           006182   767 _SRCMATCH	=	0x6182
                           006183   768 _SRCSHORTEN0	=	0x6183
                           006184   769 _SRCSHORTEN1	=	0x6184
                           006185   770 _SRCSHORTEN2	=	0x6185
                           006186   771 _SRCEXTEN0	=	0x6186
                           006187   772 _SRCEXTEN1	=	0x6187
                           006188   773 _SRCEXTEN2	=	0x6188
                           006189   774 _FRMCTRL0	=	0x6189
                           00618A   775 _FRMCTRL1	=	0x618a
                           00618B   776 _RXENABLE	=	0x618b
                           00618C   777 _RXMASKSET	=	0x618c
                           00618D   778 _RXMASKCLR	=	0x618d
                           00618E   779 _FREQTUNE	=	0x618e
                           00618F   780 _FREQCTRL	=	0x618f
                           006190   781 _TXPOWER	=	0x6190
                           006191   782 _TXCTRL	=	0x6191
                           006192   783 _FSMSTAT0	=	0x6192
                           006193   784 _FSMSTAT1	=	0x6193
                           006194   785 _FIFOPCTRL	=	0x6194
                           006195   786 _FSMCTRL	=	0x6195
                           006196   787 _CCACTRL0	=	0x6196
                           006197   788 _CCACTRL1	=	0x6197
                           006198   789 _RSSI	=	0x6198
                           006199   790 _RSSISTAT	=	0x6199
                           00619A   791 _RXFIRST	=	0x619a
                           00619B   792 _RXFIFOCNT	=	0x619b
                           00619C   793 _TXFIFOCNT	=	0x619c
                           00619D   794 _RXFIRST_PTR	=	0x619d
                           00619E   795 _RXLAST_PTR	=	0x619e
                           00619F   796 _RXP1_PTR	=	0x619f
                           0061A1   797 _TXFIRST_PTR	=	0x61a1
                           0061A2   798 _TXLAST_PTR	=	0x61a2
                           0061A3   799 _RFIRQM0	=	0x61a3
                           0061A4   800 _RFIRQM1	=	0x61a4
                           0061A5   801 _RFERRM	=	0x61a5
                           0061A6   802 _OPAMPMC	=	0x61a6
                           0061A7   803 _RFRND	=	0x61a7
                           0061A8   804 _MDMCTRL0	=	0x61a8
                           0061A9   805 _MDMCTRL1	=	0x61a9
                           0061AA   806 _FREQEST	=	0x61aa
                           0061AB   807 _RXCTRL	=	0x61ab
                           0061AC   808 _FSCTRL	=	0x61ac
                           0061AE   809 _FSCAL1	=	0x61ae
                           0061AF   810 _FSCAL2	=	0x61af
                           0061B0   811 _FSCAL3	=	0x61b0
                           0061B1   812 _AGCCTRL0	=	0x61b1
                           0061B2   813 _AGCCTRL1	=	0x61b2
                           0061B3   814 _AGCCTRL2	=	0x61b3
                           0061B4   815 _AGCCTRL3	=	0x61b4
                           0061B5   816 _ADCTEST0	=	0x61b5
                           0061B6   817 _ADCTEST1	=	0x61b6
                           0061B7   818 _ADCTEST2	=	0x61b7
                           0061B8   819 _MDMTEST0	=	0x61b8
                           0061B9   820 _MDMTEST1	=	0x61b9
                           0061BA   821 _DACTEST0	=	0x61ba
                           0061BB   822 _DACTEST1	=	0x61bb
                           0061BC   823 _DACTEST2	=	0x61bc
                           0061BD   824 _ATEST	=	0x61bd
                           0061BE   825 _PTEST0	=	0x61be
                           0061BF   826 _PTEST1	=	0x61bf
                           0061C0   827 _CSPPROG0	=	0x61c0
                           0061C1   828 _CSPPROG1	=	0x61c1
                           0061C2   829 _CSPPROG2	=	0x61c2
                           0061C3   830 _CSPPROG3	=	0x61c3
                           0061C4   831 _CSPPROG4	=	0x61c4
                           0061C5   832 _CSPPROG5	=	0x61c5
                           0061C6   833 _CSPPROG6	=	0x61c6
                           0061C7   834 _CSPPROG7	=	0x61c7
                           0061C8   835 _CSPPROG8	=	0x61c8
                           0061C9   836 _CSPPROG9	=	0x61c9
                           0061CA   837 _CSPPROG10	=	0x61ca
                           0061CB   838 _CSPPROG11	=	0x61cb
                           0061CC   839 _CSPPROG12	=	0x61cc
                           0061CD   840 _CSPPROG13	=	0x61cd
                           0061CE   841 _CSPPROG14	=	0x61ce
                           0061CF   842 _CSPPROG15	=	0x61cf
                           0061D0   843 _CSPPROG16	=	0x61d0
                           0061D1   844 _CSPPROG17	=	0x61d1
                           0061D2   845 _CSPPROG18	=	0x61d2
                           0061D3   846 _CSPPROG19	=	0x61d3
                           0061D4   847 _CSPPROG20	=	0x61d4
                           0061D5   848 _CSPPROG21	=	0x61d5
                           0061D6   849 _CSPPROG22	=	0x61d6
                           0061D7   850 _CSPPROG23	=	0x61d7
                           0061E0   851 _CSPCTRL	=	0x61e0
                           0061E1   852 _CSPSTAT	=	0x61e1
                           0061E2   853 _CSPX	=	0x61e2
                           0061E3   854 _CSPY	=	0x61e3
                           0061E4   855 _CSPZ	=	0x61e4
                           0061E5   856 _CSPT	=	0x61e5
                           0061EB   857 _RFC_OBS_CTRL0	=	0x61eb
                           0061EC   858 _RFC_OBS_CTRL1	=	0x61ec
                           0061ED   859 _RFC_OBS_CTRL2	=	0x61ed
                           0061FA   860 _TXFILTCFG	=	0x61fa
      000000                        861 _main_i_1_85:
      000000                        862 	.ds 4
      000004                        863 _main_sloc0_1_0:
      000004                        864 	.ds 1
                                    865 ;--------------------------------------------------------
                                    866 ; absolute external ram data
                                    867 ;--------------------------------------------------------
                                    868 	.area XABS    (ABS,XDATA)
                                    869 ;--------------------------------------------------------
                                    870 ; external initialized ram data
                                    871 ;--------------------------------------------------------
                                    872 	.area HOME    (CODE)
                                    873 	.area GSINIT0 (CODE)
                                    874 	.area GSINIT1 (CODE)
                                    875 	.area GSINIT2 (CODE)
                                    876 	.area GSINIT3 (CODE)
                                    877 	.area GSINIT4 (CODE)
                                    878 	.area GSINIT5 (CODE)
                                    879 	.area GSINIT  (CODE)
                                    880 	.area GSFINAL (CODE)
                                    881 	.area CSEG    (CODE)
                                    882 ;--------------------------------------------------------
                                    883 ; interrupt vector 
                                    884 ;--------------------------------------------------------
                                    885 	.area HOME    (CODE)
      000000                        886 __interrupt_vect:
      000000 02r00r00         [24]  887 	ljmp	__sdcc_gsinit_startup
                                    888 ;--------------------------------------------------------
                                    889 ; global & static initialisations
                                    890 ;--------------------------------------------------------
                                    891 	.area HOME    (CODE)
                                    892 	.area GSINIT  (CODE)
                                    893 	.area GSFINAL (CODE)
                                    894 	.area GSINIT  (CODE)
                                    895 	.globl __sdcc_gsinit_startup
                                    896 	.globl __sdcc_program_startup
                                    897 	.globl __start__stack
                                    898 	.globl __mcs51_genRAMCLEAR
                                    899 	.area GSFINAL (CODE)
      000000 02r00r03         [24]  900 	ljmp	__sdcc_program_startup
                                    901 ;--------------------------------------------------------
                                    902 ; Home
                                    903 ;--------------------------------------------------------
                                    904 	.area HOME    (CODE)
                                    905 	.area HOME    (CODE)
      000003                        906 __sdcc_program_startup:
      000003 02r00r00         [24]  907 	ljmp	_main
                                    908 ;	return from main will return to caller
                                    909 ;--------------------------------------------------------
                                    910 ; code
                                    911 ;--------------------------------------------------------
                                    912 	.area CSEG    (CODE)
                                    913 ;------------------------------------------------------------
                                    914 ;Allocation info for local variables in function 'main'
                                    915 ;------------------------------------------------------------
                                    916 ;i                         Allocated with name '_main_i_1_85'
                                    917 ;sloc0                     Allocated with name '_main_sloc0_1_0'
                                    918 ;------------------------------------------------------------
                                    919 ;	./source/SimpleBLEPeripheral_Main.c:80: int main(void)
                                    920 ;	-----------------------------------------
                                    921 ;	 function main
                                    922 ;	-----------------------------------------
      000000                        923 _main:
                           000007   924 	ar7 = 0x07
                           000006   925 	ar6 = 0x06
                           000005   926 	ar5 = 0x05
                           000004   927 	ar4 = 0x04
                           000003   928 	ar3 = 0x03
                           000002   929 	ar2 = 0x02
                           000001   930 	ar1 = 0x01
                           000000   931 	ar0 = 0x00
                                    932 ;	./source/SimpleBLEPeripheral_Main.c:85: SP=0x49;
      000000 75 81 49         [24]  933 	mov	_SP,#0x49
                                    934 ;	./source/SimpleBLEPeripheral_Main.c:88: while(1){
      000003                        935 00104$:
                                    936 ;	./source/SimpleBLEPeripheral_Main.c:90: P0_0|=0x01;
      000003 90r00r04         [24]  937 	mov	dptr,#_main_sloc0_1_0
      000006 74 01            [12]  938 	mov	a,#0x01
      000008 F0               [24]  939 	movx	@dptr,a
      000009 A2 80            [12]  940 	mov	c,_P0_0
      00000B 90r00r04         [24]  941 	mov	dptr,#_main_sloc0_1_0
      00000E E0               [24]  942 	movx	a,@dptr
      00000F 24 FF            [12]  943 	add	a,#0xff
      000011 92 80            [24]  944 	mov	_P0_0,c
                                    945 ;	./source/SimpleBLEPeripheral_Main.c:93: for(i=0;i<10000;i++)
      000013 90r00r00         [24]  946 	mov	dptr,#_main_i_1_85
      000016 74 10            [12]  947 	mov	a,#0x10
      000018 F0               [24]  948 	movx	@dptr,a
      000019 74 27            [12]  949 	mov	a,#0x27
      00001B A3               [24]  950 	inc	dptr
      00001C F0               [24]  951 	movx	@dptr,a
      00001D 74 00            [12]  952 	mov	a,#0x00
      00001F A3               [24]  953 	inc	dptr
      000020 F0               [24]  954 	movx	@dptr,a
      000021 A3               [24]  955 	inc	dptr
      000022 F0               [24]  956 	movx	@dptr,a
      000023 90r00r00         [24]  957 	mov	dptr,#_main_i_1_85
      000026 E0               [24]  958 	movx	a,@dptr
      000027 FC               [12]  959 	mov	r4,a
      000028 A3               [24]  960 	inc	dptr
      000029 E0               [24]  961 	movx	a,@dptr
      00002A FD               [12]  962 	mov	r5,a
      00002B A3               [24]  963 	inc	dptr
      00002C E0               [24]  964 	movx	a,@dptr
      00002D FE               [12]  965 	mov	r6,a
      00002E A3               [24]  966 	inc	dptr
      00002F E0               [24]  967 	movx	a,@dptr
      000030 FF               [12]  968 	mov	r7,a
      000031                        969 00108$:
      000031 1C               [12]  970 	dec	r4
      000032 BC FF 09         [24]  971 	cjne	r4,#0xFF,00131$
      000035 1D               [12]  972 	dec	r5
      000036 BD FF 05         [24]  973 	cjne	r5,#0xFF,00131$
      000039 1E               [12]  974 	dec	r6
      00003A BE FF 01         [24]  975 	cjne	r6,#0xFF,00131$
      00003D 1F               [12]  976 	dec	r7
      00003E                        977 00131$:
      00003E EC               [12]  978 	mov	a,r4
      00003F 4D               [12]  979 	orl	a,r5
      000040 4E               [12]  980 	orl	a,r6
      000041 4F               [12]  981 	orl	a,r7
      000042 60 03            [24]  982 	jz	00132$
      000044 02r00r31         [24]  983 	ljmp	00108$
      000047                        984 00132$:
                                    985 ;	./source/SimpleBLEPeripheral_Main.c:98: P0_0&=~0x01;
      000047 90r00r04         [24]  986 	mov	dptr,#_main_sloc0_1_0
      00004A 74 00            [12]  987 	mov	a,#0x00
      00004C F0               [24]  988 	movx	@dptr,a
      00004D A2 80            [12]  989 	mov	c,_P0_0
      00004F 90r00r04         [24]  990 	mov	dptr,#_main_sloc0_1_0
      000052 E0               [24]  991 	movx	a,@dptr
      000053 24 FF            [12]  992 	add	a,#0xff
      000055 92 80            [24]  993 	mov	_P0_0,c
                                    994 ;	./source/SimpleBLEPeripheral_Main.c:99: for( i=0;i<10000;i++)
      000057 90r00r00         [24]  995 	mov	dptr,#_main_i_1_85
      00005A 74 10            [12]  996 	mov	a,#0x10
      00005C F0               [24]  997 	movx	@dptr,a
      00005D 74 27            [12]  998 	mov	a,#0x27
      00005F A3               [24]  999 	inc	dptr
      000060 F0               [24] 1000 	movx	@dptr,a
      000061 74 00            [12] 1001 	mov	a,#0x00
      000063 A3               [24] 1002 	inc	dptr
      000064 F0               [24] 1003 	movx	@dptr,a
      000065 A3               [24] 1004 	inc	dptr
      000066 F0               [24] 1005 	movx	@dptr,a
      000067 90r00r00         [24] 1006 	mov	dptr,#_main_i_1_85
      00006A E0               [24] 1007 	movx	a,@dptr
      00006B FC               [12] 1008 	mov	r4,a
      00006C A3               [24] 1009 	inc	dptr
      00006D E0               [24] 1010 	movx	a,@dptr
      00006E FD               [12] 1011 	mov	r5,a
      00006F A3               [24] 1012 	inc	dptr
      000070 E0               [24] 1013 	movx	a,@dptr
      000071 FE               [12] 1014 	mov	r6,a
      000072 A3               [24] 1015 	inc	dptr
      000073 E0               [24] 1016 	movx	a,@dptr
      000074 FF               [12] 1017 	mov	r7,a
      000075                       1018 00111$:
      000075 1C               [12] 1019 	dec	r4
      000076 BC FF 09         [24] 1020 	cjne	r4,#0xFF,00133$
      000079 1D               [12] 1021 	dec	r5
      00007A BD FF 05         [24] 1022 	cjne	r5,#0xFF,00133$
      00007D 1E               [12] 1023 	dec	r6
      00007E BE FF 01         [24] 1024 	cjne	r6,#0xFF,00133$
      000081 1F               [12] 1025 	dec	r7
      000082                       1026 00133$:
      000082 EC               [12] 1027 	mov	a,r4
      000083 4D               [12] 1028 	orl	a,r5
      000084 4E               [12] 1029 	orl	a,r6
      000085 4F               [12] 1030 	orl	a,r7
      000086 60 03            [24] 1031 	jz	00134$
      000088 02r00r75         [24] 1032 	ljmp	00111$
      00008B                       1033 00134$:
      00008B 02r00r03         [24] 1034 	ljmp	00104$
                                   1035 ;	./source/SimpleBLEPeripheral_Main.c:106: return 0;
      00008E                       1036 00112$:
      00008E 22               [24] 1037 	ret
                                   1038 	.area CSEG    (CODE)
                                   1039 	.area CONST   (CODE)
                                   1040 	.area CABS    (ABS,CODE)
