                                      1 ;--------------------------------------------------------
                                      2 ; File Created by SDCC : free open source ANSI-C Compiler
                                      3 ; Version 3.4.0 #8981 (Apr  5 2014) (Mac OS X i386)
                                      4 ; This file was generated Mon Jun 29 17:16:57 2015
                                      5 ;--------------------------------------------------------
                                      6 	.module BX_ACC
                                      7 	.optsdcc -mmcs51 --model-large
                                      8 	
                                      9 ;--------------------------------------------------------
                                     10 ; Public variables in this module
                                     11 ;--------------------------------------------------------
                                     12 	.globl _accRead_PARM_3
                                     13 	.globl _accRead_PARM_2
                                     14 	.globl _accInit
                                     15 	.globl _accRead
                                     16 ;--------------------------------------------------------
                                     17 ; special function registers
                                     18 ;--------------------------------------------------------
                                     19 	.area RSEG    (ABS,DATA)
      000000                         20 	.org 0x0000
                                     21 ;--------------------------------------------------------
                                     22 ; special function bits
                                     23 ;--------------------------------------------------------
                                     24 	.area RSEG    (ABS,DATA)
      000000                         25 	.org 0x0000
                                     26 ;--------------------------------------------------------
                                     27 ; overlayable register banks
                                     28 ;--------------------------------------------------------
                                     29 	.area REG_BANK_0	(REL,OVR,DATA)
      000000                         30 	.ds 8
                                     31 ;--------------------------------------------------------
                                     32 ; internal ram data
                                     33 ;--------------------------------------------------------
                                     34 	.area DSEG    (DATA)
                                     35 ;--------------------------------------------------------
                                     36 ; overlayable items in internal ram 
                                     37 ;--------------------------------------------------------
                                     38 ;--------------------------------------------------------
                                     39 ; indirectly addressable internal ram data
                                     40 ;--------------------------------------------------------
                                     41 	.area ISEG    (DATA)
                                     42 ;--------------------------------------------------------
                                     43 ; absolute internal ram data
                                     44 ;--------------------------------------------------------
                                     45 	.area IABS    (ABS,DATA)
                                     46 	.area IABS    (ABS,DATA)
                                     47 ;--------------------------------------------------------
                                     48 ; bit data
                                     49 ;--------------------------------------------------------
                                     50 	.area BSEG    (BIT)
                                     51 ;--------------------------------------------------------
                                     52 ; paged external ram data
                                     53 ;--------------------------------------------------------
                                     54 	.area PSEG    (PAG,XDATA)
                                     55 ;--------------------------------------------------------
                                     56 ; external ram data
                                     57 ;--------------------------------------------------------
                                     58 	.area XSEG    (XDATA)
                           000289    59 _flag	=	0x0289
                           000290    60 _ACCx	=	0x0290
                           000294    61 _ACCy	=	0x0294
                           000298    62 _ACCz	=	0x0298
      000000                         63 _accRead_PARM_2:
      000000                         64 	.ds 3
      000003                         65 _accRead_PARM_3:
      000003                         66 	.ds 3
      000006                         67 _accRead_pXVal_1_12:
      000006                         68 	.ds 3
                                     69 ;--------------------------------------------------------
                                     70 ; absolute external ram data
                                     71 ;--------------------------------------------------------
                                     72 	.area XABS    (ABS,XDATA)
                                     73 ;--------------------------------------------------------
                                     74 ; external initialized ram data
                                     75 ;--------------------------------------------------------
                                     76 	.area HOME    (CODE)
                                     77 	.area GSINIT0 (CODE)
                                     78 	.area GSINIT1 (CODE)
                                     79 	.area GSINIT2 (CODE)
                                     80 	.area GSINIT3 (CODE)
                                     81 	.area GSINIT4 (CODE)
                                     82 	.area GSINIT5 (CODE)
                                     83 	.area GSINIT  (CODE)
                                     84 	.area GSFINAL (CODE)
                                     85 	.area CSEG    (CODE)
                                     86 ;--------------------------------------------------------
                                     87 ; global & static initialisations
                                     88 ;--------------------------------------------------------
                                     89 	.area HOME    (CODE)
                                     90 	.area GSINIT  (CODE)
                                     91 	.area GSFINAL (CODE)
                                     92 	.area GSINIT  (CODE)
                                     93 ;--------------------------------------------------------
                                     94 ; Home
                                     95 ;--------------------------------------------------------
                                     96 	.area HOME    (CODE)
                                     97 	.area HOME    (CODE)
                                     98 ;--------------------------------------------------------
                                     99 ; code
                                    100 ;--------------------------------------------------------
                                    101 	.area CSEG    (CODE)
                                    102 ;------------------------------------------------------------
                                    103 ;Allocation info for local variables in function 'accInit'
                                    104 ;------------------------------------------------------------
                                    105 ;	../ACC/BX_ACC.c:16: void accInit(void){
                                    106 ;	-----------------------------------------
                                    107 ;	 function accInit
                                    108 ;	-----------------------------------------
      000000                        109 _accInit:
                           000007   110 	ar7 = 0x07
                           000006   111 	ar6 = 0x06
                           000005   112 	ar5 = 0x05
                           000004   113 	ar4 = 0x04
                           000003   114 	ar3 = 0x03
                           000002   115 	ar2 = 0x02
                           000001   116 	ar1 = 0x01
                           000000   117 	ar0 = 0x00
                                    118 ;	../ACC/BX_ACC.c:19: flag=0xba;
      000000 90 02 89         [24]  119 	mov	dptr,#_flag
      000003 74 BA            [12]  120 	mov	a,#0xBA
      000005 F0               [24]  121 	movx	@dptr,a
      000006                        122 00101$:
      000006 22               [24]  123 	ret
                                    124 ;------------------------------------------------------------
                                    125 ;Allocation info for local variables in function 'accRead'
                                    126 ;------------------------------------------------------------
                                    127 ;pYVal                     Allocated with name '_accRead_PARM_2'
                                    128 ;pZVal                     Allocated with name '_accRead_PARM_3'
                                    129 ;pXVal                     Allocated with name '_accRead_pXVal_1_12'
                                    130 ;------------------------------------------------------------
                                    131 ;	../ACC/BX_ACC.c:25: void accRead(double *pXVal, double *pYVal, double *pZVal){
                                    132 ;	-----------------------------------------
                                    133 ;	 function accRead
                                    134 ;	-----------------------------------------
      000007                        135 _accRead:
      000007 AF F0            [24]  136 	mov	r7,b
      000009 AE 83            [24]  137 	mov	r6,dph
      00000B E5 82            [12]  138 	mov	a,dpl
      00000D 90r00r06         [24]  139 	mov	dptr,#_accRead_pXVal_1_12
      000010 F0               [24]  140 	movx	@dptr,a
      000011 EE               [12]  141 	mov	a,r6
      000012 A3               [24]  142 	inc	dptr
      000013 F0               [24]  143 	movx	@dptr,a
      000014 EF               [12]  144 	mov	a,r7
      000015 A3               [24]  145 	inc	dptr
      000016 F0               [24]  146 	movx	@dptr,a
                                    147 ;	../ACC/BX_ACC.c:29: *pXVal=ACCx;
      000017 90r00r06         [24]  148 	mov	dptr,#_accRead_pXVal_1_12
      00001A E0               [24]  149 	movx	a,@dptr
      00001B FD               [12]  150 	mov	r5,a
      00001C A3               [24]  151 	inc	dptr
      00001D E0               [24]  152 	movx	a,@dptr
      00001E FE               [12]  153 	mov	r6,a
      00001F A3               [24]  154 	inc	dptr
      000020 E0               [24]  155 	movx	a,@dptr
      000021 FF               [12]  156 	mov	r7,a
      000022 90 02 90         [24]  157 	mov	dptr,#_ACCx
      000025 E0               [24]  158 	movx	a,@dptr
      000026 F9               [12]  159 	mov	r1,a
      000027 A3               [24]  160 	inc	dptr
      000028 E0               [24]  161 	movx	a,@dptr
      000029 FA               [12]  162 	mov	r2,a
      00002A A3               [24]  163 	inc	dptr
      00002B E0               [24]  164 	movx	a,@dptr
      00002C FB               [12]  165 	mov	r3,a
      00002D A3               [24]  166 	inc	dptr
      00002E E0               [24]  167 	movx	a,@dptr
      00002F FC               [12]  168 	mov	r4,a
      000030 8D 82            [24]  169 	mov	dpl,r5
      000032 8E 83            [24]  170 	mov	dph,r6
      000034 8F F0            [24]  171 	mov	b,r7
      000036 E9               [12]  172 	mov	a,r1
      000037 12r00r00         [24]  173 	lcall	__gptrput
      00003A A3               [24]  174 	inc	dptr
      00003B EA               [12]  175 	mov	a,r2
      00003C 12r00r00         [24]  176 	lcall	__gptrput
      00003F A3               [24]  177 	inc	dptr
      000040 EB               [12]  178 	mov	a,r3
      000041 12r00r00         [24]  179 	lcall	__gptrput
      000044 A3               [24]  180 	inc	dptr
      000045 EC               [12]  181 	mov	a,r4
      000046 12r00r00         [24]  182 	lcall	__gptrput
                                    183 ;	../ACC/BX_ACC.c:30: *pYVal=ACCy;
      000049 90r00r00         [24]  184 	mov	dptr,#_accRead_PARM_2
      00004C E0               [24]  185 	movx	a,@dptr
      00004D FD               [12]  186 	mov	r5,a
      00004E A3               [24]  187 	inc	dptr
      00004F E0               [24]  188 	movx	a,@dptr
      000050 FE               [12]  189 	mov	r6,a
      000051 A3               [24]  190 	inc	dptr
      000052 E0               [24]  191 	movx	a,@dptr
      000053 FF               [12]  192 	mov	r7,a
      000054 90 02 94         [24]  193 	mov	dptr,#_ACCy
      000057 E0               [24]  194 	movx	a,@dptr
      000058 F9               [12]  195 	mov	r1,a
      000059 A3               [24]  196 	inc	dptr
      00005A E0               [24]  197 	movx	a,@dptr
      00005B FA               [12]  198 	mov	r2,a
      00005C A3               [24]  199 	inc	dptr
      00005D E0               [24]  200 	movx	a,@dptr
      00005E FB               [12]  201 	mov	r3,a
      00005F A3               [24]  202 	inc	dptr
      000060 E0               [24]  203 	movx	a,@dptr
      000061 FC               [12]  204 	mov	r4,a
      000062 8D 82            [24]  205 	mov	dpl,r5
      000064 8E 83            [24]  206 	mov	dph,r6
      000066 8F F0            [24]  207 	mov	b,r7
      000068 E9               [12]  208 	mov	a,r1
      000069 12r00r00         [24]  209 	lcall	__gptrput
      00006C A3               [24]  210 	inc	dptr
      00006D EA               [12]  211 	mov	a,r2
      00006E 12r00r00         [24]  212 	lcall	__gptrput
      000071 A3               [24]  213 	inc	dptr
      000072 EB               [12]  214 	mov	a,r3
      000073 12r00r00         [24]  215 	lcall	__gptrput
      000076 A3               [24]  216 	inc	dptr
      000077 EC               [12]  217 	mov	a,r4
      000078 12r00r00         [24]  218 	lcall	__gptrput
                                    219 ;	../ACC/BX_ACC.c:31: *pZVal=ACCz;
      00007B 90r00r03         [24]  220 	mov	dptr,#_accRead_PARM_3
      00007E E0               [24]  221 	movx	a,@dptr
      00007F FD               [12]  222 	mov	r5,a
      000080 A3               [24]  223 	inc	dptr
      000081 E0               [24]  224 	movx	a,@dptr
      000082 FE               [12]  225 	mov	r6,a
      000083 A3               [24]  226 	inc	dptr
      000084 E0               [24]  227 	movx	a,@dptr
      000085 FF               [12]  228 	mov	r7,a
      000086 90 02 98         [24]  229 	mov	dptr,#_ACCz
      000089 E0               [24]  230 	movx	a,@dptr
      00008A F9               [12]  231 	mov	r1,a
      00008B A3               [24]  232 	inc	dptr
      00008C E0               [24]  233 	movx	a,@dptr
      00008D FA               [12]  234 	mov	r2,a
      00008E A3               [24]  235 	inc	dptr
      00008F E0               [24]  236 	movx	a,@dptr
      000090 FB               [12]  237 	mov	r3,a
      000091 A3               [24]  238 	inc	dptr
      000092 E0               [24]  239 	movx	a,@dptr
      000093 FC               [12]  240 	mov	r4,a
      000094 8D 82            [24]  241 	mov	dpl,r5
      000096 8E 83            [24]  242 	mov	dph,r6
      000098 8F F0            [24]  243 	mov	b,r7
      00009A E9               [12]  244 	mov	a,r1
      00009B 12r00r00         [24]  245 	lcall	__gptrput
      00009E A3               [24]  246 	inc	dptr
      00009F EA               [12]  247 	mov	a,r2
      0000A0 12r00r00         [24]  248 	lcall	__gptrput
      0000A3 A3               [24]  249 	inc	dptr
      0000A4 EB               [12]  250 	mov	a,r3
      0000A5 12r00r00         [24]  251 	lcall	__gptrput
      0000A8 A3               [24]  252 	inc	dptr
      0000A9 EC               [12]  253 	mov	a,r4
      0000AA 12r00r00         [24]  254 	lcall	__gptrput
      0000AD                        255 00101$:
      0000AD 22               [24]  256 	ret
                                    257 	.area CSEG    (CODE)
                                    258 	.area CONST   (CODE)
                                    259 	.area CABS    (ABS,CODE)
