                                      1 ;--------------------------------------------------------
                                      2 ; File Created by SDCC : free open source ANSI-C Compiler
                                      3 ; Version 3.4.0 #8981 (Apr  5 2014) (Mac OS X i386)
                                      4 ; This file was generated Tue Jul  7 17:21:05 2015
                                      5 ;--------------------------------------------------------
                                      6 	.module gapperiphbondmgr
                                      7 	.optsdcc -mmcs51 --model-large
                                      8 	
                                      9 ;--------------------------------------------------------
                                     10 ; Public variables in this module
                                     11 ;--------------------------------------------------------
                                     12 ;--------------------------------------------------------
                                     13 ; special function registers
                                     14 ;--------------------------------------------------------
                                     15 	.area RSEG    (ABS,DATA)
      000000                         16 	.org 0x0000
                                     17 ;--------------------------------------------------------
                                     18 ; special function bits
                                     19 ;--------------------------------------------------------
                                     20 	.area RSEG    (ABS,DATA)
      000000                         21 	.org 0x0000
                                     22 ;--------------------------------------------------------
                                     23 ; overlayable register banks
                                     24 ;--------------------------------------------------------
                                     25 	.area REG_BANK_0	(REL,OVR,DATA)
      000000                         26 	.ds 8
                                     27 ;--------------------------------------------------------
                                     28 ; internal ram data
                                     29 ;--------------------------------------------------------
                                     30 	.area DSEG    (DATA)
                                     31 ;--------------------------------------------------------
                                     32 ; overlayable items in internal ram 
                                     33 ;--------------------------------------------------------
                                     34 ;--------------------------------------------------------
                                     35 ; indirectly addressable internal ram data
                                     36 ;--------------------------------------------------------
                                     37 	.area ISEG    (DATA)
                                     38 ;--------------------------------------------------------
                                     39 ; absolute internal ram data
                                     40 ;--------------------------------------------------------
                                     41 	.area IABS    (ABS,DATA)
                                     42 	.area IABS    (ABS,DATA)
                                     43 ;--------------------------------------------------------
                                     44 ; bit data
                                     45 ;--------------------------------------------------------
                                     46 	.area BSEG    (BIT)
                                     47 ;--------------------------------------------------------
                                     48 ; paged external ram data
                                     49 ;--------------------------------------------------------
                                     50 	.area PSEG    (PAG,XDATA)
                                     51 ;--------------------------------------------------------
                                     52 ; external ram data
                                     53 ;--------------------------------------------------------
                                     54 	.area XSEG    (XDATA)
                                     55 ;--------------------------------------------------------
                                     56 ; absolute external ram data
                                     57 ;--------------------------------------------------------
                                     58 	.area XABS    (ABS,XDATA)
                                     59 ;--------------------------------------------------------
                                     60 ; external initialized ram data
                                     61 ;--------------------------------------------------------
                                     62 	.area HOME    (CODE)
                                     63 	.area GSINIT0 (CODE)
                                     64 	.area GSINIT1 (CODE)
                                     65 	.area GSINIT2 (CODE)
                                     66 	.area GSINIT3 (CODE)
                                     67 	.area GSINIT4 (CODE)
                                     68 	.area GSINIT5 (CODE)
                                     69 	.area GSINIT  (CODE)
                                     70 	.area GSFINAL (CODE)
                                     71 	.area CSEG    (CODE)
                                     72 ;--------------------------------------------------------
                                     73 ; global & static initialisations
                                     74 ;--------------------------------------------------------
                                     75 	.area HOME    (CODE)
                                     76 	.area GSINIT  (CODE)
                                     77 	.area GSFINAL (CODE)
                                     78 	.area GSINIT  (CODE)
                                     79 ;--------------------------------------------------------
                                     80 ; Home
                                     81 ;--------------------------------------------------------
                                     82 	.area HOME    (CODE)
                                     83 	.area HOME    (CODE)
                                     84 ;--------------------------------------------------------
                                     85 ; code
                                     86 ;--------------------------------------------------------
                                     87 	.area CSEG    (CODE)
                                     88 ;------------------------------------------------------------
                                     89 ;Allocation info for local variables in function 'GAPBondMgr_Register'
                                     90 ;------------------------------------------------------------
                                     91 ;pCB                       Allocated with name '_GAPBondMgr_Register_pCB_1_111'
                                     92 ;------------------------------------------------------------
                                     93 ;	../fake_ble_stack/Profiles/Roles/gapperiphbondmgr.c:5: extern void GAPBondMgr_Register( gapBondCBs_t *pCB ){;}
                                     94 ;	-----------------------------------------
                                     95 ;	 function GAPBondMgr_Register
                                     96 ;	-----------------------------------------
      000000                         97 _GAPBondMgr_Register:
                           000007    98 	ar7 = 0x07
                           000006    99 	ar6 = 0x06
                           000005   100 	ar5 = 0x05
                           000004   101 	ar4 = 0x04
                           000003   102 	ar3 = 0x03
                           000002   103 	ar2 = 0x02
                           000001   104 	ar1 = 0x01
                           000000   105 	ar0 = 0x00
      000000                        106 00101$:
      000000 22               [24]  107 	ret
                                    108 	.area CSEG    (CODE)
                                    109 	.area CONST   (CODE)
                                    110 	.area CABS    (ABS,CODE)
